Determining if the pthread_create exist failed with the following output:
Change Dir: /home/andre/DenoisingLidar/Utils/xyz_to_pcd(32)/build/CMakeFiles/CMakeTmp

Run Build Command:"/usr/bin/make" "cmTC_9c0ba/fast"
/usr/bin/make -f CMakeFiles/cmTC_9c0ba.dir/build.make CMakeFiles/cmTC_9c0ba.dir/build
make[1]: Entering directory '/home/andre/DenoisingLidar/Utils/xyz_to_pcd(32)/build/CMakeFiles/CMakeTmp'
Building C object CMakeFiles/cmTC_9c0ba.dir/CheckSymbolExists.c.o
/usr/bin/cc    -o CMakeFiles/cmTC_9c0ba.dir/CheckSymbolExists.c.o   -c "/home/andre/DenoisingLidar/Utils/xyz_to_pcd(32)/build/CMakeFiles/CMakeTmp/CheckSymbolExists.c"
Linking C executable cmTC_9c0ba
/usr/bin/cmake -E cmake_link_script CMakeFiles/cmTC_9c0ba.dir/link.txt --verbose=1
/usr/bin/cc      -rdynamic CMakeFiles/cmTC_9c0ba.dir/CheckSymbolExists.c.o  -o cmTC_9c0ba 
CMakeFiles/cmTC_9c0ba.dir/CheckSymbolExists.c.o: In function `main':
CheckSymbolExists.c:(.text+0x1b): undefined reference to `pthread_create'
collect2: error: ld returned 1 exit status
CMakeFiles/cmTC_9c0ba.dir/build.make:97: recipe for target 'cmTC_9c0ba' failed
make[1]: *** [cmTC_9c0ba] Error 1
make[1]: Leaving directory '/home/andre/DenoisingLidar/Utils/xyz_to_pcd(32)/build/CMakeFiles/CMakeTmp'
Makefile:126: recipe for target 'cmTC_9c0ba/fast' failed
make: *** [cmTC_9c0ba/fast] Error 2

File /home/andre/DenoisingLidar/Utils/xyz_to_pcd(32)/build/CMakeFiles/CMakeTmp/CheckSymbolExists.c:
/* */
#include <pthread.h>

int main(int argc, char** argv)
{
  (void)argv;
#ifndef pthread_create
  return ((int*)(&pthread_create))[argc];
#else
  (void)argc;
  return 0;
#endif
}

Determining if the function pthread_create exists in the pthreads failed with the following output:
Change Dir: /home/andre/DenoisingLidar/Utils/xyz_to_pcd(32)/build/CMakeFiles/CMakeTmp

Run Build Command:"/usr/bin/make" "cmTC_54253/fast"
/usr/bin/make -f CMakeFiles/cmTC_54253.dir/build.make CMakeFiles/cmTC_54253.dir/build
make[1]: Entering directory '/home/andre/DenoisingLidar/Utils/xyz_to_pcd(32)/build/CMakeFiles/CMakeTmp'
Building C object CMakeFiles/cmTC_54253.dir/CheckFunctionExists.c.o
/usr/bin/cc   -DCHECK_FUNCTION_EXISTS=pthread_create   -o CMakeFiles/cmTC_54253.dir/CheckFunctionExists.c.o   -c /usr/share/cmake-3.10/Modules/CheckFunctionExists.c
Linking C executable cmTC_54253
/usr/bin/cmake -E cmake_link_script CMakeFiles/cmTC_54253.dir/link.txt --verbose=1
/usr/bin/cc  -DCHECK_FUNCTION_EXISTS=pthread_create    -rdynamic CMakeFiles/cmTC_54253.dir/CheckFunctionExists.c.o  -o cmTC_54253 -lpthreads 
/usr/bin/ld: cannot find -lpthreads
collect2: error: ld returned 1 exit status
CMakeFiles/cmTC_54253.dir/build.make:97: recipe for target 'cmTC_54253' failed
make[1]: *** [cmTC_54253] Error 1
make[1]: Leaving directory '/home/andre/DenoisingLidar/Utils/xyz_to_pcd(32)/build/CMakeFiles/CMakeTmp'
Makefile:126: recipe for target 'cmTC_54253/fast' failed
make: *** [cmTC_54253/fast] Error 2


