
*** Running vivado
    with args -log design_1_ddr_interface_0_0.vds -m64 -product Vivado -mode batch -messageDb vivado.pb -notrace -source design_1_ddr_interface_0_0.tcl


****** Vivado v2021.1.1 (64-bit)
  **** SW Build 3286242 on Wed Jul 28 13:09:46 MDT 2021
  **** IP Build 3279568 on Wed Jul 28 16:48:48 MDT 2021
    ** Copyright 1986-2021 Xilinx, Inc. All Rights Reserved.

source design_1_ddr_interface_0_0.tcl -notrace
INFO: [IP_Flow 19-234] Refreshing IP repositories
INFO: [IP_Flow 19-1700] Loaded user IP repository '/home/andre/DenoisingLidar/vivado_projects/ip_repo/axi_slave_1.0'.
INFO: [IP_Flow 19-2313] Loaded Vivado IP repository '/home/andre/Vivado/Vivado/2021.1/data/ip'.
Command: synth_design -top design_1_ddr_interface_0_0 -part xczu7ev-ffvc1156-2-e -mode out_of_context
Starting synth_design
Attempting to get a license for feature 'Synthesis' and/or device 'xczu7ev'
INFO: [Common 17-349] Got license for feature 'Synthesis' and/or device 'xczu7ev'
INFO: [Device 21-403] Loading part xczu7ev-ffvc1156-2-e
INFO: [Synth 8-7079] Multithreading enabled for synth_design using a maximum of 4 processes.
INFO: [Synth 8-7078] Launching helper process for spawning children vivado processes
INFO: [Synth 8-7075] Helper process launched with PID 5438
---------------------------------------------------------------------------------
Starting RTL Elaboration : Time (s): cpu = 00:00:03 ; elapsed = 00:00:04 . Memory (MB): peak = 2751.637 ; gain = 47.781 ; free physical = 4650 ; free virtual = 24026
---------------------------------------------------------------------------------
INFO: [Synth 8-6157] synthesizing module 'design_1_ddr_interface_0_0' [/home/andre/DenoisingLidar/vivado_projects/project_ddr_new/project_ddr_new.gen/sources_1/bd/design_1/ip/design_1_ddr_interface_0_0_1/synth/design_1_ddr_interface_0_0.v:58]
INFO: [Synth 8-6157] synthesizing module 'ddr_interface' [/home/andre/DenoisingLidar/vivado_srcs/src_alfa_pd_ddr_v3/ddr_interface_new.v:3]
INFO: [Synth 8-6157] synthesizing module 'Controller' [/home/andre/DenoisingLidar/vivado_srcs/src_alfa_pd_ddr_v3/Controller.v:23]
INFO: [Synth 8-6157] synthesizing module 'validator_core' [/home/andre/DenoisingLidar/vivado_srcs/src_alfa_pd_ddr_v3/validator_core.v:26]
INFO: [Synth 8-6157] synthesizing module 'distance_calculator' [/home/andre/DenoisingLidar/vivado_srcs/src_alfa_pd_ddr_v3/Neighbor_finder.v:23]
INFO: [Synth 8-6157] synthesizing module 'square_root' [/home/andre/DenoisingLidar/vivado_srcs/src_alfa_pd_ddr_v3/square_root.v:23]
INFO: [Synth 8-6155] done synthesizing module 'square_root' (1#1) [/home/andre/DenoisingLidar/vivado_srcs/src_alfa_pd_ddr_v3/square_root.v:23]
INFO: [Synth 8-6155] done synthesizing module 'distance_calculator' (2#1) [/home/andre/DenoisingLidar/vivado_srcs/src_alfa_pd_ddr_v3/Neighbor_finder.v:23]
INFO: [Synth 8-6157] synthesizing module 'distance_calculator__parameterized0' [/home/andre/DenoisingLidar/vivado_srcs/src_alfa_pd_ddr_v3/Neighbor_finder.v:23]
INFO: [Synth 8-6155] done synthesizing module 'distance_calculator__parameterized0' (2#1) [/home/andre/DenoisingLidar/vivado_srcs/src_alfa_pd_ddr_v3/Neighbor_finder.v:23]
INFO: [Synth 8-6155] done synthesizing module 'validator_core' (3#1) [/home/andre/DenoisingLidar/vivado_srcs/src_alfa_pd_ddr_v3/validator_core.v:26]
INFO: [Synth 8-638] synthesizing module 'fifo_generator_0' [/home/andre/DenoisingLidar/vivado_projects/project_ddr_new/project_ddr_new.gen/sources_1/ip/fifo_generator_0/synth/fifo_generator_0.vhd:74]
	Parameter C_COMMON_CLOCK bound to: 1 - type: integer 
	Parameter C_SELECT_XPM bound to: 0 - type: integer 
	Parameter C_COUNT_TYPE bound to: 0 - type: integer 
	Parameter C_DATA_COUNT_WIDTH bound to: 14 - type: integer 
	Parameter C_DEFAULT_VALUE bound to: BlankString - type: string 
	Parameter C_DIN_WIDTH bound to: 16 - type: integer 
	Parameter C_DOUT_RST_VAL bound to: 0 - type: string 
	Parameter C_DOUT_WIDTH bound to: 16 - type: integer 
	Parameter C_ENABLE_RLOCS bound to: 0 - type: integer 
	Parameter C_FAMILY bound to: zynquplus - type: string 
	Parameter C_FULL_FLAGS_RST_VAL bound to: 0 - type: integer 
	Parameter C_HAS_ALMOST_EMPTY bound to: 0 - type: integer 
	Parameter C_HAS_ALMOST_FULL bound to: 0 - type: integer 
	Parameter C_HAS_BACKUP bound to: 0 - type: integer 
	Parameter C_HAS_DATA_COUNT bound to: 0 - type: integer 
	Parameter C_HAS_INT_CLK bound to: 0 - type: integer 
	Parameter C_HAS_MEMINIT_FILE bound to: 0 - type: integer 
	Parameter C_HAS_OVERFLOW bound to: 0 - type: integer 
	Parameter C_HAS_RD_DATA_COUNT bound to: 0 - type: integer 
	Parameter C_HAS_RD_RST bound to: 0 - type: integer 
	Parameter C_HAS_RST bound to: 0 - type: integer 
	Parameter C_HAS_SRST bound to: 1 - type: integer 
	Parameter C_HAS_UNDERFLOW bound to: 0 - type: integer 
	Parameter C_HAS_VALID bound to: 0 - type: integer 
	Parameter C_HAS_WR_ACK bound to: 0 - type: integer 
	Parameter C_HAS_WR_DATA_COUNT bound to: 0 - type: integer 
	Parameter C_HAS_WR_RST bound to: 0 - type: integer 
	Parameter C_IMPLEMENTATION_TYPE bound to: 6 - type: integer 
	Parameter C_INIT_WR_PNTR_VAL bound to: 0 - type: integer 
	Parameter C_MEMORY_TYPE bound to: 4 - type: integer 
	Parameter C_MIF_FILE_NAME bound to: BlankString - type: string 
	Parameter C_OPTIMIZATION_MODE bound to: 0 - type: integer 
	Parameter C_OVERFLOW_LOW bound to: 0 - type: integer 
	Parameter C_PRELOAD_LATENCY bound to: 2 - type: integer 
	Parameter C_PRELOAD_REGS bound to: 1 - type: integer 
	Parameter C_PRIM_FIFO_TYPE bound to: 2kx18 - type: string 
	Parameter C_PROG_EMPTY_THRESH_ASSERT_VAL bound to: 2 - type: integer 
	Parameter C_PROG_EMPTY_THRESH_NEGATE_VAL bound to: 3 - type: integer 
	Parameter C_PROG_EMPTY_TYPE bound to: 0 - type: integer 
	Parameter C_PROG_FULL_THRESH_ASSERT_VAL bound to: 16376 - type: integer 
	Parameter C_PROG_FULL_THRESH_NEGATE_VAL bound to: 16375 - type: integer 
	Parameter C_PROG_FULL_TYPE bound to: 0 - type: integer 
	Parameter C_RD_DATA_COUNT_WIDTH bound to: 14 - type: integer 
	Parameter C_RD_DEPTH bound to: 16384 - type: integer 
	Parameter C_RD_FREQ bound to: 1 - type: integer 
	Parameter C_RD_PNTR_WIDTH bound to: 14 - type: integer 
	Parameter C_UNDERFLOW_LOW bound to: 0 - type: integer 
	Parameter C_USE_DOUT_RST bound to: 1 - type: integer 
	Parameter C_USE_ECC bound to: 0 - type: integer 
	Parameter C_USE_EMBEDDED_REG bound to: 1 - type: integer 
	Parameter C_USE_PIPELINE_REG bound to: 0 - type: integer 
	Parameter C_POWER_SAVING_MODE bound to: 0 - type: integer 
	Parameter C_USE_FIFO16_FLAGS bound to: 0 - type: integer 
	Parameter C_USE_FWFT_DATA_COUNT bound to: 0 - type: integer 
	Parameter C_VALID_LOW bound to: 0 - type: integer 
	Parameter C_WR_ACK_LOW bound to: 0 - type: integer 
	Parameter C_WR_DATA_COUNT_WIDTH bound to: 14 - type: integer 
	Parameter C_WR_DEPTH bound to: 16384 - type: integer 
	Parameter C_WR_FREQ bound to: 1 - type: integer 
	Parameter C_WR_PNTR_WIDTH bound to: 14 - type: integer 
	Parameter C_WR_RESPONSE_LATENCY bound to: 1 - type: integer 
	Parameter C_MSGON_VAL bound to: 1 - type: integer 
	Parameter C_ENABLE_RST_SYNC bound to: 1 - type: integer 
	Parameter C_EN_SAFETY_CKT bound to: 0 - type: integer 
	Parameter C_ERROR_INJECTION_TYPE bound to: 0 - type: integer 
	Parameter C_SYNCHRONIZER_STAGE bound to: 2 - type: integer 
	Parameter C_INTERFACE_TYPE bound to: 0 - type: integer 
	Parameter C_AXI_TYPE bound to: 1 - type: integer 
	Parameter C_HAS_AXI_WR_CHANNEL bound to: 1 - type: integer 
	Parameter C_HAS_AXI_RD_CHANNEL bound to: 1 - type: integer 
	Parameter C_HAS_SLAVE_CE bound to: 0 - type: integer 
	Parameter C_HAS_MASTER_CE bound to: 0 - type: integer 
	Parameter C_ADD_NGC_CONSTRAINT bound to: 0 - type: integer 
	Parameter C_USE_COMMON_OVERFLOW bound to: 0 - type: integer 
	Parameter C_USE_COMMON_UNDERFLOW bound to: 0 - type: integer 
	Parameter C_USE_DEFAULT_SETTINGS bound to: 0 - type: integer 
	Parameter C_AXI_ID_WIDTH bound to: 1 - type: integer 
	Parameter C_AXI_ADDR_WIDTH bound to: 32 - type: integer 
	Parameter C_AXI_DATA_WIDTH bound to: 64 - type: integer 
	Parameter C_AXI_LEN_WIDTH bound to: 8 - type: integer 
	Parameter C_AXI_LOCK_WIDTH bound to: 1 - type: integer 
	Parameter C_HAS_AXI_ID bound to: 0 - type: integer 
	Parameter C_HAS_AXI_AWUSER bound to: 0 - type: integer 
	Parameter C_HAS_AXI_WUSER bound to: 0 - type: integer 
	Parameter C_HAS_AXI_BUSER bound to: 0 - type: integer 
	Parameter C_HAS_AXI_ARUSER bound to: 0 - type: integer 
	Parameter C_HAS_AXI_RUSER bound to: 0 - type: integer 
	Parameter C_AXI_ARUSER_WIDTH bound to: 1 - type: integer 
	Parameter C_AXI_AWUSER_WIDTH bound to: 1 - type: integer 
	Parameter C_AXI_WUSER_WIDTH bound to: 1 - type: integer 
	Parameter C_AXI_BUSER_WIDTH bound to: 1 - type: integer 
	Parameter C_AXI_RUSER_WIDTH bound to: 1 - type: integer 
	Parameter C_HAS_AXIS_TDATA bound to: 1 - type: integer 
	Parameter C_HAS_AXIS_TID bound to: 0 - type: integer 
	Parameter C_HAS_AXIS_TDEST bound to: 0 - type: integer 
	Parameter C_HAS_AXIS_TUSER bound to: 1 - type: integer 
	Parameter C_HAS_AXIS_TREADY bound to: 1 - type: integer 
	Parameter C_HAS_AXIS_TLAST bound to: 0 - type: integer 
	Parameter C_HAS_AXIS_TSTRB bound to: 0 - type: integer 
	Parameter C_HAS_AXIS_TKEEP bound to: 0 - type: integer 
	Parameter C_AXIS_TDATA_WIDTH bound to: 8 - type: integer 
	Parameter C_AXIS_TID_WIDTH bound to: 1 - type: integer 
	Parameter C_AXIS_TDEST_WIDTH bound to: 1 - type: integer 
	Parameter C_AXIS_TUSER_WIDTH bound to: 4 - type: integer 
	Parameter C_AXIS_TSTRB_WIDTH bound to: 1 - type: integer 
	Parameter C_AXIS_TKEEP_WIDTH bound to: 1 - type: integer 
	Parameter C_WACH_TYPE bound to: 0 - type: integer 
	Parameter C_WDCH_TYPE bound to: 0 - type: integer 
	Parameter C_WRCH_TYPE bound to: 0 - type: integer 
	Parameter C_RACH_TYPE bound to: 0 - type: integer 
	Parameter C_RDCH_TYPE bound to: 0 - type: integer 
	Parameter C_AXIS_TYPE bound to: 0 - type: integer 
	Parameter C_IMPLEMENTATION_TYPE_WACH bound to: 1 - type: integer 
	Parameter C_IMPLEMENTATION_TYPE_WDCH bound to: 1 - type: integer 
	Parameter C_IMPLEMENTATION_TYPE_WRCH bound to: 1 - type: integer 
	Parameter C_IMPLEMENTATION_TYPE_RACH bound to: 1 - type: integer 
	Parameter C_IMPLEMENTATION_TYPE_RDCH bound to: 1 - type: integer 
	Parameter C_IMPLEMENTATION_TYPE_AXIS bound to: 1 - type: integer 
	Parameter C_APPLICATION_TYPE_WACH bound to: 0 - type: integer 
	Parameter C_APPLICATION_TYPE_WDCH bound to: 0 - type: integer 
	Parameter C_APPLICATION_TYPE_WRCH bound to: 0 - type: integer 
	Parameter C_APPLICATION_TYPE_RACH bound to: 0 - type: integer 
	Parameter C_APPLICATION_TYPE_RDCH bound to: 0 - type: integer 
	Parameter C_APPLICATION_TYPE_AXIS bound to: 0 - type: integer 
	Parameter C_PRIM_FIFO_TYPE_WACH bound to: 512x36 - type: string 
	Parameter C_PRIM_FIFO_TYPE_WDCH bound to: 512x72 - type: string 
	Parameter C_PRIM_FIFO_TYPE_WRCH bound to: 512x36 - type: string 
	Parameter C_PRIM_FIFO_TYPE_RACH bound to: 512x36 - type: string 
	Parameter C_PRIM_FIFO_TYPE_RDCH bound to: 512x72 - type: string 
	Parameter C_PRIM_FIFO_TYPE_AXIS bound to: 1kx18 - type: string 
	Parameter C_USE_ECC_WACH bound to: 0 - type: integer 
	Parameter C_USE_ECC_WDCH bound to: 0 - type: integer 
	Parameter C_USE_ECC_WRCH bound to: 0 - type: integer 
	Parameter C_USE_ECC_RACH bound to: 0 - type: integer 
	Parameter C_USE_ECC_RDCH bound to: 0 - type: integer 
	Parameter C_USE_ECC_AXIS bound to: 0 - type: integer 
	Parameter C_ERROR_INJECTION_TYPE_WACH bound to: 0 - type: integer 
	Parameter C_ERROR_INJECTION_TYPE_WDCH bound to: 0 - type: integer 
	Parameter C_ERROR_INJECTION_TYPE_WRCH bound to: 0 - type: integer 
	Parameter C_ERROR_INJECTION_TYPE_RACH bound to: 0 - type: integer 
	Parameter C_ERROR_INJECTION_TYPE_RDCH bound to: 0 - type: integer 
	Parameter C_ERROR_INJECTION_TYPE_AXIS bound to: 0 - type: integer 
	Parameter C_DIN_WIDTH_WACH bound to: 1 - type: integer 
	Parameter C_DIN_WIDTH_WDCH bound to: 64 - type: integer 
	Parameter C_DIN_WIDTH_WRCH bound to: 2 - type: integer 
	Parameter C_DIN_WIDTH_RACH bound to: 32 - type: integer 
	Parameter C_DIN_WIDTH_RDCH bound to: 64 - type: integer 
	Parameter C_DIN_WIDTH_AXIS bound to: 1 - type: integer 
	Parameter C_WR_DEPTH_WACH bound to: 16 - type: integer 
	Parameter C_WR_DEPTH_WDCH bound to: 1024 - type: integer 
	Parameter C_WR_DEPTH_WRCH bound to: 16 - type: integer 
	Parameter C_WR_DEPTH_RACH bound to: 16 - type: integer 
	Parameter C_WR_DEPTH_RDCH bound to: 1024 - type: integer 
	Parameter C_WR_DEPTH_AXIS bound to: 1024 - type: integer 
	Parameter C_WR_PNTR_WIDTH_WACH bound to: 4 - type: integer 
	Parameter C_WR_PNTR_WIDTH_WDCH bound to: 10 - type: integer 
	Parameter C_WR_PNTR_WIDTH_WRCH bound to: 4 - type: integer 
	Parameter C_WR_PNTR_WIDTH_RACH bound to: 4 - type: integer 
	Parameter C_WR_PNTR_WIDTH_RDCH bound to: 10 - type: integer 
	Parameter C_WR_PNTR_WIDTH_AXIS bound to: 10 - type: integer 
	Parameter C_HAS_DATA_COUNTS_WACH bound to: 0 - type: integer 
	Parameter C_HAS_DATA_COUNTS_WDCH bound to: 0 - type: integer 
	Parameter C_HAS_DATA_COUNTS_WRCH bound to: 0 - type: integer 
	Parameter C_HAS_DATA_COUNTS_RACH bound to: 0 - type: integer 
	Parameter C_HAS_DATA_COUNTS_RDCH bound to: 0 - type: integer 
	Parameter C_HAS_DATA_COUNTS_AXIS bound to: 0 - type: integer 
	Parameter C_HAS_PROG_FLAGS_WACH bound to: 0 - type: integer 
	Parameter C_HAS_PROG_FLAGS_WDCH bound to: 0 - type: integer 
	Parameter C_HAS_PROG_FLAGS_WRCH bound to: 0 - type: integer 
	Parameter C_HAS_PROG_FLAGS_RACH bound to: 0 - type: integer 
	Parameter C_HAS_PROG_FLAGS_RDCH bound to: 0 - type: integer 
	Parameter C_HAS_PROG_FLAGS_AXIS bound to: 0 - type: integer 
	Parameter C_PROG_FULL_TYPE_WACH bound to: 0 - type: integer 
	Parameter C_PROG_FULL_TYPE_WDCH bound to: 0 - type: integer 
	Parameter C_PROG_FULL_TYPE_WRCH bound to: 0 - type: integer 
	Parameter C_PROG_FULL_TYPE_RACH bound to: 0 - type: integer 
	Parameter C_PROG_FULL_TYPE_RDCH bound to: 0 - type: integer 
	Parameter C_PROG_FULL_TYPE_AXIS bound to: 0 - type: integer 
	Parameter C_PROG_FULL_THRESH_ASSERT_VAL_WACH bound to: 1023 - type: integer 
	Parameter C_PROG_FULL_THRESH_ASSERT_VAL_WDCH bound to: 1023 - type: integer 
	Parameter C_PROG_FULL_THRESH_ASSERT_VAL_WRCH bound to: 1023 - type: integer 
	Parameter C_PROG_FULL_THRESH_ASSERT_VAL_RACH bound to: 1023 - type: integer 
	Parameter C_PROG_FULL_THRESH_ASSERT_VAL_RDCH bound to: 1023 - type: integer 
	Parameter C_PROG_FULL_THRESH_ASSERT_VAL_AXIS bound to: 1023 - type: integer 
	Parameter C_PROG_EMPTY_TYPE_WACH bound to: 0 - type: integer 
	Parameter C_PROG_EMPTY_TYPE_WDCH bound to: 0 - type: integer 
	Parameter C_PROG_EMPTY_TYPE_WRCH bound to: 0 - type: integer 
	Parameter C_PROG_EMPTY_TYPE_RACH bound to: 0 - type: integer 
	Parameter C_PROG_EMPTY_TYPE_RDCH bound to: 0 - type: integer 
	Parameter C_PROG_EMPTY_TYPE_AXIS bound to: 0 - type: integer 
	Parameter C_PROG_EMPTY_THRESH_ASSERT_VAL_WACH bound to: 1022 - type: integer 
	Parameter C_PROG_EMPTY_THRESH_ASSERT_VAL_WDCH bound to: 1022 - type: integer 
	Parameter C_PROG_EMPTY_THRESH_ASSERT_VAL_WRCH bound to: 1022 - type: integer 
	Parameter C_PROG_EMPTY_THRESH_ASSERT_VAL_RACH bound to: 1022 - type: integer 
	Parameter C_PROG_EMPTY_THRESH_ASSERT_VAL_RDCH bound to: 1022 - type: integer 
	Parameter C_PROG_EMPTY_THRESH_ASSERT_VAL_AXIS bound to: 1022 - type: integer 
	Parameter C_REG_SLICE_MODE_WACH bound to: 0 - type: integer 
	Parameter C_REG_SLICE_MODE_WDCH bound to: 0 - type: integer 
	Parameter C_REG_SLICE_MODE_WRCH bound to: 0 - type: integer 
	Parameter C_REG_SLICE_MODE_RACH bound to: 0 - type: integer 
	Parameter C_REG_SLICE_MODE_RDCH bound to: 0 - type: integer 
	Parameter C_REG_SLICE_MODE_AXIS bound to: 0 - type: integer 
INFO: [Synth 8-3491] module 'fifo_generator_v13_2_5' declared at '/home/andre/DenoisingLidar/vivado_projects/project_ddr_new/project_ddr_new.gen/sources_1/ip/fifo_generator_0/hdl/fifo_generator_v13_2_vhsyn_rfs.vhd:38604' bound to instance 'U0' of component 'fifo_generator_v13_2_5' [/home/andre/DenoisingLidar/vivado_projects/project_ddr_new/project_ddr_new.gen/sources_1/ip/fifo_generator_0/synth/fifo_generator_0.vhd:542]
INFO: [Synth 8-256] done synthesizing module 'fifo_generator_0' (13#1) [/home/andre/DenoisingLidar/vivado_projects/project_ddr_new/project_ddr_new.gen/sources_1/ip/fifo_generator_0/synth/fifo_generator_0.vhd:74]
WARNING: [Synth 8-7071] port 'wr_rst_busy' of module 'fifo_generator_0' is unconnected for instance 'my_fifo' [/home/andre/DenoisingLidar/vivado_srcs/src_alfa_pd_ddr_v3/Controller.v:209]
WARNING: [Synth 8-7071] port 'rd_rst_busy' of module 'fifo_generator_0' is unconnected for instance 'my_fifo' [/home/andre/DenoisingLidar/vivado_srcs/src_alfa_pd_ddr_v3/Controller.v:209]
WARNING: [Synth 8-7023] instance 'my_fifo' of module 'fifo_generator_0' has 10 connections declared, but only 8 given [/home/andre/DenoisingLidar/vivado_srcs/src_alfa_pd_ddr_v3/Controller.v:209]
INFO: [Synth 8-6157] synthesizing module 'Feeder' [/home/andre/DenoisingLidar/vivado_srcs/src_alfa_pd_ddr_v3/Feeder.v:23]
INFO: [Synth 8-6155] done synthesizing module 'Feeder' (14#1) [/home/andre/DenoisingLidar/vivado_srcs/src_alfa_pd_ddr_v3/Feeder.v:23]
INFO: [Synth 8-6155] done synthesizing module 'Controller' (15#1) [/home/andre/DenoisingLidar/vivado_srcs/src_alfa_pd_ddr_v3/Controller.v:23]
WARNING: [Synth 8-689] width (16) of port connection 'point_pos' does not match port width (32) of module 'Controller' [/home/andre/DenoisingLidar/vivado_srcs/src_alfa_pd_ddr_v3/ddr_interface_new.v:685]
INFO: [Synth 8-6155] done synthesizing module 'ddr_interface' (16#1) [/home/andre/DenoisingLidar/vivado_srcs/src_alfa_pd_ddr_v3/ddr_interface_new.v:3]
INFO: [Synth 8-6155] done synthesizing module 'design_1_ddr_interface_0_0' (17#1) [/home/andre/DenoisingLidar/vivado_projects/project_ddr_new/project_ddr_new.gen/sources_1/bd/design_1/ip/design_1_ddr_interface_0_0_1/synth/design_1_ddr_interface_0_0.v:58]
---------------------------------------------------------------------------------
Finished RTL Elaboration : Time (s): cpu = 00:00:12 ; elapsed = 00:00:13 . Memory (MB): peak = 3155.145 ; gain = 451.289 ; free physical = 5271 ; free virtual = 24659
---------------------------------------------------------------------------------
---------------------------------------------------------------------------------
Start Handling Custom Attributes
---------------------------------------------------------------------------------
---------------------------------------------------------------------------------
Finished Handling Custom Attributes : Time (s): cpu = 00:00:17 ; elapsed = 00:00:18 . Memory (MB): peak = 3169.988 ; gain = 466.133 ; free physical = 5328 ; free virtual = 24717
---------------------------------------------------------------------------------
---------------------------------------------------------------------------------
Finished RTL Optimization Phase 1 : Time (s): cpu = 00:00:17 ; elapsed = 00:00:18 . Memory (MB): peak = 3169.988 ; gain = 466.133 ; free physical = 5328 ; free virtual = 24717
---------------------------------------------------------------------------------
Netlist sorting complete. Time (s): cpu = 00:00:00.95 ; elapsed = 00:00:00.97 . Memory (MB): peak = 3169.988 ; gain = 0.000 ; free physical = 5268 ; free virtual = 24657
INFO: [Project 1-570] Preparing netlist for logic optimization

Processing XDC Constraints
Initializing timing engine
Parsing XDC File [/home/andre/DenoisingLidar/vivado_projects/project_ddr_new/project_ddr_new.gen/sources_1/bd/design_1/ip/design_1_ddr_interface_0_0_1/design_1_ddr_interface_0_0_ooc.xdc] for cell 'inst'
Finished Parsing XDC File [/home/andre/DenoisingLidar/vivado_projects/project_ddr_new/project_ddr_new.gen/sources_1/bd/design_1/ip/design_1_ddr_interface_0_0_1/design_1_ddr_interface_0_0_ooc.xdc] for cell 'inst'
Parsing XDC File [/home/andre/DenoisingLidar/vivado_projects/project_ddr_new/project_ddr_new.gen/sources_1/ip/fifo_generator_0/fifo_generator_0.xdc] for cell 'inst/m_controller/my_fifo/U0'
Finished Parsing XDC File [/home/andre/DenoisingLidar/vivado_projects/project_ddr_new/project_ddr_new.gen/sources_1/ip/fifo_generator_0/fifo_generator_0.xdc] for cell 'inst/m_controller/my_fifo/U0'
Parsing XDC File [/home/andre/DenoisingLidar/vivado_projects/project_ddr_new/project_ddr_new.runs/design_1_ddr_interface_0_0_synth_1/dont_touch.xdc]
Finished Parsing XDC File [/home/andre/DenoisingLidar/vivado_projects/project_ddr_new/project_ddr_new.runs/design_1_ddr_interface_0_0_synth_1/dont_touch.xdc]
INFO: [Project 1-236] Implementation specific constraints were found while reading constraint file [/home/andre/DenoisingLidar/vivado_projects/project_ddr_new/project_ddr_new.runs/design_1_ddr_interface_0_0_synth_1/dont_touch.xdc]. These constraints will be ignored for synthesis but will be used in implementation. Impacted constraints are listed in the file [.Xil/design_1_ddr_interface_0_0_propImpl.xdc].
Resolution: To avoid this warning, move constraints listed in [.Xil/design_1_ddr_interface_0_0_propImpl.xdc] to another XDC file and exclude this new file from synthesis with the used_in_synthesis property (File Properties dialog in GUI) and re-run elaboration/synthesis.
Completed Processing XDC Constraints

Netlist sorting complete. Time (s): cpu = 00:00:00 ; elapsed = 00:00:00 . Memory (MB): peak = 3358.801 ; gain = 0.000 ; free physical = 5047 ; free virtual = 24448
INFO: [Project 1-111] Unisim Transformation Summary:
No Unisim elements were transformed.

Constraint Validation Runtime : Time (s): cpu = 00:00:00.32 ; elapsed = 00:00:00.16 . Memory (MB): peak = 3358.801 ; gain = 0.000 ; free physical = 5042 ; free virtual = 24443
---------------------------------------------------------------------------------
Finished Constraint Validation : Time (s): cpu = 00:00:35 ; elapsed = 00:00:34 . Memory (MB): peak = 3358.801 ; gain = 654.945 ; free physical = 5316 ; free virtual = 24718
---------------------------------------------------------------------------------
---------------------------------------------------------------------------------
Start Loading Part and Timing Information
---------------------------------------------------------------------------------
Loading part: xczu7ev-ffvc1156-2-e
INFO: [Synth 8-6742] Reading net delay rules and data
---------------------------------------------------------------------------------
Finished RTL Optimization Phase 2 : Time (s): cpu = 00:01:31 ; elapsed = 00:01:33 . Memory (MB): peak = 3358.801 ; gain = 654.945 ; free physical = 265 ; free virtual = 19382
---------------------------------------------------------------------------------
---------------------------------------------------------------------------------
Start RTL Component Statistics 
---------------------------------------------------------------------------------
Detailed RTL Component Info : 
+---Adders : 
	  16 Input  256 Bit       Adders := 4     
	   3 Input   33 Bit       Adders := 1     
	   2 Input   32 Bit       Adders := 34    
	   3 Input   32 Bit       Adders := 17    
	   2 Input   28 Bit       Adders := 3     
	   2 Input   18 Bit       Adders := 32    
	   3 Input   18 Bit       Adders := 480   
	   2 Input   17 Bit       Adders := 3     
	   3 Input   16 Bit       Adders := 80    
	   2 Input   16 Bit       Adders := 150   
	   2 Input   12 Bit       Adders := 1     
	   2 Input   11 Bit       Adders := 1     
	   2 Input   10 Bit       Adders := 2     
	   2 Input    9 Bit       Adders := 2     
	   2 Input    8 Bit       Adders := 3     
	   3 Input    8 Bit       Adders := 1     
	   2 Input    7 Bit       Adders := 1     
	   2 Input    6 Bit       Adders := 1     
	   2 Input    5 Bit       Adders := 1     
	   2 Input    4 Bit       Adders := 1     
	   2 Input    3 Bit       Adders := 1     
	   2 Input    2 Bit       Adders := 1     
+---Registers : 
	              256 Bit    Registers := 4     
	               64 Bit    Registers := 1     
	               32 Bit    Registers := 36    
	               28 Bit    Registers := 1     
	               16 Bit    Registers := 412   
	                9 Bit    Registers := 1     
	                7 Bit    Registers := 2     
	                2 Bit    Registers := 1     
	                1 Bit    Registers := 59    
+---Muxes : 
	   2 Input  256 Bit        Muxes := 12    
	   2 Input  240 Bit        Muxes := 4     
	   2 Input  224 Bit        Muxes := 4     
	   2 Input  208 Bit        Muxes := 4     
	   2 Input  192 Bit        Muxes := 4     
	   2 Input  176 Bit        Muxes := 4     
	   2 Input  160 Bit        Muxes := 4     
	   2 Input  144 Bit        Muxes := 4     
	   2 Input  128 Bit        Muxes := 4     
	   2 Input  112 Bit        Muxes := 4     
	   2 Input   96 Bit        Muxes := 4     
	   2 Input   80 Bit        Muxes := 4     
	   2 Input   64 Bit        Muxes := 4     
	   2 Input   48 Bit        Muxes := 4     
	   2 Input   32 Bit        Muxes := 5     
	   2 Input   28 Bit        Muxes := 3     
	   2 Input   18 Bit        Muxes := 480   
	   2 Input   16 Bit        Muxes := 1267  
	4096 Input   16 Bit        Muxes := 4     
	2048 Input   16 Bit        Muxes := 4     
	1024 Input   16 Bit        Muxes := 4     
	  16 Input   16 Bit        Muxes := 20    
	   4 Input   16 Bit        Muxes := 12    
	   2 Input    8 Bit        Muxes := 2     
	   2 Input    7 Bit        Muxes := 2     
	   8 Input    7 Bit        Muxes := 1     
	 512 Input    4 Bit        Muxes := 4     
	 256 Input    4 Bit        Muxes := 4     
	 128 Input    4 Bit        Muxes := 4     
	  64 Input    4 Bit        Muxes := 4     
	  32 Input    4 Bit        Muxes := 4     
	   3 Input    3 Bit        Muxes := 1     
	   2 Input    3 Bit        Muxes := 2     
	   3 Input    2 Bit        Muxes := 2     
	   2 Input    2 Bit        Muxes := 9     
	   2 Input    1 Bit        Muxes := 1024  
	  16 Input    1 Bit        Muxes := 3     
	  24 Input    1 Bit        Muxes := 1     
	  23 Input    1 Bit        Muxes := 1     
	  22 Input    1 Bit        Muxes := 1     
	  21 Input    1 Bit        Muxes := 1     
	  20 Input    1 Bit        Muxes := 1     
	  19 Input    1 Bit        Muxes := 1     
	  18 Input    1 Bit        Muxes := 1     
	  25 Input    1 Bit        Muxes := 1     
	  15 Input    1 Bit        Muxes := 1     
	  14 Input    1 Bit        Muxes := 1     
	  13 Input    1 Bit        Muxes := 1     
	  12 Input    1 Bit        Muxes := 1     
	  11 Input    1 Bit        Muxes := 1     
	  10 Input    1 Bit        Muxes := 1     
	   8 Input    1 Bit        Muxes := 10    
	  26 Input    1 Bit        Muxes := 1     
	   7 Input    1 Bit        Muxes := 1     
	   6 Input    1 Bit        Muxes := 1     
	   4 Input    1 Bit        Muxes := 2     
	  27 Input    1 Bit        Muxes := 1     
	  28 Input    1 Bit        Muxes := 1     
	  29 Input    1 Bit        Muxes := 1     
	  30 Input    1 Bit        Muxes := 1     
	  31 Input    1 Bit        Muxes := 1     
	  32 Input    1 Bit        Muxes := 2     
	   3 Input    1 Bit        Muxes := 2     
---------------------------------------------------------------------------------
Finished RTL Component Statistics 
---------------------------------------------------------------------------------
---------------------------------------------------------------------------------
Start Part Resource Summary
---------------------------------------------------------------------------------
Part Resources:
DSPs: 1728 (col length:144)
BRAMs: 624 (col length: RAMB18 144 RAMB36 72)
---------------------------------------------------------------------------------
Finished Part Resource Summary
---------------------------------------------------------------------------------
---------------------------------------------------------------------------------
Start Cross Boundary and Area Optimization
---------------------------------------------------------------------------------
DSP Report: Generating DSP genblk1[0].calculate_distance/num_in1, operation Mode is: A*B.
DSP Report: operator genblk1[0].calculate_distance/num_in1 is absorbed into DSP genblk1[0].calculate_distance/num_in1.
DSP Report: Generating DSP genblk1[0].calculate_distance/num_in0, operation Mode is: PCIN+A*B.
DSP Report: operator genblk1[0].calculate_distance/num_in0 is absorbed into DSP genblk1[0].calculate_distance/num_in0.
DSP Report: operator genblk1[0].calculate_distance/num_in2 is absorbed into DSP genblk1[0].calculate_distance/num_in0.
DSP Report: Generating DSP genblk1[0].calculate_distance/num_in_reg, operation Mode is: (PCIN+A*B)'.
DSP Report: register genblk1[0].calculate_distance/num_in_reg is absorbed into DSP genblk1[0].calculate_distance/num_in_reg.
DSP Report: operator genblk1[0].calculate_distance/num_in0 is absorbed into DSP genblk1[0].calculate_distance/num_in_reg.
DSP Report: operator genblk1[0].calculate_distance/num_in2 is absorbed into DSP genblk1[0].calculate_distance/num_in_reg.
DSP Report: Generating DSP point_distance/num_in1, operation Mode is: A*B.
DSP Report: operator point_distance/num_in1 is absorbed into DSP point_distance/num_in1.
DSP Report: Generating DSP point_distance/num_in_reg, operation Mode is: (PCIN+A*B)'.
DSP Report: register point_distance/num_in_reg is absorbed into DSP point_distance/num_in_reg.
DSP Report: operator point_distance/num_in0 is absorbed into DSP point_distance/num_in_reg.
DSP Report: operator point_distance/num_in1 is absorbed into DSP point_distance/num_in_reg.
WARNING: [Synth 8-3917] design Controller__GCB0 has port P[3] driven by constant 0
WARNING: [Synth 8-3917] design Controller__GCB0 has port P[2] driven by constant 0
WARNING: [Synth 8-3917] design Controller__GCB0 has port P[1] driven by constant 0
WARNING: [Synth 8-3917] design Controller__GCB0 has port P[0] driven by constant 0
WARNING: [Synth 8-3917] design Controller__GCB0 has port O1[3] driven by constant 0
WARNING: [Synth 8-3917] design Controller__GCB0 has port O1[2] driven by constant 0
WARNING: [Synth 8-3917] design Controller__GCB0 has port O1[1] driven by constant 0
WARNING: [Synth 8-3917] design Controller__GCB0 has port O1[0] driven by constant 0
WARNING: [Synth 8-3917] design Controller__GCB0 has port O10[3] driven by constant 0
WARNING: [Synth 8-3917] design Controller__GCB0 has port O10[2] driven by constant 0
WARNING: [Synth 8-3917] design Controller__GCB0 has port O10[1] driven by constant 0
WARNING: [Synth 8-3917] design Controller__GCB0 has port O10[0] driven by constant 0
WARNING: [Synth 8-7129] Port data_count[13] in module fifo_generator_v13_2_5 is either unconnected or has no load
WARNING: [Synth 8-7129] Port data_count[12] in module fifo_generator_v13_2_5 is either unconnected or has no load
WARNING: [Synth 8-7129] Port data_count[11] in module fifo_generator_v13_2_5 is either unconnected or has no load
WARNING: [Synth 8-7129] Port data_count[10] in module fifo_generator_v13_2_5 is either unconnected or has no load
WARNING: [Synth 8-7129] Port data_count[9] in module fifo_generator_v13_2_5 is either unconnected or has no load
WARNING: [Synth 8-7129] Port data_count[8] in module fifo_generator_v13_2_5 is either unconnected or has no load
WARNING: [Synth 8-7129] Port data_count[7] in module fifo_generator_v13_2_5 is either unconnected or has no load
WARNING: [Synth 8-7129] Port data_count[6] in module fifo_generator_v13_2_5 is either unconnected or has no load
WARNING: [Synth 8-7129] Port data_count[5] in module fifo_generator_v13_2_5 is either unconnected or has no load
WARNING: [Synth 8-7129] Port data_count[4] in module fifo_generator_v13_2_5 is either unconnected or has no load
WARNING: [Synth 8-7129] Port data_count[3] in module fifo_generator_v13_2_5 is either unconnected or has no load
WARNING: [Synth 8-7129] Port data_count[2] in module fifo_generator_v13_2_5 is either unconnected or has no load
WARNING: [Synth 8-7129] Port data_count[1] in module fifo_generator_v13_2_5 is either unconnected or has no load
WARNING: [Synth 8-7129] Port data_count[0] in module fifo_generator_v13_2_5 is either unconnected or has no load
WARNING: [Synth 8-7129] Port backup in module fifo_generator_v13_2_5 is either unconnected or has no load
WARNING: [Synth 8-7129] Port backup_marker in module fifo_generator_v13_2_5 is either unconnected or has no load
WARNING: [Synth 8-7129] Port rst in module fifo_generator_v13_2_5 is either unconnected or has no load
WARNING: [Synth 8-7129] Port wr_clk in module fifo_generator_v13_2_5 is either unconnected or has no load
WARNING: [Synth 8-7129] Port wr_rst in module fifo_generator_v13_2_5 is either unconnected or has no load
WARNING: [Synth 8-7129] Port rd_clk in module fifo_generator_v13_2_5 is either unconnected or has no load
WARNING: [Synth 8-7129] Port rd_rst in module fifo_generator_v13_2_5 is either unconnected or has no load
WARNING: [Synth 8-7129] Port prog_empty_thresh[13] in module fifo_generator_v13_2_5 is either unconnected or has no load
WARNING: [Synth 8-7129] Port prog_empty_thresh[12] in module fifo_generator_v13_2_5 is either unconnected or has no load
WARNING: [Synth 8-7129] Port prog_empty_thresh[11] in module fifo_generator_v13_2_5 is either unconnected or has no load
WARNING: [Synth 8-7129] Port prog_empty_thresh[10] in module fifo_generator_v13_2_5 is either unconnected or has no load
WARNING: [Synth 8-7129] Port prog_empty_thresh[9] in module fifo_generator_v13_2_5 is either unconnected or has no load
WARNING: [Synth 8-7129] Port prog_empty_thresh[8] in module fifo_generator_v13_2_5 is either unconnected or has no load
WARNING: [Synth 8-7129] Port prog_empty_thresh[7] in module fifo_generator_v13_2_5 is either unconnected or has no load
WARNING: [Synth 8-7129] Port prog_empty_thresh[6] in module fifo_generator_v13_2_5 is either unconnected or has no load
WARNING: [Synth 8-7129] Port prog_empty_thresh[5] in module fifo_generator_v13_2_5 is either unconnected or has no load
WARNING: [Synth 8-7129] Port prog_empty_thresh[4] in module fifo_generator_v13_2_5 is either unconnected or has no load
WARNING: [Synth 8-7129] Port prog_empty_thresh[3] in module fifo_generator_v13_2_5 is either unconnected or has no load
WARNING: [Synth 8-7129] Port prog_empty_thresh[2] in module fifo_generator_v13_2_5 is either unconnected or has no load
WARNING: [Synth 8-7129] Port prog_empty_thresh[1] in module fifo_generator_v13_2_5 is either unconnected or has no load
WARNING: [Synth 8-7129] Port prog_empty_thresh[0] in module fifo_generator_v13_2_5 is either unconnected or has no load
WARNING: [Synth 8-7129] Port prog_empty_thresh_assert[13] in module fifo_generator_v13_2_5 is either unconnected or has no load
WARNING: [Synth 8-7129] Port prog_empty_thresh_assert[12] in module fifo_generator_v13_2_5 is either unconnected or has no load
WARNING: [Synth 8-7129] Port prog_empty_thresh_assert[11] in module fifo_generator_v13_2_5 is either unconnected or has no load
WARNING: [Synth 8-7129] Port prog_empty_thresh_assert[10] in module fifo_generator_v13_2_5 is either unconnected or has no load
WARNING: [Synth 8-7129] Port prog_empty_thresh_assert[9] in module fifo_generator_v13_2_5 is either unconnected or has no load
WARNING: [Synth 8-7129] Port prog_empty_thresh_assert[8] in module fifo_generator_v13_2_5 is either unconnected or has no load
WARNING: [Synth 8-7129] Port prog_empty_thresh_assert[7] in module fifo_generator_v13_2_5 is either unconnected or has no load
WARNING: [Synth 8-7129] Port prog_empty_thresh_assert[6] in module fifo_generator_v13_2_5 is either unconnected or has no load
WARNING: [Synth 8-7129] Port prog_empty_thresh_assert[5] in module fifo_generator_v13_2_5 is either unconnected or has no load
WARNING: [Synth 8-7129] Port prog_empty_thresh_assert[4] in module fifo_generator_v13_2_5 is either unconnected or has no load
WARNING: [Synth 8-7129] Port prog_empty_thresh_assert[3] in module fifo_generator_v13_2_5 is either unconnected or has no load
WARNING: [Synth 8-7129] Port prog_empty_thresh_assert[2] in module fifo_generator_v13_2_5 is either unconnected or has no load
WARNING: [Synth 8-7129] Port prog_empty_thresh_assert[1] in module fifo_generator_v13_2_5 is either unconnected or has no load
WARNING: [Synth 8-7129] Port prog_empty_thresh_assert[0] in module fifo_generator_v13_2_5 is either unconnected or has no load
WARNING: [Synth 8-7129] Port prog_empty_thresh_negate[13] in module fifo_generator_v13_2_5 is either unconnected or has no load
WARNING: [Synth 8-7129] Port prog_empty_thresh_negate[12] in module fifo_generator_v13_2_5 is either unconnected or has no load
WARNING: [Synth 8-7129] Port prog_empty_thresh_negate[11] in module fifo_generator_v13_2_5 is either unconnected or has no load
WARNING: [Synth 8-7129] Port prog_empty_thresh_negate[10] in module fifo_generator_v13_2_5 is either unconnected or has no load
WARNING: [Synth 8-7129] Port prog_empty_thresh_negate[9] in module fifo_generator_v13_2_5 is either unconnected or has no load
WARNING: [Synth 8-7129] Port prog_empty_thresh_negate[8] in module fifo_generator_v13_2_5 is either unconnected or has no load
WARNING: [Synth 8-7129] Port prog_empty_thresh_negate[7] in module fifo_generator_v13_2_5 is either unconnected or has no load
WARNING: [Synth 8-7129] Port prog_empty_thresh_negate[6] in module fifo_generator_v13_2_5 is either unconnected or has no load
WARNING: [Synth 8-7129] Port prog_empty_thresh_negate[5] in module fifo_generator_v13_2_5 is either unconnected or has no load
WARNING: [Synth 8-7129] Port prog_empty_thresh_negate[4] in module fifo_generator_v13_2_5 is either unconnected or has no load
WARNING: [Synth 8-7129] Port prog_empty_thresh_negate[3] in module fifo_generator_v13_2_5 is either unconnected or has no load
WARNING: [Synth 8-7129] Port prog_empty_thresh_negate[2] in module fifo_generator_v13_2_5 is either unconnected or has no load
WARNING: [Synth 8-7129] Port prog_empty_thresh_negate[1] in module fifo_generator_v13_2_5 is either unconnected or has no load
WARNING: [Synth 8-7129] Port prog_empty_thresh_negate[0] in module fifo_generator_v13_2_5 is either unconnected or has no load
WARNING: [Synth 8-7129] Port prog_full_thresh[13] in module fifo_generator_v13_2_5 is either unconnected or has no load
WARNING: [Synth 8-7129] Port prog_full_thresh[12] in module fifo_generator_v13_2_5 is either unconnected or has no load
WARNING: [Synth 8-7129] Port prog_full_thresh[11] in module fifo_generator_v13_2_5 is either unconnected or has no load
WARNING: [Synth 8-7129] Port prog_full_thresh[10] in module fifo_generator_v13_2_5 is either unconnected or has no load
WARNING: [Synth 8-7129] Port prog_full_thresh[9] in module fifo_generator_v13_2_5 is either unconnected or has no load
WARNING: [Synth 8-7129] Port prog_full_thresh[8] in module fifo_generator_v13_2_5 is either unconnected or has no load
WARNING: [Synth 8-7129] Port prog_full_thresh[7] in module fifo_generator_v13_2_5 is either unconnected or has no load
WARNING: [Synth 8-7129] Port prog_full_thresh[6] in module fifo_generator_v13_2_5 is either unconnected or has no load
WARNING: [Synth 8-7129] Port prog_full_thresh[5] in module fifo_generator_v13_2_5 is either unconnected or has no load
WARNING: [Synth 8-7129] Port prog_full_thresh[4] in module fifo_generator_v13_2_5 is either unconnected or has no load
WARNING: [Synth 8-7129] Port prog_full_thresh[3] in module fifo_generator_v13_2_5 is either unconnected or has no load
WARNING: [Synth 8-7129] Port prog_full_thresh[2] in module fifo_generator_v13_2_5 is either unconnected or has no load
WARNING: [Synth 8-7129] Port prog_full_thresh[1] in module fifo_generator_v13_2_5 is either unconnected or has no load
WARNING: [Synth 8-7129] Port prog_full_thresh[0] in module fifo_generator_v13_2_5 is either unconnected or has no load
WARNING: [Synth 8-7129] Port prog_full_thresh_assert[13] in module fifo_generator_v13_2_5 is either unconnected or has no load
WARNING: [Synth 8-7129] Port prog_full_thresh_assert[12] in module fifo_generator_v13_2_5 is either unconnected or has no load
WARNING: [Synth 8-7129] Port prog_full_thresh_assert[11] in module fifo_generator_v13_2_5 is either unconnected or has no load
WARNING: [Synth 8-7129] Port prog_full_thresh_assert[10] in module fifo_generator_v13_2_5 is either unconnected or has no load
WARNING: [Synth 8-7129] Port prog_full_thresh_assert[9] in module fifo_generator_v13_2_5 is either unconnected or has no load
WARNING: [Synth 8-7129] Port prog_full_thresh_assert[8] in module fifo_generator_v13_2_5 is either unconnected or has no load
WARNING: [Synth 8-7129] Port prog_full_thresh_assert[7] in module fifo_generator_v13_2_5 is either unconnected or has no load
WARNING: [Synth 8-7129] Port prog_full_thresh_assert[6] in module fifo_generator_v13_2_5 is either unconnected or has no load
WARNING: [Synth 8-7129] Port prog_full_thresh_assert[5] in module fifo_generator_v13_2_5 is either unconnected or has no load
WARNING: [Synth 8-7129] Port prog_full_thresh_assert[4] in module fifo_generator_v13_2_5 is either unconnected or has no load
WARNING: [Synth 8-7129] Port prog_full_thresh_assert[3] in module fifo_generator_v13_2_5 is either unconnected or has no load
WARNING: [Synth 8-7129] Port prog_full_thresh_assert[2] in module fifo_generator_v13_2_5 is either unconnected or has no load
WARNING: [Synth 8-7129] Port prog_full_thresh_assert[1] in module fifo_generator_v13_2_5 is either unconnected or has no load
WARNING: [Synth 8-7129] Port prog_full_thresh_assert[0] in module fifo_generator_v13_2_5 is either unconnected or has no load
WARNING: [Synth 8-7129] Port prog_full_thresh_negate[13] in module fifo_generator_v13_2_5 is either unconnected or has no load
WARNING: [Synth 8-7129] Port prog_full_thresh_negate[12] in module fifo_generator_v13_2_5 is either unconnected or has no load
WARNING: [Synth 8-7129] Port prog_full_thresh_negate[11] in module fifo_generator_v13_2_5 is either unconnected or has no load
WARNING: [Synth 8-7129] Port prog_full_thresh_negate[10] in module fifo_generator_v13_2_5 is either unconnected or has no load
WARNING: [Synth 8-7129] Port prog_full_thresh_negate[9] in module fifo_generator_v13_2_5 is either unconnected or has no load
WARNING: [Synth 8-7129] Port prog_full_thresh_negate[8] in module fifo_generator_v13_2_5 is either unconnected or has no load
WARNING: [Synth 8-7129] Port prog_full_thresh_negate[7] in module fifo_generator_v13_2_5 is either unconnected or has no load
WARNING: [Synth 8-7129] Port prog_full_thresh_negate[6] in module fifo_generator_v13_2_5 is either unconnected or has no load
WARNING: [Synth 8-7129] Port prog_full_thresh_negate[5] in module fifo_generator_v13_2_5 is either unconnected or has no load
INFO: [Common 17-14] Message 'Synth 8-7129' appears 100 times and further instances of the messages will be disabled. Use the Tcl command set_msg_config to change the current settings.
INFO: [Common 17-14] Message 'Synth 8-7129' appears 100 times and further instances of the messages will be disabled. Use the Tcl command set_msg_config to change the current settings.
INFO: [Synth 8-4471] merging register 'update_cycle_reg[15:0]' into 'update_cycle_reg[15:0]' [/home/andre/DenoisingLidar/vivado_srcs/src_alfa_pd_ddr_v3/ddr_interface_new.v:135]
WARNING: [Synth 8-3917] design ddr_interface__GCB2 has port P[4] driven by constant 0
WARNING: [Synth 8-3917] design ddr_interface__GCB2 has port P[3] driven by constant 0
WARNING: [Synth 8-3917] design ddr_interface__GCB2 has port P[2] driven by constant 0
WARNING: [Synth 8-3917] design ddr_interface__GCB2 has port P[1] driven by constant 0
WARNING: [Synth 8-3917] design ddr_interface__GCB2 has port P[0] driven by constant 0
INFO: [Synth 8-3886] merging instance 'next_state_reg[0]' (FDRE) to 'next_state_reg[2]'
INFO: [Synth 8-3886] merging instance 'next_state_reg[3]' (FDRE) to 'next_state_reg[4]'
INFO: [Synth 8-3886] merging instance 'next_state_reg[4]' (FDRE) to 'next_state_reg[5]'
INFO: [Synth 8-3886] merging instance 'next_state_reg[5]' (FDRE) to 'next_state_reg[6]'
INFO: [Synth 8-3333] propagating constant 0 across sequential element (\next_state_reg[6] )
INFO: [Synth 8-3333] propagating constant 0 across sequential element (restart_axi_cache_reg)
INFO: [Synth 8-3886] merging instance 'state_reg[3]' (FDRE) to 'state_reg[6]'
INFO: [Synth 8-3886] merging instance 'state_reg[4]' (FDRE) to 'state_reg[6]'
INFO: [Synth 8-3886] merging instance 'state_reg[5]' (FDRE) to 'state_reg[6]'
INFO: [Synth 8-3333] propagating constant 0 across sequential element (\state_reg[6] )
INFO: [Synth 8-3886] merging instance 'o_write_address_reg[0]' (FDRE) to 'o_write_address_reg[23]'
INFO: [Synth 8-3886] merging instance 'o_write_address_reg[1]' (FDRE) to 'o_write_address_reg[23]'
INFO: [Synth 8-3886] merging instance 'o_write_address_reg[2]' (FDRE) to 'o_write_address_reg[23]'
INFO: [Synth 8-3886] merging instance 'o_write_address_reg[19]' (FDRE) to 'o_write_address_reg[23]'
INFO: [Synth 8-3886] merging instance 'o_write_address_reg[20]' (FDRE) to 'o_write_address_reg[23]'
INFO: [Synth 8-3886] merging instance 'o_write_address_reg[21]' (FDRE) to 'o_write_address_reg[23]'
INFO: [Synth 8-3886] merging instance 'o_write_address_reg[22]' (FDRE) to 'o_write_address_reg[23]'
INFO: [Synth 8-3333] propagating constant 0 across sequential element (\o_write_address_reg[23] )
INFO: [Synth 8-3886] merging instance 'o_write_address_reg[24]' (FDRE) to 'o_write_address_reg[27]'
INFO: [Synth 8-3886] merging instance 'o_write_address_reg[25]' (FDRE) to 'o_write_address_reg[27]'
INFO: [Synth 8-3886] merging instance 'o_write_address_reg[26]' (FDRE) to 'o_write_address_reg[27]'
INFO: [Synth 8-3886] merging instance 'o_write_payload_reg[0]' (FDRE) to 'o_write_payload_reg[63]'
INFO: [Synth 8-3886] merging instance 'o_write_payload_reg[1]' (FDRE) to 'o_write_payload_reg[63]'
INFO: [Synth 8-3886] merging instance 'o_write_payload_reg[2]' (FDRE) to 'o_write_payload_reg[63]'
INFO: [Synth 8-3886] merging instance 'o_write_payload_reg[3]' (FDRE) to 'o_write_payload_reg[63]'
INFO: [Synth 8-3886] merging instance 'o_write_payload_reg[4]' (FDRE) to 'o_write_payload_reg[63]'
INFO: [Synth 8-3886] merging instance 'o_write_payload_reg[5]' (FDRE) to 'o_write_payload_reg[63]'
INFO: [Synth 8-3886] merging instance 'o_write_payload_reg[6]' (FDRE) to 'o_write_payload_reg[63]'
INFO: [Synth 8-3886] merging instance 'o_write_payload_reg[7]' (FDRE) to 'o_write_payload_reg[63]'
INFO: [Synth 8-3886] merging instance 'o_write_payload_reg[8]' (FDRE) to 'o_write_payload_reg[63]'
INFO: [Synth 8-3886] merging instance 'o_write_payload_reg[9]' (FDRE) to 'o_write_payload_reg[63]'
INFO: [Synth 8-3886] merging instance 'o_write_payload_reg[10]' (FDRE) to 'o_write_payload_reg[63]'
INFO: [Synth 8-3886] merging instance 'o_write_payload_reg[11]' (FDRE) to 'o_write_payload_reg[63]'
INFO: [Synth 8-3886] merging instance 'o_write_payload_reg[12]' (FDRE) to 'o_write_payload_reg[63]'
INFO: [Synth 8-3886] merging instance 'o_write_payload_reg[13]' (FDRE) to 'o_write_payload_reg[63]'
INFO: [Synth 8-3886] merging instance 'o_write_payload_reg[14]' (FDRE) to 'o_write_payload_reg[63]'
INFO: [Synth 8-3886] merging instance 'o_write_payload_reg[15]' (FDRE) to 'o_write_payload_reg[63]'
INFO: [Synth 8-3886] merging instance 'o_write_payload_reg[16]' (FDRE) to 'o_write_payload_reg[63]'
INFO: [Synth 8-3886] merging instance 'o_write_payload_reg[17]' (FDRE) to 'o_write_payload_reg[63]'
INFO: [Synth 8-3886] merging instance 'o_write_payload_reg[18]' (FDRE) to 'o_write_payload_reg[63]'
INFO: [Synth 8-3886] merging instance 'o_write_payload_reg[19]' (FDRE) to 'o_write_payload_reg[63]'
INFO: [Synth 8-3886] merging instance 'o_write_payload_reg[20]' (FDRE) to 'o_write_payload_reg[63]'
INFO: [Synth 8-3886] merging instance 'o_write_payload_reg[21]' (FDRE) to 'o_write_payload_reg[63]'
INFO: [Synth 8-3886] merging instance 'o_write_payload_reg[22]' (FDRE) to 'o_write_payload_reg[63]'
INFO: [Synth 8-3886] merging instance 'o_write_payload_reg[23]' (FDRE) to 'o_write_payload_reg[63]'
INFO: [Synth 8-3886] merging instance 'o_write_payload_reg[24]' (FDRE) to 'o_write_payload_reg[63]'
INFO: [Synth 8-3886] merging instance 'o_write_payload_reg[25]' (FDRE) to 'o_write_payload_reg[63]'
INFO: [Synth 8-3886] merging instance 'o_write_payload_reg[26]' (FDRE) to 'o_write_payload_reg[63]'
INFO: [Synth 8-3886] merging instance 'o_write_payload_reg[27]' (FDRE) to 'o_write_payload_reg[63]'
INFO: [Synth 8-3886] merging instance 'o_write_payload_reg[28]' (FDRE) to 'o_write_payload_reg[63]'
INFO: [Synth 8-3886] merging instance 'o_write_payload_reg[29]' (FDRE) to 'o_write_payload_reg[63]'
INFO: [Synth 8-3886] merging instance 'o_write_payload_reg[30]' (FDRE) to 'o_write_payload_reg[63]'
INFO: [Synth 8-3886] merging instance 'o_write_payload_reg[31]' (FDRE) to 'o_write_payload_reg[63]'
INFO: [Synth 8-3886] merging instance 'o_write_payload_reg[32]' (FDRE) to 'o_write_payload_reg[63]'
INFO: [Synth 8-3886] merging instance 'o_write_payload_reg[33]' (FDRE) to 'o_write_payload_reg[63]'
INFO: [Synth 8-3886] merging instance 'o_write_payload_reg[34]' (FDRE) to 'o_write_payload_reg[63]'
INFO: [Synth 8-3886] merging instance 'o_write_payload_reg[35]' (FDRE) to 'o_write_payload_reg[63]'
INFO: [Synth 8-3886] merging instance 'o_write_payload_reg[36]' (FDRE) to 'o_write_payload_reg[63]'
INFO: [Synth 8-3886] merging instance 'o_write_payload_reg[37]' (FDRE) to 'o_write_payload_reg[63]'
INFO: [Synth 8-3886] merging instance 'o_write_payload_reg[38]' (FDRE) to 'o_write_payload_reg[63]'
INFO: [Synth 8-3886] merging instance 'o_write_payload_reg[39]' (FDRE) to 'o_write_payload_reg[63]'
INFO: [Synth 8-3886] merging instance 'o_write_payload_reg[40]' (FDRE) to 'o_write_payload_reg[63]'
INFO: [Synth 8-3886] merging instance 'o_write_payload_reg[41]' (FDRE) to 'o_write_payload_reg[63]'
INFO: [Synth 8-3886] merging instance 'o_write_payload_reg[42]' (FDRE) to 'o_write_payload_reg[63]'
INFO: [Synth 8-3886] merging instance 'o_write_payload_reg[43]' (FDRE) to 'o_write_payload_reg[63]'
INFO: [Synth 8-3886] merging instance 'o_write_payload_reg[44]' (FDRE) to 'o_write_payload_reg[63]'
INFO: [Synth 8-3886] merging instance 'o_write_payload_reg[45]' (FDRE) to 'o_write_payload_reg[63]'
INFO: [Synth 8-3886] merging instance 'o_write_payload_reg[46]' (FDRE) to 'o_write_payload_reg[63]'
INFO: [Synth 8-3886] merging instance 'o_write_payload_reg[47]' (FDRE) to 'o_write_payload_reg[63]'
INFO: [Synth 8-3886] merging instance 'o_write_payload_reg[48]' (FDRE) to 'o_write_payload_reg[63]'
INFO: [Synth 8-3886] merging instance 'o_write_payload_reg[49]' (FDRE) to 'o_write_payload_reg[63]'
INFO: [Synth 8-3886] merging instance 'o_write_payload_reg[50]' (FDRE) to 'o_write_payload_reg[63]'
INFO: [Synth 8-3886] merging instance 'o_write_payload_reg[51]' (FDRE) to 'o_write_payload_reg[63]'
INFO: [Synth 8-3886] merging instance 'o_write_payload_reg[52]' (FDRE) to 'o_write_payload_reg[63]'
INFO: [Synth 8-3886] merging instance 'o_write_payload_reg[53]' (FDRE) to 'o_write_payload_reg[63]'
INFO: [Synth 8-3886] merging instance 'o_write_payload_reg[54]' (FDRE) to 'o_write_payload_reg[63]'
INFO: [Synth 8-3886] merging instance 'o_write_payload_reg[55]' (FDRE) to 'o_write_payload_reg[63]'
INFO: [Synth 8-3886] merging instance 'o_write_payload_reg[56]' (FDRE) to 'o_write_payload_reg[63]'
INFO: [Synth 8-3886] merging instance 'o_write_payload_reg[57]' (FDRE) to 'o_write_payload_reg[63]'
INFO: [Synth 8-3886] merging instance 'o_write_payload_reg[58]' (FDRE) to 'o_write_payload_reg[63]'
INFO: [Synth 8-3886] merging instance 'o_write_payload_reg[59]' (FDRE) to 'o_write_payload_reg[63]'
INFO: [Synth 8-3886] merging instance 'o_write_payload_reg[60]' (FDRE) to 'o_write_payload_reg[63]'
INFO: [Synth 8-3886] merging instance 'o_write_payload_reg[61]' (FDRE) to 'o_write_payload_reg[63]'
INFO: [Synth 8-3886] merging instance 'o_write_payload_reg[62]' (FDRE) to 'o_write_payload_reg[63]'
INFO: [Synth 8-3333] propagating constant 0 across sequential element (\o_write_payload_reg[63] )
INFO: [Synth 8-3886] merging instance 'o_readAdress_reg[28]' (FDRE) to 'o_readAdress_reg[31]'
INFO: [Synth 8-3886] merging instance 'o_readAdress_reg[29]' (FDRE) to 'o_readAdress_reg[31]'
INFO: [Synth 8-3886] merging instance 'o_readAdress_reg[30]' (FDRE) to 'o_readAdress_reg[31]'
INFO: [Synth 8-3333] propagating constant 0 across sequential element (\o_readAdress_reg[31] )
---------------------------------------------------------------------------------
Finished Cross Boundary and Area Optimization : Time (s): cpu = 00:02:07 ; elapsed = 00:02:12 . Memory (MB): peak = 3358.801 ; gain = 654.945 ; free physical = 707 ; free virtual = 19180
---------------------------------------------------------------------------------
---------------------------------------------------------------------------------
Start ROM, RAM, DSP, Shift Register and Retiming Reporting
---------------------------------------------------------------------------------

DSP: Preliminary Mapping Report (see note below)
+--------------------+-------------+--------+--------+--------+--------+--------+------+------+------+------+-------+------+------+
|Module Name         | DSP Mapping | A Size | B Size | C Size | D Size | P Size | AREG | BREG | CREG | DREG | ADREG | MREG | PREG | 
+--------------------+-------------+--------+--------+--------+--------+--------+------+------+------+------+-------+------+------+
|distance_calculator | A*B         | 16     | 16     | -      | -      | 32     | 0    | 0    | -    | -    | -     | 0    | 0    | 
|distance_calculator | PCIN+A*B    | 16     | 16     | -      | -      | 32     | 0    | 0    | -    | -    | -     | 0    | 0    | 
|distance_calculator | (PCIN+A*B)' | 16     | 16     | -      | -      | 32     | 0    | 0    | -    | -    | -     | 0    | 1    | 
|distance_calculator | A*B         | 16     | 16     | -      | -      | 32     | 0    | 0    | -    | -    | -     | 0    | 0    | 
|distance_calculator | (PCIN+A*B)' | 16     | 16     | -      | -      | 32     | 0    | 0    | -    | -    | -     | 0    | 1    | 
+--------------------+-------------+--------+--------+--------+--------+--------+------+------+------+------+-------+------+------+

Note: The table above is a preliminary report that shows the DSPs inferred at the current stage of the synthesis flow. Some DSP may be reimplemented as non DSP primitives later in the synthesis flow. Multiple instantiated DSPs are reported only once.
---------------------------------------------------------------------------------
Finished ROM, RAM, DSP, Shift Register and Retiming Reporting
---------------------------------------------------------------------------------
---------------------------------------------------------------------------------
Start Applying XDC Timing Constraints
---------------------------------------------------------------------------------
---------------------------------------------------------------------------------
Finished Applying XDC Timing Constraints : Time (s): cpu = 00:02:17 ; elapsed = 00:02:23 . Memory (MB): peak = 3519.301 ; gain = 815.445 ; free physical = 181 ; free virtual = 18629
---------------------------------------------------------------------------------
---------------------------------------------------------------------------------
Start Timing Optimization
---------------------------------------------------------------------------------
---------------------------------------------------------------------------------
Finished Timing Optimization : Time (s): cpu = 00:02:24 ; elapsed = 00:02:30 . Memory (MB): peak = 3577.332 ; gain = 873.477 ; free physical = 173 ; free virtual = 18579
---------------------------------------------------------------------------------
---------------------------------------------------------------------------------
Start Technology Mapping
---------------------------------------------------------------------------------
---------------------------------------------------------------------------------
Finished Technology Mapping : Time (s): cpu = 00:02:42 ; elapsed = 00:02:49 . Memory (MB): peak = 3612.375 ; gain = 908.520 ; free physical = 321 ; free virtual = 17939
---------------------------------------------------------------------------------
---------------------------------------------------------------------------------
Start IO Insertion
---------------------------------------------------------------------------------
---------------------------------------------------------------------------------
Start Flattening Before IO Insertion
---------------------------------------------------------------------------------
---------------------------------------------------------------------------------
Finished Flattening Before IO Insertion
---------------------------------------------------------------------------------
---------------------------------------------------------------------------------
Start Final Netlist Cleanup
---------------------------------------------------------------------------------
---------------------------------------------------------------------------------
Finished Final Netlist Cleanup
---------------------------------------------------------------------------------
---------------------------------------------------------------------------------
Finished IO Insertion : Time (s): cpu = 00:02:49 ; elapsed = 00:02:56 . Memory (MB): peak = 3633.070 ; gain = 929.215 ; free physical = 296 ; free virtual = 17943
---------------------------------------------------------------------------------
---------------------------------------------------------------------------------
Start Renaming Generated Instances
---------------------------------------------------------------------------------
---------------------------------------------------------------------------------
Finished Renaming Generated Instances : Time (s): cpu = 00:02:49 ; elapsed = 00:02:56 . Memory (MB): peak = 3633.070 ; gain = 929.215 ; free physical = 296 ; free virtual = 17943
---------------------------------------------------------------------------------
---------------------------------------------------------------------------------
Start Rebuilding User Hierarchy
---------------------------------------------------------------------------------
---------------------------------------------------------------------------------
Finished Rebuilding User Hierarchy : Time (s): cpu = 00:02:56 ; elapsed = 00:03:03 . Memory (MB): peak = 3633.070 ; gain = 929.215 ; free physical = 277 ; free virtual = 17925
---------------------------------------------------------------------------------
---------------------------------------------------------------------------------
Start Renaming Generated Ports
---------------------------------------------------------------------------------
---------------------------------------------------------------------------------
Finished Renaming Generated Ports : Time (s): cpu = 00:02:56 ; elapsed = 00:03:03 . Memory (MB): peak = 3633.070 ; gain = 929.215 ; free physical = 277 ; free virtual = 17925
---------------------------------------------------------------------------------
---------------------------------------------------------------------------------
Start Handling Custom Attributes
---------------------------------------------------------------------------------
---------------------------------------------------------------------------------
Finished Handling Custom Attributes : Time (s): cpu = 00:02:57 ; elapsed = 00:03:04 . Memory (MB): peak = 3633.070 ; gain = 929.215 ; free physical = 277 ; free virtual = 17925
---------------------------------------------------------------------------------
---------------------------------------------------------------------------------
Start Renaming Generated Nets
---------------------------------------------------------------------------------
---------------------------------------------------------------------------------
Finished Renaming Generated Nets : Time (s): cpu = 00:02:57 ; elapsed = 00:03:04 . Memory (MB): peak = 3633.070 ; gain = 929.215 ; free physical = 277 ; free virtual = 17925
---------------------------------------------------------------------------------
---------------------------------------------------------------------------------
Start Writing Synthesis Report
---------------------------------------------------------------------------------

Report BlackBoxes: 
+-+--------------+----------+
| |BlackBox name |Instances |
+-+--------------+----------+
+-+--------------+----------+

Report Cell Usage: 
+------+----------------+------+
|      |Cell            |Count |
+------+----------------+------+
|1     |CARRY8          |  2136|
|2     |DSP_ALU         |    80|
|3     |DSP_A_B_DATA    |    80|
|4     |DSP_C_DATA      |    80|
|5     |DSP_MULTIPLIER  |    80|
|6     |DSP_M_DATA      |    80|
|7     |DSP_OUTPUT      |    80|
|9     |DSP_PREADD      |    80|
|10    |DSP_PREADD_DATA |    80|
|11    |FIFO36E2        |     8|
|14    |LUT1            |  1988|
|15    |LUT2            |  5367|
|16    |LUT3            | 11723|
|17    |LUT4            |  2416|
|18    |LUT5            |  1998|
|19    |LUT6            |  8793|
|20    |MUXF7           |  1339|
|21    |MUXF8           |   368|
|22    |FDRE            |  7761|
|23    |FDSE            |    26|
+------+----------------+------+
---------------------------------------------------------------------------------
Finished Writing Synthesis Report : Time (s): cpu = 00:02:57 ; elapsed = 00:03:04 . Memory (MB): peak = 3633.070 ; gain = 929.215 ; free physical = 277 ; free virtual = 17925
---------------------------------------------------------------------------------
Synthesis finished with 0 errors, 0 critical warnings and 117 warnings.
Synthesis Optimization Runtime : Time (s): cpu = 00:02:47 ; elapsed = 00:02:58 . Memory (MB): peak = 3636.980 ; gain = 744.312 ; free physical = 6638 ; free virtual = 24296
Synthesis Optimization Complete : Time (s): cpu = 00:03:02 ; elapsed = 00:03:10 . Memory (MB): peak = 3636.980 ; gain = 933.125 ; free physical = 6641 ; free virtual = 24295
INFO: [Project 1-571] Translating synthesized netlist
Netlist sorting complete. Time (s): cpu = 00:00:00.32 ; elapsed = 00:00:00.31 . Memory (MB): peak = 3636.980 ; gain = 0.000 ; free physical = 6596 ; free virtual = 24252
INFO: [Netlist 29-17] Analyzing 3923 Unisim elements for replacement
INFO: [Netlist 29-28] Unisim Transformation completed in 0 CPU seconds
INFO: [Project 1-570] Preparing netlist for logic optimization
INFO: [Opt 31-138] Pushed 0 inverter(s) to 0 load pin(s).
Netlist sorting complete. Time (s): cpu = 00:00:00 ; elapsed = 00:00:00 . Memory (MB): peak = 3769.445 ; gain = 0.000 ; free physical = 6509 ; free virtual = 24169
INFO: [Project 1-111] Unisim Transformation Summary:
  A total of 80 instances were transformed.
  DSP48E2 => DSP48E2 (DSP_ALU, DSP_A_B_DATA, DSP_C_DATA, DSP_MULTIPLIER, DSP_M_DATA, DSP_OUTPUT, DSP_PREADD, DSP_PREADD_DATA): 80 instances

Synth Design complete, checksum: 180e29f4
INFO: [Common 17-83] Releasing license: Synthesis
130 Infos, 121 Warnings, 0 Critical Warnings and 0 Errors encountered.
synth_design completed successfully
synth_design: Time (s): cpu = 00:03:14 ; elapsed = 00:03:22 . Memory (MB): peak = 3769.445 ; gain = 1307.590 ; free physical = 6740 ; free virtual = 24400
INFO: [Coretcl 2-1174] Renamed 97 cell refs.
INFO: [Common 17-1381] The checkpoint '/home/andre/DenoisingLidar/vivado_projects/project_ddr_new/project_ddr_new.runs/design_1_ddr_interface_0_0_synth_1/design_1_ddr_interface_0_0.dcp' has been generated.
write_checkpoint: Time (s): cpu = 00:00:08 ; elapsed = 00:00:07 . Memory (MB): peak = 3801.461 ; gain = 32.016 ; free physical = 6634 ; free virtual = 24405
INFO: [runtcl-4] Executing : report_utilization -file design_1_ddr_interface_0_0_utilization_synth.rpt -pb design_1_ddr_interface_0_0_utilization_synth.pb
INFO: [Common 17-206] Exiting Vivado at Tue Dec  7 14:24:43 2021...
