Copyright 1986-2021 Xilinx, Inc. All Rights Reserved.
-----------------------------------------------------------------------------------------------------------------------------
| Tool Version : Vivado v.2021.1.1 (lin64) Build 3286242 Wed Jul 28 13:09:46 MDT 2021
| Date         : Tue Nov  2 00:49:09 2021
| Host         : andre running 64-bit Ubuntu 20.04.3 LTS
| Command      : report_utilization -file design_1_wrapper_utilization_placed.rpt -pb design_1_wrapper_utilization_placed.pb
| Design       : design_1_wrapper
| Device       : xczu7evffvc1156-2
| Design State : Fully Placed
-----------------------------------------------------------------------------------------------------------------------------

Utilization Design Information

Table of Contents
-----------------
1. CLB Logic
1.1 Summary of Registers by Type
2. CLB Logic Distribution
3. BLOCKRAM
4. ARITHMETIC
5. I/O
6. CLOCK
7. ADVANCED
8. CONFIGURATION
9. Primitives
10. Black Boxes
11. Instantiated Netlists

1. CLB Logic
------------

+----------------------------+-------+-------+------------+-----------+-------+
|          Site Type         |  Used | Fixed | Prohibited | Available | Util% |
+----------------------------+-------+-------+------------+-----------+-------+
| CLB LUTs                   | 90798 |     0 |          0 |    230400 | 39.41 |
|   LUT as Logic             | 88669 |     0 |          0 |    230400 | 38.48 |
|   LUT as Memory            |  2129 |     0 |          0 |    101760 |  2.09 |
|     LUT as Distributed RAM |   326 |     0 |            |           |       |
|     LUT as Shift Register  |  1803 |     0 |            |           |       |
| CLB Registers              | 30428 |     0 |          0 |    460800 |  6.60 |
|   Register as Flip Flop    | 30428 |     0 |          0 |    460800 |  6.60 |
|   Register as Latch        |     0 |     0 |          0 |    460800 |  0.00 |
| CARRY8                     |  3027 |     0 |          0 |     28800 | 10.51 |
| F7 Muxes                   |  5499 |     0 |          0 |    115200 |  4.77 |
| F8 Muxes                   |  2000 |     0 |          0 |     57600 |  3.47 |
| F9 Muxes                   |     0 |     0 |          0 |     28800 |  0.00 |
+----------------------------+-------+-------+------------+-----------+-------+


1.1 Summary of Registers by Type
--------------------------------

+-------+--------------+-------------+--------------+
| Total | Clock Enable | Synchronous | Asynchronous |
+-------+--------------+-------------+--------------+
| 0     |            _ |           - |            - |
| 0     |            _ |           - |          Set |
| 0     |            _ |           - |        Reset |
| 0     |            _ |         Set |            - |
| 0     |            _ |       Reset |            - |
| 0     |          Yes |           - |            - |
| 141   |          Yes |           - |          Set |
| 364   |          Yes |           - |        Reset |
| 199   |          Yes |         Set |            - |
| 29724 |          Yes |       Reset |            - |
+-------+--------------+-------------+--------------+


2. CLB Logic Distribution
-------------------------

+--------------------------------------------+-------+-------+------------+-----------+-------+
|                  Site Type                 |  Used | Fixed | Prohibited | Available | Util% |
+--------------------------------------------+-------+-------+------------+-----------+-------+
| CLB                                        | 17187 |     0 |          0 |     28800 | 59.68 |
|   CLBL                                     |  9118 |     0 |            |           |       |
|   CLBM                                     |  8069 |     0 |            |           |       |
| LUT as Logic                               | 88669 |     0 |          0 |    230400 | 38.48 |
|   using O5 output only                     |   458 |       |            |           |       |
|   using O6 output only                     | 74386 |       |            |           |       |
|   using O5 and O6                          | 13825 |       |            |           |       |
| LUT as Memory                              |  2129 |     0 |          0 |    101760 |  2.09 |
|   LUT as Distributed RAM                   |   326 |     0 |            |           |       |
|     using O5 output only                   |     0 |       |            |           |       |
|     using O6 output only                   |    40 |       |            |           |       |
|     using O5 and O6                        |   286 |       |            |           |       |
|   LUT as Shift Register                    |  1803 |     0 |            |           |       |
|     using O5 output only                   |     0 |       |            |           |       |
|     using O6 output only                   |   247 |       |            |           |       |
|     using O5 and O6                        |  1556 |       |            |           |       |
| CLB Registers                              | 30428 |     0 |          0 |    460800 |  6.60 |
|   Register driven from within the CLB      | 15607 |       |            |           |       |
|   Register driven from outside the CLB     | 14821 |       |            |           |       |
|     LUT in front of the register is unused | 10818 |       |            |           |       |
|     LUT in front of the register is used   |  4003 |       |            |           |       |
| Unique Control Sets                        |   971 |       |          0 |     57600 |  1.69 |
+--------------------------------------------+-------+-------+------------+-----------+-------+
* * Note: Available Control Sets calculated as Slices * 2, Review the Control Sets Report for more information regarding control sets.


3. BLOCKRAM
-----------

+-------------------+------+-------+------------+-----------+-------+
|     Site Type     | Used | Fixed | Prohibited | Available | Util% |
+-------------------+------+-------+------------+-----------+-------+
| Block RAM Tile    |   48 |     0 |          0 |       312 | 15.38 |
|   RAMB36/FIFO*    |   45 |     0 |          0 |       312 | 14.42 |
|     FIFO36E2 only |    8 |       |            |           |       |
|     RAMB36E2 only |   37 |       |            |           |       |
|   RAMB18          |    6 |     0 |          0 |       624 |  0.96 |
|     RAMB18E2 only |    6 |       |            |           |       |
| URAM              |    0 |     0 |          0 |        96 |  0.00 |
+-------------------+------+-------+------------+-----------+-------+
* Note: Each Block RAM Tile only has one FIFO logic available and therefore can accommodate only one FIFO36E2 or one FIFO18E2. However, if a FIFO18E2 occupies a Block RAM Tile, that tile can still accommodate a RAMB18E2


4. ARITHMETIC
-------------

+----------------+------+-------+------------+-----------+-------+
|    Site Type   | Used | Fixed | Prohibited | Available | Util% |
+----------------+------+-------+------------+-----------+-------+
| DSPs           |  150 |     0 |          0 |      1728 |  8.68 |
|   DSP48E2 only |  150 |       |            |           |       |
+----------------+------+-------+------------+-----------+-------+


5. I/O
------

+------------------+------+-------+------------+-----------+-------+
|     Site Type    | Used | Fixed | Prohibited | Available | Util% |
+------------------+------+-------+------------+-----------+-------+
| Bonded IOB       |    0 |     0 |          0 |       360 |  0.00 |
| HPIOB_M          |    0 |     0 |          0 |       144 |  0.00 |
| HPIOB_S          |    0 |     0 |          0 |       144 |  0.00 |
| HDIOB_M          |    0 |     0 |          0 |        24 |  0.00 |
| HDIOB_S          |    0 |     0 |          0 |        24 |  0.00 |
| HPIOB_SNGL       |    0 |     0 |          0 |        24 |  0.00 |
| HPIOBDIFFINBUF   |    0 |     0 |          0 |       192 |  0.00 |
| HPIOBDIFFOUTBUF  |    0 |     0 |          0 |       192 |  0.00 |
| HDIOBDIFFINBUF   |    0 |     0 |          0 |        48 |  0.00 |
| BITSLICE_CONTROL |    0 |     0 |          0 |        64 |  0.00 |
| BITSLICE_RX_TX   |    0 |     0 |          0 |      2496 |  0.00 |
| BITSLICE_TX      |    0 |     0 |          0 |        64 |  0.00 |
| RIU_OR           |    0 |     0 |          0 |        32 |  0.00 |
+------------------+------+-------+------------+-----------+-------+


6. CLOCK
--------

+----------------------+------+-------+------------+-----------+-------+
|       Site Type      | Used | Fixed | Prohibited | Available | Util% |
+----------------------+------+-------+------------+-----------+-------+
| GLOBAL CLOCK BUFFERs |    7 |     0 |          0 |       544 |  1.29 |
|   BUFGCE             |    6 |     0 |          0 |       208 |  2.88 |
|   BUFGCE_DIV         |    0 |     0 |          0 |        32 |  0.00 |
|   BUFG_GT            |    0 |     0 |          0 |       144 |  0.00 |
|   BUFG_PS            |    1 |     0 |          0 |        96 |  1.04 |
|   BUFGCTRL*          |    0 |     0 |          0 |        64 |  0.00 |
| PLL                  |    0 |     0 |          0 |        16 |  0.00 |
| MMCM                 |    0 |     0 |          0 |         8 |  0.00 |
+----------------------+------+-------+------------+-----------+-------+
* Note: Each used BUFGCTRL counts as two GLOBAL CLOCK BUFFERs. This table does not include global clocking resources, only buffer cell usage. See the Clock Utilization Report (report_clock_utilization) for detailed accounting of global clocking resource availability.


7. ADVANCED
-----------

+-----------------+------+-------+------------+-----------+--------+
|    Site Type    | Used | Fixed | Prohibited | Available |  Util% |
+-----------------+------+-------+------------+-----------+--------+
| GTHE4_CHANNEL   |    0 |     0 |          0 |        20 |   0.00 |
| GTHE4_COMMON    |    0 |     0 |          0 |         5 |   0.00 |
| OBUFDS_GTE4     |    0 |     0 |          0 |        10 |   0.00 |
| OBUFDS_GTE4_ADV |    0 |     0 |          0 |        10 |   0.00 |
| PCIE40E4        |    0 |     0 |          0 |         2 |   0.00 |
| PS8             |    1 |     0 |          0 |         1 | 100.00 |
| SYSMONE4        |    0 |     0 |          0 |         1 |   0.00 |
| VCU             |    0 |     0 |          0 |         1 |   0.00 |
+-----------------+------+-------+------------+-----------+--------+


8. CONFIGURATION
----------------

+-------------+------+-------+------------+-----------+-------+
|  Site Type  | Used | Fixed | Prohibited | Available | Util% |
+-------------+------+-------+------------+-----------+-------+
| BSCANE2     |    1 |     0 |          0 |         4 | 25.00 |
| DNA_PORTE2  |    0 |     0 |          0 |         1 |  0.00 |
| EFUSE_USR   |    0 |     0 |          0 |         1 |  0.00 |
| FRAME_ECCE4 |    0 |     0 |          0 |         1 |  0.00 |
| ICAPE3      |    0 |     0 |          0 |         2 |  0.00 |
| MASTER_JTAG |    0 |     0 |          0 |         1 |  0.00 |
| STARTUPE3   |    0 |     0 |          0 |         1 |  0.00 |
+-------------+------+-------+------------+-----------+-------+


9. Primitives
-------------

+----------+-------+---------------------+
| Ref Name |  Used | Functional Category |
+----------+-------+---------------------+
| LUT6     | 36391 |                 CLB |
| FDRE     | 29724 |            Register |
| LUT3     | 24491 |                 CLB |
| LUT5     | 17516 |                 CLB |
| LUT2     | 12107 |                 CLB |
| LUT4     |  8838 |                 CLB |
| MUXF7    |  5499 |                 CLB |
| LUT1     |  3151 |                 CLB |
| CARRY8   |  3027 |                 CLB |
| SRL16E   |  2239 |                 CLB |
| MUXF8    |  2000 |                 CLB |
| SRLC32E  |  1118 |                 CLB |
| RAMD32   |   506 |                 CLB |
| FDCE     |   364 |            Register |
| FDSE     |   199 |            Register |
| DSP48E2  |   150 |          Arithmetic |
| FDPE     |   141 |            Register |
| RAMS32   |    74 |                 CLB |
| RAMB36E2 |    37 |            BLOCKRAM |
| RAMD64E  |    32 |                 CLB |
| FIFO36E2 |     8 |            BLOCKRAM |
| RAMB18E2 |     6 |            BLOCKRAM |
| BUFGCE   |     6 |               Clock |
| SRLC16E  |     2 |                 CLB |
| PS8      |     1 |            Advanced |
| BUFG_PS  |     1 |               Clock |
| BSCANE2  |     1 |       Configuration |
+----------+-------+---------------------+


10. Black Boxes
---------------

+----------+------+
| Ref Name | Used |
+----------+------+


11. Instantiated Netlists
-------------------------

+-----------------------------------+------+
|              Ref Name             | Used |
+-----------------------------------+------+
| design_1_zynq_ultra_ps_e_0_0      |    1 |
| design_1_xbar_0                   |    1 |
| design_1_system_ila_0_0           |    1 |
| design_1_rst_ps8_0_100M_0         |    1 |
| design_1_ddr_interface_0_0        |    1 |
| design_1_auto_us_df_0             |    1 |
| design_1_auto_pc_1                |    1 |
| design_1_auto_pc_0                |    1 |
| design_1_auto_ds_1                |    1 |
| design_1_auto_ds_0                |    1 |
| design_1_MI_memoryInterface_A_0_0 |    1 |
| design_1_AXI_lite_Slave_0_0       |    1 |
| dbg_hub                           |    1 |
+-----------------------------------+------+


