Copyright 1986-2021 Xilinx, Inc. All Rights Reserved.
---------------------------------------------------------------------------------------------------------------------------------------
| Tool Version : Vivado v.2021.1.1 (lin64) Build 3286242 Wed Jul 28 13:09:46 MDT 2021
| Date         : Fri Oct 29 17:01:36 2021
| Host         : andre running 64-bit Ubuntu 20.04.3 LTS
| Command      : report_drc -file design_1_wrapper_drc_opted.rpt -pb design_1_wrapper_drc_opted.pb -rpx design_1_wrapper_drc_opted.rpx
| Design       : design_1_wrapper
| Device       : xczu7ev-ffvc1156-2-e
| Speed File   : -2
| Design State : Synthesized
---------------------------------------------------------------------------------------------------------------------------------------

Report DRC

Table of Contents
-----------------
1. REPORT SUMMARY
2. REPORT DETAILS

1. REPORT SUMMARY
-----------------
            Netlist: netlist
          Floorplan: design_1
      Design limits: <entire design considered>
           Ruledeck: default
             Max violations: <unlimited>
             Violations found: 50
+--------+----------+------------------------+------------+
| Rule   | Severity | Description            | Violations |
+--------+----------+------------------------+------------+
| DPIP-2 | Warning  | Input pipelining       | 40         |
| DPOP-3 | Warning  | PREG Output pipelining | 1          |
| DPOP-4 | Warning  | MREG Output pipelining | 9          |
+--------+----------+------------------------+------------+

2. REPORT DETAILS
-----------------
DPIP-2#1 Warning
Input pipelining  
DSP design_1_i/ddr_interface_0/inst/m_controller/genblk1[0].core/genblk1[0].calculate_distance/num_in0 input design_1_i/ddr_interface_0/inst/m_controller/genblk1[0].core/genblk1[0].calculate_distance/num_in0/A[29:0] is not pipelined. Pipelining DSP48 input will improve performance.
Related violations: <none>

DPIP-2#2 Warning
Input pipelining  
DSP design_1_i/ddr_interface_0/inst/m_controller/genblk1[0].core/genblk1[0].calculate_distance/num_in0 input design_1_i/ddr_interface_0/inst/m_controller/genblk1[0].core/genblk1[0].calculate_distance/num_in0/B[17:0] is not pipelined. Pipelining DSP48 input will improve performance.
Related violations: <none>

DPIP-2#3 Warning
Input pipelining  
DSP design_1_i/ddr_interface_0/inst/m_controller/genblk1[0].core/genblk1[0].calculate_distance/num_in1 input design_1_i/ddr_interface_0/inst/m_controller/genblk1[0].core/genblk1[0].calculate_distance/num_in1/A[29:0] is not pipelined. Pipelining DSP48 input will improve performance.
Related violations: <none>

DPIP-2#4 Warning
Input pipelining  
DSP design_1_i/ddr_interface_0/inst/m_controller/genblk1[0].core/genblk1[0].calculate_distance/num_in1 input design_1_i/ddr_interface_0/inst/m_controller/genblk1[0].core/genblk1[0].calculate_distance/num_in1/B[17:0] is not pipelined. Pipelining DSP48 input will improve performance.
Related violations: <none>

DPIP-2#5 Warning
Input pipelining  
DSP design_1_i/ddr_interface_0/inst/m_controller/genblk1[0].core/genblk1[0].calculate_distance/num_in_reg input design_1_i/ddr_interface_0/inst/m_controller/genblk1[0].core/genblk1[0].calculate_distance/num_in_reg/A[29:0] is not pipelined. Pipelining DSP48 input will improve performance.
Related violations: <none>

DPIP-2#6 Warning
Input pipelining  
DSP design_1_i/ddr_interface_0/inst/m_controller/genblk1[0].core/genblk1[0].calculate_distance/num_in_reg input design_1_i/ddr_interface_0/inst/m_controller/genblk1[0].core/genblk1[0].calculate_distance/num_in_reg/B[17:0] is not pipelined. Pipelining DSP48 input will improve performance.
Related violations: <none>

DPIP-2#7 Warning
Input pipelining  
DSP design_1_i/ddr_interface_0/inst/m_controller/genblk1[0].core/point_distance/num_in1 input design_1_i/ddr_interface_0/inst/m_controller/genblk1[0].core/point_distance/num_in1/A[29:0] is not pipelined. Pipelining DSP48 input will improve performance.
Related violations: <none>

DPIP-2#8 Warning
Input pipelining  
DSP design_1_i/ddr_interface_0/inst/m_controller/genblk1[0].core/point_distance/num_in1 input design_1_i/ddr_interface_0/inst/m_controller/genblk1[0].core/point_distance/num_in1/B[17:0] is not pipelined. Pipelining DSP48 input will improve performance.
Related violations: <none>

DPIP-2#9 Warning
Input pipelining  
DSP design_1_i/ddr_interface_0/inst/m_controller/genblk1[0].core/point_distance/num_in_reg input design_1_i/ddr_interface_0/inst/m_controller/genblk1[0].core/point_distance/num_in_reg/A[29:0] is not pipelined. Pipelining DSP48 input will improve performance.
Related violations: <none>

DPIP-2#10 Warning
Input pipelining  
DSP design_1_i/ddr_interface_0/inst/m_controller/genblk1[0].core/point_distance/num_in_reg input design_1_i/ddr_interface_0/inst/m_controller/genblk1[0].core/point_distance/num_in_reg/B[17:0] is not pipelined. Pipelining DSP48 input will improve performance.
Related violations: <none>

DPIP-2#11 Warning
Input pipelining  
DSP design_1_i/ddr_interface_0/inst/m_controller/genblk1[1].core/genblk1[0].calculate_distance/num_in0 input design_1_i/ddr_interface_0/inst/m_controller/genblk1[1].core/genblk1[0].calculate_distance/num_in0/A[29:0] is not pipelined. Pipelining DSP48 input will improve performance.
Related violations: <none>

DPIP-2#12 Warning
Input pipelining  
DSP design_1_i/ddr_interface_0/inst/m_controller/genblk1[1].core/genblk1[0].calculate_distance/num_in0 input design_1_i/ddr_interface_0/inst/m_controller/genblk1[1].core/genblk1[0].calculate_distance/num_in0/B[17:0] is not pipelined. Pipelining DSP48 input will improve performance.
Related violations: <none>

DPIP-2#13 Warning
Input pipelining  
DSP design_1_i/ddr_interface_0/inst/m_controller/genblk1[1].core/genblk1[0].calculate_distance/num_in1 input design_1_i/ddr_interface_0/inst/m_controller/genblk1[1].core/genblk1[0].calculate_distance/num_in1/A[29:0] is not pipelined. Pipelining DSP48 input will improve performance.
Related violations: <none>

DPIP-2#14 Warning
Input pipelining  
DSP design_1_i/ddr_interface_0/inst/m_controller/genblk1[1].core/genblk1[0].calculate_distance/num_in1 input design_1_i/ddr_interface_0/inst/m_controller/genblk1[1].core/genblk1[0].calculate_distance/num_in1/B[17:0] is not pipelined. Pipelining DSP48 input will improve performance.
Related violations: <none>

DPIP-2#15 Warning
Input pipelining  
DSP design_1_i/ddr_interface_0/inst/m_controller/genblk1[1].core/genblk1[0].calculate_distance/num_in_reg input design_1_i/ddr_interface_0/inst/m_controller/genblk1[1].core/genblk1[0].calculate_distance/num_in_reg/A[29:0] is not pipelined. Pipelining DSP48 input will improve performance.
Related violations: <none>

DPIP-2#16 Warning
Input pipelining  
DSP design_1_i/ddr_interface_0/inst/m_controller/genblk1[1].core/genblk1[0].calculate_distance/num_in_reg input design_1_i/ddr_interface_0/inst/m_controller/genblk1[1].core/genblk1[0].calculate_distance/num_in_reg/B[17:0] is not pipelined. Pipelining DSP48 input will improve performance.
Related violations: <none>

DPIP-2#17 Warning
Input pipelining  
DSP design_1_i/ddr_interface_0/inst/m_controller/genblk1[1].core/point_distance/num_in1 input design_1_i/ddr_interface_0/inst/m_controller/genblk1[1].core/point_distance/num_in1/A[29:0] is not pipelined. Pipelining DSP48 input will improve performance.
Related violations: <none>

DPIP-2#18 Warning
Input pipelining  
DSP design_1_i/ddr_interface_0/inst/m_controller/genblk1[1].core/point_distance/num_in1 input design_1_i/ddr_interface_0/inst/m_controller/genblk1[1].core/point_distance/num_in1/B[17:0] is not pipelined. Pipelining DSP48 input will improve performance.
Related violations: <none>

DPIP-2#19 Warning
Input pipelining  
DSP design_1_i/ddr_interface_0/inst/m_controller/genblk1[1].core/point_distance/num_in_reg input design_1_i/ddr_interface_0/inst/m_controller/genblk1[1].core/point_distance/num_in_reg/A[29:0] is not pipelined. Pipelining DSP48 input will improve performance.
Related violations: <none>

DPIP-2#20 Warning
Input pipelining  
DSP design_1_i/ddr_interface_0/inst/m_controller/genblk1[1].core/point_distance/num_in_reg input design_1_i/ddr_interface_0/inst/m_controller/genblk1[1].core/point_distance/num_in_reg/B[17:0] is not pipelined. Pipelining DSP48 input will improve performance.
Related violations: <none>

DPIP-2#21 Warning
Input pipelining  
DSP design_1_i/ddr_interface_0/inst/m_controller/genblk1[2].core/genblk1[0].calculate_distance/num_in0 input design_1_i/ddr_interface_0/inst/m_controller/genblk1[2].core/genblk1[0].calculate_distance/num_in0/A[29:0] is not pipelined. Pipelining DSP48 input will improve performance.
Related violations: <none>

DPIP-2#22 Warning
Input pipelining  
DSP design_1_i/ddr_interface_0/inst/m_controller/genblk1[2].core/genblk1[0].calculate_distance/num_in0 input design_1_i/ddr_interface_0/inst/m_controller/genblk1[2].core/genblk1[0].calculate_distance/num_in0/B[17:0] is not pipelined. Pipelining DSP48 input will improve performance.
Related violations: <none>

DPIP-2#23 Warning
Input pipelining  
DSP design_1_i/ddr_interface_0/inst/m_controller/genblk1[2].core/genblk1[0].calculate_distance/num_in1 input design_1_i/ddr_interface_0/inst/m_controller/genblk1[2].core/genblk1[0].calculate_distance/num_in1/A[29:0] is not pipelined. Pipelining DSP48 input will improve performance.
Related violations: <none>

DPIP-2#24 Warning
Input pipelining  
DSP design_1_i/ddr_interface_0/inst/m_controller/genblk1[2].core/genblk1[0].calculate_distance/num_in1 input design_1_i/ddr_interface_0/inst/m_controller/genblk1[2].core/genblk1[0].calculate_distance/num_in1/B[17:0] is not pipelined. Pipelining DSP48 input will improve performance.
Related violations: <none>

DPIP-2#25 Warning
Input pipelining  
DSP design_1_i/ddr_interface_0/inst/m_controller/genblk1[2].core/genblk1[0].calculate_distance/num_in_reg input design_1_i/ddr_interface_0/inst/m_controller/genblk1[2].core/genblk1[0].calculate_distance/num_in_reg/A[29:0] is not pipelined. Pipelining DSP48 input will improve performance.
Related violations: <none>

DPIP-2#26 Warning
Input pipelining  
DSP design_1_i/ddr_interface_0/inst/m_controller/genblk1[2].core/genblk1[0].calculate_distance/num_in_reg input design_1_i/ddr_interface_0/inst/m_controller/genblk1[2].core/genblk1[0].calculate_distance/num_in_reg/B[17:0] is not pipelined. Pipelining DSP48 input will improve performance.
Related violations: <none>

DPIP-2#27 Warning
Input pipelining  
DSP design_1_i/ddr_interface_0/inst/m_controller/genblk1[2].core/point_distance/num_in1 input design_1_i/ddr_interface_0/inst/m_controller/genblk1[2].core/point_distance/num_in1/A[29:0] is not pipelined. Pipelining DSP48 input will improve performance.
Related violations: <none>

DPIP-2#28 Warning
Input pipelining  
DSP design_1_i/ddr_interface_0/inst/m_controller/genblk1[2].core/point_distance/num_in1 input design_1_i/ddr_interface_0/inst/m_controller/genblk1[2].core/point_distance/num_in1/B[17:0] is not pipelined. Pipelining DSP48 input will improve performance.
Related violations: <none>

DPIP-2#29 Warning
Input pipelining  
DSP design_1_i/ddr_interface_0/inst/m_controller/genblk1[2].core/point_distance/num_in_reg input design_1_i/ddr_interface_0/inst/m_controller/genblk1[2].core/point_distance/num_in_reg/A[29:0] is not pipelined. Pipelining DSP48 input will improve performance.
Related violations: <none>

DPIP-2#30 Warning
Input pipelining  
DSP design_1_i/ddr_interface_0/inst/m_controller/genblk1[2].core/point_distance/num_in_reg input design_1_i/ddr_interface_0/inst/m_controller/genblk1[2].core/point_distance/num_in_reg/B[17:0] is not pipelined. Pipelining DSP48 input will improve performance.
Related violations: <none>

DPIP-2#31 Warning
Input pipelining  
DSP design_1_i/ddr_interface_0/inst/m_controller/genblk1[3].core/genblk1[0].calculate_distance/num_in0 input design_1_i/ddr_interface_0/inst/m_controller/genblk1[3].core/genblk1[0].calculate_distance/num_in0/A[29:0] is not pipelined. Pipelining DSP48 input will improve performance.
Related violations: <none>

DPIP-2#32 Warning
Input pipelining  
DSP design_1_i/ddr_interface_0/inst/m_controller/genblk1[3].core/genblk1[0].calculate_distance/num_in0 input design_1_i/ddr_interface_0/inst/m_controller/genblk1[3].core/genblk1[0].calculate_distance/num_in0/B[17:0] is not pipelined. Pipelining DSP48 input will improve performance.
Related violations: <none>

DPIP-2#33 Warning
Input pipelining  
DSP design_1_i/ddr_interface_0/inst/m_controller/genblk1[3].core/genblk1[0].calculate_distance/num_in1 input design_1_i/ddr_interface_0/inst/m_controller/genblk1[3].core/genblk1[0].calculate_distance/num_in1/A[29:0] is not pipelined. Pipelining DSP48 input will improve performance.
Related violations: <none>

DPIP-2#34 Warning
Input pipelining  
DSP design_1_i/ddr_interface_0/inst/m_controller/genblk1[3].core/genblk1[0].calculate_distance/num_in1 input design_1_i/ddr_interface_0/inst/m_controller/genblk1[3].core/genblk1[0].calculate_distance/num_in1/B[17:0] is not pipelined. Pipelining DSP48 input will improve performance.
Related violations: <none>

DPIP-2#35 Warning
Input pipelining  
DSP design_1_i/ddr_interface_0/inst/m_controller/genblk1[3].core/genblk1[0].calculate_distance/num_in_reg input design_1_i/ddr_interface_0/inst/m_controller/genblk1[3].core/genblk1[0].calculate_distance/num_in_reg/A[29:0] is not pipelined. Pipelining DSP48 input will improve performance.
Related violations: <none>

DPIP-2#36 Warning
Input pipelining  
DSP design_1_i/ddr_interface_0/inst/m_controller/genblk1[3].core/genblk1[0].calculate_distance/num_in_reg input design_1_i/ddr_interface_0/inst/m_controller/genblk1[3].core/genblk1[0].calculate_distance/num_in_reg/B[17:0] is not pipelined. Pipelining DSP48 input will improve performance.
Related violations: <none>

DPIP-2#37 Warning
Input pipelining  
DSP design_1_i/ddr_interface_0/inst/m_controller/genblk1[3].core/point_distance/num_in1 input design_1_i/ddr_interface_0/inst/m_controller/genblk1[3].core/point_distance/num_in1/A[29:0] is not pipelined. Pipelining DSP48 input will improve performance.
Related violations: <none>

DPIP-2#38 Warning
Input pipelining  
DSP design_1_i/ddr_interface_0/inst/m_controller/genblk1[3].core/point_distance/num_in1 input design_1_i/ddr_interface_0/inst/m_controller/genblk1[3].core/point_distance/num_in1/B[17:0] is not pipelined. Pipelining DSP48 input will improve performance.
Related violations: <none>

DPIP-2#39 Warning
Input pipelining  
DSP design_1_i/ddr_interface_0/inst/m_controller/genblk1[3].core/point_distance/num_in_reg input design_1_i/ddr_interface_0/inst/m_controller/genblk1[3].core/point_distance/num_in_reg/A[29:0] is not pipelined. Pipelining DSP48 input will improve performance.
Related violations: <none>

DPIP-2#40 Warning
Input pipelining  
DSP design_1_i/ddr_interface_0/inst/m_controller/genblk1[3].core/point_distance/num_in_reg input design_1_i/ddr_interface_0/inst/m_controller/genblk1[3].core/point_distance/num_in_reg/B[17:0] is not pipelined. Pipelining DSP48 input will improve performance.
Related violations: <none>

DPOP-3#1 Warning
PREG Output pipelining  
DSP design_1_i/ddr_interface_0/inst/cycle_offset output design_1_i/ddr_interface_0/inst/cycle_offset/P[47:0] is not pipelined (PREG=0). Pipelining the DSP48 output will improve performance and often saves power so it is suggested whenever possible to fully pipeline this function.  If this DSP48 function was inferred, it is suggested to describe an additional register stage after this function.  If the DSP48 was instantiated in the design, it is suggested to set the PREG attribute to 1.
Related violations: <none>

DPOP-4#1 Warning
MREG Output pipelining  
DSP design_1_i/ddr_interface_0/inst/cycle_offset multiplier stage design_1_i/ddr_interface_0/inst/cycle_offset/P[47:0] is not pipelined (MREG=0). Pipelining the multiplier function will improve performance and will save significant power so it is suggested whenever possible to fully pipeline this function.  If this multiplier was inferred, it is suggested to describe an additional register stage after this function.  If there is no registered adder/accumulator following the multiply function, two pipeline stages are suggested to allow both the MREG and PREG registers to be used.  If the DSP48 was instantiated in the design, it is suggested to set both the MREG and PREG attributes to 1 when performing multiply functions.
Related violations: <none>

DPOP-4#2 Warning
MREG Output pipelining  
DSP design_1_i/ddr_interface_0/inst/m_controller/genblk1[0].core/genblk1[0].calculate_distance/num_in_reg multiplier stage design_1_i/ddr_interface_0/inst/m_controller/genblk1[0].core/genblk1[0].calculate_distance/num_in_reg/P[47:0] is not pipelined (MREG=0). Pipelining the multiplier function will improve performance and will save significant power so it is suggested whenever possible to fully pipeline this function.  If this multiplier was inferred, it is suggested to describe an additional register stage after this function.  If there is no registered adder/accumulator following the multiply function, two pipeline stages are suggested to allow both the MREG and PREG registers to be used.  If the DSP48 was instantiated in the design, it is suggested to set both the MREG and PREG attributes to 1 when performing multiply functions.
Related violations: <none>

DPOP-4#3 Warning
MREG Output pipelining  
DSP design_1_i/ddr_interface_0/inst/m_controller/genblk1[0].core/point_distance/num_in_reg multiplier stage design_1_i/ddr_interface_0/inst/m_controller/genblk1[0].core/point_distance/num_in_reg/P[47:0] is not pipelined (MREG=0). Pipelining the multiplier function will improve performance and will save significant power so it is suggested whenever possible to fully pipeline this function.  If this multiplier was inferred, it is suggested to describe an additional register stage after this function.  If there is no registered adder/accumulator following the multiply function, two pipeline stages are suggested to allow both the MREG and PREG registers to be used.  If the DSP48 was instantiated in the design, it is suggested to set both the MREG and PREG attributes to 1 when performing multiply functions.
Related violations: <none>

DPOP-4#4 Warning
MREG Output pipelining  
DSP design_1_i/ddr_interface_0/inst/m_controller/genblk1[1].core/genblk1[0].calculate_distance/num_in_reg multiplier stage design_1_i/ddr_interface_0/inst/m_controller/genblk1[1].core/genblk1[0].calculate_distance/num_in_reg/P[47:0] is not pipelined (MREG=0). Pipelining the multiplier function will improve performance and will save significant power so it is suggested whenever possible to fully pipeline this function.  If this multiplier was inferred, it is suggested to describe an additional register stage after this function.  If there is no registered adder/accumulator following the multiply function, two pipeline stages are suggested to allow both the MREG and PREG registers to be used.  If the DSP48 was instantiated in the design, it is suggested to set both the MREG and PREG attributes to 1 when performing multiply functions.
Related violations: <none>

DPOP-4#5 Warning
MREG Output pipelining  
DSP design_1_i/ddr_interface_0/inst/m_controller/genblk1[1].core/point_distance/num_in_reg multiplier stage design_1_i/ddr_interface_0/inst/m_controller/genblk1[1].core/point_distance/num_in_reg/P[47:0] is not pipelined (MREG=0). Pipelining the multiplier function will improve performance and will save significant power so it is suggested whenever possible to fully pipeline this function.  If this multiplier was inferred, it is suggested to describe an additional register stage after this function.  If there is no registered adder/accumulator following the multiply function, two pipeline stages are suggested to allow both the MREG and PREG registers to be used.  If the DSP48 was instantiated in the design, it is suggested to set both the MREG and PREG attributes to 1 when performing multiply functions.
Related violations: <none>

DPOP-4#6 Warning
MREG Output pipelining  
DSP design_1_i/ddr_interface_0/inst/m_controller/genblk1[2].core/genblk1[0].calculate_distance/num_in_reg multiplier stage design_1_i/ddr_interface_0/inst/m_controller/genblk1[2].core/genblk1[0].calculate_distance/num_in_reg/P[47:0] is not pipelined (MREG=0). Pipelining the multiplier function will improve performance and will save significant power so it is suggested whenever possible to fully pipeline this function.  If this multiplier was inferred, it is suggested to describe an additional register stage after this function.  If there is no registered adder/accumulator following the multiply function, two pipeline stages are suggested to allow both the MREG and PREG registers to be used.  If the DSP48 was instantiated in the design, it is suggested to set both the MREG and PREG attributes to 1 when performing multiply functions.
Related violations: <none>

DPOP-4#7 Warning
MREG Output pipelining  
DSP design_1_i/ddr_interface_0/inst/m_controller/genblk1[2].core/point_distance/num_in_reg multiplier stage design_1_i/ddr_interface_0/inst/m_controller/genblk1[2].core/point_distance/num_in_reg/P[47:0] is not pipelined (MREG=0). Pipelining the multiplier function will improve performance and will save significant power so it is suggested whenever possible to fully pipeline this function.  If this multiplier was inferred, it is suggested to describe an additional register stage after this function.  If there is no registered adder/accumulator following the multiply function, two pipeline stages are suggested to allow both the MREG and PREG registers to be used.  If the DSP48 was instantiated in the design, it is suggested to set both the MREG and PREG attributes to 1 when performing multiply functions.
Related violations: <none>

DPOP-4#8 Warning
MREG Output pipelining  
DSP design_1_i/ddr_interface_0/inst/m_controller/genblk1[3].core/genblk1[0].calculate_distance/num_in_reg multiplier stage design_1_i/ddr_interface_0/inst/m_controller/genblk1[3].core/genblk1[0].calculate_distance/num_in_reg/P[47:0] is not pipelined (MREG=0). Pipelining the multiplier function will improve performance and will save significant power so it is suggested whenever possible to fully pipeline this function.  If this multiplier was inferred, it is suggested to describe an additional register stage after this function.  If there is no registered adder/accumulator following the multiply function, two pipeline stages are suggested to allow both the MREG and PREG registers to be used.  If the DSP48 was instantiated in the design, it is suggested to set both the MREG and PREG attributes to 1 when performing multiply functions.
Related violations: <none>

DPOP-4#9 Warning
MREG Output pipelining  
DSP design_1_i/ddr_interface_0/inst/m_controller/genblk1[3].core/point_distance/num_in_reg multiplier stage design_1_i/ddr_interface_0/inst/m_controller/genblk1[3].core/point_distance/num_in_reg/P[47:0] is not pipelined (MREG=0). Pipelining the multiplier function will improve performance and will save significant power so it is suggested whenever possible to fully pipeline this function.  If this multiplier was inferred, it is suggested to describe an additional register stage after this function.  If there is no registered adder/accumulator following the multiply function, two pipeline stages are suggested to allow both the MREG and PREG registers to be used.  If the DSP48 was instantiated in the design, it is suggested to set both the MREG and PREG attributes to 1 when performing multiply functions.
Related violations: <none>


