
*** Running vivado
    with args -log design_1_wrapper.vds -m64 -product Vivado -mode batch -messageDb vivado.pb -notrace -source design_1_wrapper.tcl


****** Vivado v2021.1.1 (64-bit)
  **** SW Build 3286242 on Wed Jul 28 13:09:46 MDT 2021
  **** IP Build 3279568 on Wed Jul 28 16:48:48 MDT 2021
    ** Copyright 1986-2021 Xilinx, Inc. All Rights Reserved.

source design_1_wrapper.tcl -notrace
INFO: [IP_Flow 19-234] Refreshing IP repositories
INFO: [IP_Flow 19-1704] No user IP repositories specified
INFO: [IP_Flow 19-2313] Loaded Vivado IP repository '/home/andre/Vivado/Vivado/2021.1/data/ip'.
add_files: Time (s): cpu = 00:00:09 ; elapsed = 00:00:07 . Memory (MB): peak = 2637.977 ; gain = 176.090 ; free physical = 10309 ; free virtual = 25433
Command: synth_design -top design_1_wrapper -part xczu7ev-ffvc1156-2-e
Starting synth_design
Attempting to get a license for feature 'Synthesis' and/or device 'xczu7ev'
INFO: [Common 17-349] Got license for feature 'Synthesis' and/or device 'xczu7ev'
INFO: [Device 21-403] Loading part xczu7ev-ffvc1156-2-e
INFO: [Synth 8-7079] Multithreading enabled for synth_design using a maximum of 4 processes.
INFO: [Synth 8-7078] Launching helper process for spawning children vivado processes
INFO: [Synth 8-7075] Helper process launched with PID 22981
---------------------------------------------------------------------------------
Starting RTL Elaboration : Time (s): cpu = 00:00:03 ; elapsed = 00:00:03 . Memory (MB): peak = 2842.012 ; gain = 48.719 ; free physical = 9197 ; free virtual = 24327
---------------------------------------------------------------------------------
INFO: [Synth 8-6157] synthesizing module 'design_1_wrapper' [/home/andre/DenoisingLidar/vivado_projects/project_ddr_new/project_ddr_new.gen/sources_1/bd/design_1/hdl/design_1_wrapper.v:12]
INFO: [Synth 8-6157] synthesizing module 'design_1' [/home/andre/DenoisingLidar/vivado_projects/project_ddr_new/project_ddr_new.gen/sources_1/bd/design_1/synth/design_1.v:13]
INFO: [Synth 8-6157] synthesizing module 'design_1_AXI_lite_Slave_0_0' [/home/andre/DenoisingLidar/vivado_projects/project_ddr_new/project_ddr_new.runs/synth_1/.Xil/Vivado-22803-andre/realtime/design_1_AXI_lite_Slave_0_0_stub.v:6]
INFO: [Synth 8-6155] done synthesizing module 'design_1_AXI_lite_Slave_0_0' (1#1) [/home/andre/DenoisingLidar/vivado_projects/project_ddr_new/project_ddr_new.runs/synth_1/.Xil/Vivado-22803-andre/realtime/design_1_AXI_lite_Slave_0_0_stub.v:6]
INFO: [Synth 8-6157] synthesizing module 'design_1_MI_memoryInterface_A_0_0' [/home/andre/DenoisingLidar/vivado_projects/project_ddr_new/project_ddr_new.runs/synth_1/.Xil/Vivado-22803-andre/realtime/design_1_MI_memoryInterface_A_0_0_stub.v:6]
INFO: [Synth 8-6155] done synthesizing module 'design_1_MI_memoryInterface_A_0_0' (2#1) [/home/andre/DenoisingLidar/vivado_projects/project_ddr_new/project_ddr_new.runs/synth_1/.Xil/Vivado-22803-andre/realtime/design_1_MI_memoryInterface_A_0_0_stub.v:6]
WARNING: [Synth 8-7071] port 'o_MI_error' of module 'design_1_MI_memoryInterface_A_0_0' is unconnected for instance 'MI_memoryInterface_A_0' [/home/andre/DenoisingLidar/vivado_projects/project_ddr_new/project_ddr_new.gen/sources_1/bd/design_1/synth/design_1.v:226]
WARNING: [Synth 8-7023] instance 'MI_memoryInterface_A_0' of module 'design_1_MI_memoryInterface_A_0_0' has 53 connections declared, but only 52 given [/home/andre/DenoisingLidar/vivado_projects/project_ddr_new/project_ddr_new.gen/sources_1/bd/design_1/synth/design_1.v:226]
INFO: [Synth 8-6157] synthesizing module 'design_1_axi_interconnect_0_0' [/home/andre/DenoisingLidar/vivado_projects/project_ddr_new/project_ddr_new.gen/sources_1/bd/design_1/synth/design_1.v:708]
INFO: [Synth 8-6157] synthesizing module 's00_couplers_imp_O7FAN0' [/home/andre/DenoisingLidar/vivado_projects/project_ddr_new/project_ddr_new.gen/sources_1/bd/design_1/synth/design_1.v:2539]
INFO: [Synth 8-6157] synthesizing module 'design_1_auto_us_0' [/home/andre/DenoisingLidar/vivado_projects/project_ddr_new/project_ddr_new.runs/synth_1/.Xil/Vivado-22803-andre/realtime/design_1_auto_us_0_stub.v:6]
INFO: [Synth 8-6155] done synthesizing module 'design_1_auto_us_0' (3#1) [/home/andre/DenoisingLidar/vivado_projects/project_ddr_new/project_ddr_new.runs/synth_1/.Xil/Vivado-22803-andre/realtime/design_1_auto_us_0_stub.v:6]
WARNING: [Synth 8-7071] port 'm_axi_awregion' of module 'design_1_auto_us_0' is unconnected for instance 'auto_us' [/home/andre/DenoisingLidar/vivado_projects/project_ddr_new/project_ddr_new.gen/sources_1/bd/design_1/synth/design_1.v:2834]
WARNING: [Synth 8-7071] port 'm_axi_arregion' of module 'design_1_auto_us_0' is unconnected for instance 'auto_us' [/home/andre/DenoisingLidar/vivado_projects/project_ddr_new/project_ddr_new.gen/sources_1/bd/design_1/synth/design_1.v:2834]
WARNING: [Synth 8-7023] instance 'auto_us' of module 'design_1_auto_us_0' has 76 connections declared, but only 74 given [/home/andre/DenoisingLidar/vivado_projects/project_ddr_new/project_ddr_new.gen/sources_1/bd/design_1/synth/design_1.v:2834]
INFO: [Synth 8-6155] done synthesizing module 's00_couplers_imp_O7FAN0' (4#1) [/home/andre/DenoisingLidar/vivado_projects/project_ddr_new/project_ddr_new.gen/sources_1/bd/design_1/synth/design_1.v:2539]
INFO: [Synth 8-6155] done synthesizing module 'design_1_axi_interconnect_0_0' (5#1) [/home/andre/DenoisingLidar/vivado_projects/project_ddr_new/project_ddr_new.gen/sources_1/bd/design_1/synth/design_1.v:708]
INFO: [Synth 8-6157] synthesizing module 'design_1_ddr_interface_0_0' [/home/andre/DenoisingLidar/vivado_projects/project_ddr_new/project_ddr_new.runs/synth_1/.Xil/Vivado-22803-andre/realtime/design_1_ddr_interface_0_0_stub.v:6]
INFO: [Synth 8-6155] done synthesizing module 'design_1_ddr_interface_0_0' (6#1) [/home/andre/DenoisingLidar/vivado_projects/project_ddr_new/project_ddr_new.runs/synth_1/.Xil/Vivado-22803-andre/realtime/design_1_ddr_interface_0_0_stub.v:6]
INFO: [Synth 8-6157] synthesizing module 'design_1_ps8_0_axi_periph_0' [/home/andre/DenoisingLidar/vivado_projects/project_ddr_new/project_ddr_new.gen/sources_1/bd/design_1/synth/design_1.v:1088]
INFO: [Synth 8-6157] synthesizing module 'm00_couplers_imp_QJIMLI' [/home/andre/DenoisingLidar/vivado_projects/project_ddr_new/project_ddr_new.gen/sources_1/bd/design_1/synth/design_1.v:1983]
INFO: [Synth 8-6155] done synthesizing module 'm00_couplers_imp_QJIMLI' (7#1) [/home/andre/DenoisingLidar/vivado_projects/project_ddr_new/project_ddr_new.gen/sources_1/bd/design_1/synth/design_1.v:1983]
INFO: [Synth 8-6157] synthesizing module 's00_couplers_imp_1A7ZMW4' [/home/andre/DenoisingLidar/vivado_projects/project_ddr_new/project_ddr_new.gen/sources_1/bd/design_1/synth/design_1.v:2129]
INFO: [Synth 8-6157] synthesizing module 'design_1_auto_ds_0' [/home/andre/DenoisingLidar/vivado_projects/project_ddr_new/project_ddr_new.runs/synth_1/.Xil/Vivado-22803-andre/realtime/design_1_auto_ds_0_stub.v:6]
INFO: [Synth 8-6155] done synthesizing module 'design_1_auto_ds_0' (8#1) [/home/andre/DenoisingLidar/vivado_projects/project_ddr_new/project_ddr_new.runs/synth_1/.Xil/Vivado-22803-andre/realtime/design_1_auto_ds_0_stub.v:6]
INFO: [Synth 8-6157] synthesizing module 'design_1_auto_pc_0' [/home/andre/DenoisingLidar/vivado_projects/project_ddr_new/project_ddr_new.runs/synth_1/.Xil/Vivado-22803-andre/realtime/design_1_auto_pc_0_stub.v:6]
INFO: [Synth 8-6155] done synthesizing module 'design_1_auto_pc_0' (9#1) [/home/andre/DenoisingLidar/vivado_projects/project_ddr_new/project_ddr_new.runs/synth_1/.Xil/Vivado-22803-andre/realtime/design_1_auto_pc_0_stub.v:6]
INFO: [Synth 8-6155] done synthesizing module 's00_couplers_imp_1A7ZMW4' (10#1) [/home/andre/DenoisingLidar/vivado_projects/project_ddr_new/project_ddr_new.gen/sources_1/bd/design_1/synth/design_1.v:2129]
INFO: [Synth 8-6157] synthesizing module 's01_couplers_imp_KGUFR9' [/home/andre/DenoisingLidar/vivado_projects/project_ddr_new/project_ddr_new.gen/sources_1/bd/design_1/synth/design_1.v:2911]
INFO: [Synth 8-6157] synthesizing module 'design_1_auto_ds_1' [/home/andre/DenoisingLidar/vivado_projects/project_ddr_new/project_ddr_new.runs/synth_1/.Xil/Vivado-22803-andre/realtime/design_1_auto_ds_1_stub.v:6]
INFO: [Synth 8-6155] done synthesizing module 'design_1_auto_ds_1' (11#1) [/home/andre/DenoisingLidar/vivado_projects/project_ddr_new/project_ddr_new.runs/synth_1/.Xil/Vivado-22803-andre/realtime/design_1_auto_ds_1_stub.v:6]
INFO: [Synth 8-6157] synthesizing module 'design_1_auto_pc_1' [/home/andre/DenoisingLidar/vivado_projects/project_ddr_new/project_ddr_new.runs/synth_1/.Xil/Vivado-22803-andre/realtime/design_1_auto_pc_1_stub.v:6]
INFO: [Synth 8-6155] done synthesizing module 'design_1_auto_pc_1' (12#1) [/home/andre/DenoisingLidar/vivado_projects/project_ddr_new/project_ddr_new.runs/synth_1/.Xil/Vivado-22803-andre/realtime/design_1_auto_pc_1_stub.v:6]
INFO: [Synth 8-6155] done synthesizing module 's01_couplers_imp_KGUFR9' (13#1) [/home/andre/DenoisingLidar/vivado_projects/project_ddr_new/project_ddr_new.gen/sources_1/bd/design_1/synth/design_1.v:2911]
INFO: [Synth 8-6157] synthesizing module 's02_couplers_imp_19AQZVR' [/home/andre/DenoisingLidar/vivado_projects/project_ddr_new/project_ddr_new.gen/sources_1/bd/design_1/synth/design_1.v:3321]
INFO: [Synth 8-6155] done synthesizing module 's02_couplers_imp_19AQZVR' (14#1) [/home/andre/DenoisingLidar/vivado_projects/project_ddr_new/project_ddr_new.gen/sources_1/bd/design_1/synth/design_1.v:3321]
WARNING: [Synth 8-7071] port 'M_AXI_arburst' of module 's02_couplers_imp_19AQZVR' is unconnected for instance 's02_couplers' [/home/andre/DenoisingLidar/vivado_projects/project_ddr_new/project_ddr_new.gen/sources_1/bd/design_1/synth/design_1.v:1876]
WARNING: [Synth 8-7071] port 'M_AXI_arcache' of module 's02_couplers_imp_19AQZVR' is unconnected for instance 's02_couplers' [/home/andre/DenoisingLidar/vivado_projects/project_ddr_new/project_ddr_new.gen/sources_1/bd/design_1/synth/design_1.v:1876]
WARNING: [Synth 8-7071] port 'M_AXI_arid' of module 's02_couplers_imp_19AQZVR' is unconnected for instance 's02_couplers' [/home/andre/DenoisingLidar/vivado_projects/project_ddr_new/project_ddr_new.gen/sources_1/bd/design_1/synth/design_1.v:1876]
WARNING: [Synth 8-7071] port 'M_AXI_arlen' of module 's02_couplers_imp_19AQZVR' is unconnected for instance 's02_couplers' [/home/andre/DenoisingLidar/vivado_projects/project_ddr_new/project_ddr_new.gen/sources_1/bd/design_1/synth/design_1.v:1876]
WARNING: [Synth 8-7071] port 'M_AXI_arlock' of module 's02_couplers_imp_19AQZVR' is unconnected for instance 's02_couplers' [/home/andre/DenoisingLidar/vivado_projects/project_ddr_new/project_ddr_new.gen/sources_1/bd/design_1/synth/design_1.v:1876]
WARNING: [Synth 8-7071] port 'M_AXI_arqos' of module 's02_couplers_imp_19AQZVR' is unconnected for instance 's02_couplers' [/home/andre/DenoisingLidar/vivado_projects/project_ddr_new/project_ddr_new.gen/sources_1/bd/design_1/synth/design_1.v:1876]
WARNING: [Synth 8-7071] port 'M_AXI_arsize' of module 's02_couplers_imp_19AQZVR' is unconnected for instance 's02_couplers' [/home/andre/DenoisingLidar/vivado_projects/project_ddr_new/project_ddr_new.gen/sources_1/bd/design_1/synth/design_1.v:1876]
WARNING: [Synth 8-7071] port 'M_AXI_awburst' of module 's02_couplers_imp_19AQZVR' is unconnected for instance 's02_couplers' [/home/andre/DenoisingLidar/vivado_projects/project_ddr_new/project_ddr_new.gen/sources_1/bd/design_1/synth/design_1.v:1876]
WARNING: [Synth 8-7071] port 'M_AXI_awcache' of module 's02_couplers_imp_19AQZVR' is unconnected for instance 's02_couplers' [/home/andre/DenoisingLidar/vivado_projects/project_ddr_new/project_ddr_new.gen/sources_1/bd/design_1/synth/design_1.v:1876]
WARNING: [Synth 8-7071] port 'M_AXI_awid' of module 's02_couplers_imp_19AQZVR' is unconnected for instance 's02_couplers' [/home/andre/DenoisingLidar/vivado_projects/project_ddr_new/project_ddr_new.gen/sources_1/bd/design_1/synth/design_1.v:1876]
WARNING: [Synth 8-7071] port 'M_AXI_awlen' of module 's02_couplers_imp_19AQZVR' is unconnected for instance 's02_couplers' [/home/andre/DenoisingLidar/vivado_projects/project_ddr_new/project_ddr_new.gen/sources_1/bd/design_1/synth/design_1.v:1876]
WARNING: [Synth 8-7071] port 'M_AXI_awlock' of module 's02_couplers_imp_19AQZVR' is unconnected for instance 's02_couplers' [/home/andre/DenoisingLidar/vivado_projects/project_ddr_new/project_ddr_new.gen/sources_1/bd/design_1/synth/design_1.v:1876]
WARNING: [Synth 8-7071] port 'M_AXI_awqos' of module 's02_couplers_imp_19AQZVR' is unconnected for instance 's02_couplers' [/home/andre/DenoisingLidar/vivado_projects/project_ddr_new/project_ddr_new.gen/sources_1/bd/design_1/synth/design_1.v:1876]
WARNING: [Synth 8-7071] port 'M_AXI_awsize' of module 's02_couplers_imp_19AQZVR' is unconnected for instance 's02_couplers' [/home/andre/DenoisingLidar/vivado_projects/project_ddr_new/project_ddr_new.gen/sources_1/bd/design_1/synth/design_1.v:1876]
WARNING: [Synth 8-7071] port 'M_AXI_wlast' of module 's02_couplers_imp_19AQZVR' is unconnected for instance 's02_couplers' [/home/andre/DenoisingLidar/vivado_projects/project_ddr_new/project_ddr_new.gen/sources_1/bd/design_1/synth/design_1.v:1876]
WARNING: [Synth 8-7023] instance 's02_couplers' of module 's02_couplers_imp_19AQZVR' has 78 connections declared, but only 63 given [/home/andre/DenoisingLidar/vivado_projects/project_ddr_new/project_ddr_new.gen/sources_1/bd/design_1/synth/design_1.v:1876]
INFO: [Synth 8-6157] synthesizing module 'design_1_xbar_0' [/home/andre/DenoisingLidar/vivado_projects/project_ddr_new/project_ddr_new.runs/synth_1/.Xil/Vivado-22803-andre/realtime/design_1_xbar_0_stub.v:6]
INFO: [Synth 8-6155] done synthesizing module 'design_1_xbar_0' (15#1) [/home/andre/DenoisingLidar/vivado_projects/project_ddr_new/project_ddr_new.runs/synth_1/.Xil/Vivado-22803-andre/realtime/design_1_xbar_0_stub.v:6]
INFO: [Synth 8-6155] done synthesizing module 'design_1_ps8_0_axi_periph_0' (16#1) [/home/andre/DenoisingLidar/vivado_projects/project_ddr_new/project_ddr_new.gen/sources_1/bd/design_1/synth/design_1.v:1088]
WARNING: [Synth 8-7071] port 'S02_AXI_arready' of module 'design_1_ps8_0_axi_periph_0' is unconnected for instance 'ps8_0_axi_periph' [/home/andre/DenoisingLidar/vivado_projects/project_ddr_new/project_ddr_new.gen/sources_1/bd/design_1/synth/design_1.v:372]
WARNING: [Synth 8-7071] port 'S02_AXI_awready' of module 'design_1_ps8_0_axi_periph_0' is unconnected for instance 'ps8_0_axi_periph' [/home/andre/DenoisingLidar/vivado_projects/project_ddr_new/project_ddr_new.gen/sources_1/bd/design_1/synth/design_1.v:372]
WARNING: [Synth 8-7071] port 'S02_AXI_bid' of module 'design_1_ps8_0_axi_periph_0' is unconnected for instance 'ps8_0_axi_periph' [/home/andre/DenoisingLidar/vivado_projects/project_ddr_new/project_ddr_new.gen/sources_1/bd/design_1/synth/design_1.v:372]
WARNING: [Synth 8-7071] port 'S02_AXI_bresp' of module 'design_1_ps8_0_axi_periph_0' is unconnected for instance 'ps8_0_axi_periph' [/home/andre/DenoisingLidar/vivado_projects/project_ddr_new/project_ddr_new.gen/sources_1/bd/design_1/synth/design_1.v:372]
WARNING: [Synth 8-7071] port 'S02_AXI_bvalid' of module 'design_1_ps8_0_axi_periph_0' is unconnected for instance 'ps8_0_axi_periph' [/home/andre/DenoisingLidar/vivado_projects/project_ddr_new/project_ddr_new.gen/sources_1/bd/design_1/synth/design_1.v:372]
WARNING: [Synth 8-7071] port 'S02_AXI_rdata' of module 'design_1_ps8_0_axi_periph_0' is unconnected for instance 'ps8_0_axi_periph' [/home/andre/DenoisingLidar/vivado_projects/project_ddr_new/project_ddr_new.gen/sources_1/bd/design_1/synth/design_1.v:372]
WARNING: [Synth 8-7071] port 'S02_AXI_rid' of module 'design_1_ps8_0_axi_periph_0' is unconnected for instance 'ps8_0_axi_periph' [/home/andre/DenoisingLidar/vivado_projects/project_ddr_new/project_ddr_new.gen/sources_1/bd/design_1/synth/design_1.v:372]
WARNING: [Synth 8-7071] port 'S02_AXI_rlast' of module 'design_1_ps8_0_axi_periph_0' is unconnected for instance 'ps8_0_axi_periph' [/home/andre/DenoisingLidar/vivado_projects/project_ddr_new/project_ddr_new.gen/sources_1/bd/design_1/synth/design_1.v:372]
WARNING: [Synth 8-7071] port 'S02_AXI_rresp' of module 'design_1_ps8_0_axi_periph_0' is unconnected for instance 'ps8_0_axi_periph' [/home/andre/DenoisingLidar/vivado_projects/project_ddr_new/project_ddr_new.gen/sources_1/bd/design_1/synth/design_1.v:372]
WARNING: [Synth 8-7071] port 'S02_AXI_rvalid' of module 'design_1_ps8_0_axi_periph_0' is unconnected for instance 'ps8_0_axi_periph' [/home/andre/DenoisingLidar/vivado_projects/project_ddr_new/project_ddr_new.gen/sources_1/bd/design_1/synth/design_1.v:372]
WARNING: [Synth 8-7071] port 'S02_AXI_wready' of module 'design_1_ps8_0_axi_periph_0' is unconnected for instance 'ps8_0_axi_periph' [/home/andre/DenoisingLidar/vivado_projects/project_ddr_new/project_ddr_new.gen/sources_1/bd/design_1/synth/design_1.v:372]
WARNING: [Synth 8-7023] instance 'ps8_0_axi_periph' of module 'design_1_ps8_0_axi_periph_0' has 140 connections declared, but only 129 given [/home/andre/DenoisingLidar/vivado_projects/project_ddr_new/project_ddr_new.gen/sources_1/bd/design_1/synth/design_1.v:372]
INFO: [Synth 8-6157] synthesizing module 'design_1_rst_ps8_0_100M_0' [/home/andre/DenoisingLidar/vivado_projects/project_ddr_new/project_ddr_new.runs/synth_1/.Xil/Vivado-22803-andre/realtime/design_1_rst_ps8_0_100M_0_stub.v:6]
INFO: [Synth 8-6155] done synthesizing module 'design_1_rst_ps8_0_100M_0' (17#1) [/home/andre/DenoisingLidar/vivado_projects/project_ddr_new/project_ddr_new.runs/synth_1/.Xil/Vivado-22803-andre/realtime/design_1_rst_ps8_0_100M_0_stub.v:6]
WARNING: [Synth 8-7071] port 'mb_reset' of module 'design_1_rst_ps8_0_100M_0' is unconnected for instance 'rst_ps8_0_100M' [/home/andre/DenoisingLidar/vivado_projects/project_ddr_new/project_ddr_new.gen/sources_1/bd/design_1/synth/design_1.v:502]
WARNING: [Synth 8-7071] port 'bus_struct_reset' of module 'design_1_rst_ps8_0_100M_0' is unconnected for instance 'rst_ps8_0_100M' [/home/andre/DenoisingLidar/vivado_projects/project_ddr_new/project_ddr_new.gen/sources_1/bd/design_1/synth/design_1.v:502]
WARNING: [Synth 8-7071] port 'peripheral_reset' of module 'design_1_rst_ps8_0_100M_0' is unconnected for instance 'rst_ps8_0_100M' [/home/andre/DenoisingLidar/vivado_projects/project_ddr_new/project_ddr_new.gen/sources_1/bd/design_1/synth/design_1.v:502]
WARNING: [Synth 8-7071] port 'interconnect_aresetn' of module 'design_1_rst_ps8_0_100M_0' is unconnected for instance 'rst_ps8_0_100M' [/home/andre/DenoisingLidar/vivado_projects/project_ddr_new/project_ddr_new.gen/sources_1/bd/design_1/synth/design_1.v:502]
WARNING: [Synth 8-7023] instance 'rst_ps8_0_100M' of module 'design_1_rst_ps8_0_100M_0' has 10 connections declared, but only 6 given [/home/andre/DenoisingLidar/vivado_projects/project_ddr_new/project_ddr_new.gen/sources_1/bd/design_1/synth/design_1.v:502]
WARNING: [Synth 8-4446] all outputs are unconnected for this instance and logic may be removed [/home/andre/DenoisingLidar/vivado_projects/project_ddr_new/project_ddr_new.gen/sources_1/bd/design_1/synth/design_1.v:509]
INFO: [Synth 8-6157] synthesizing module 'design_1_system_ila_0_0' [/home/andre/DenoisingLidar/vivado_projects/project_ddr_new/project_ddr_new.runs/synth_1/.Xil/Vivado-22803-andre/realtime/design_1_system_ila_0_0_stub.v:6]
INFO: [Synth 8-6155] done synthesizing module 'design_1_system_ila_0_0' (18#1) [/home/andre/DenoisingLidar/vivado_projects/project_ddr_new/project_ddr_new.runs/synth_1/.Xil/Vivado-22803-andre/realtime/design_1_system_ila_0_0_stub.v:6]
INFO: [Synth 8-6157] synthesizing module 'design_1_zynq_ultra_ps_e_0_0' [/home/andre/DenoisingLidar/vivado_projects/project_ddr_new/project_ddr_new.runs/synth_1/.Xil/Vivado-22803-andre/realtime/design_1_zynq_ultra_ps_e_0_0_stub.v:6]
INFO: [Synth 8-6155] done synthesizing module 'design_1_zynq_ultra_ps_e_0_0' (19#1) [/home/andre/DenoisingLidar/vivado_projects/project_ddr_new/project_ddr_new.runs/synth_1/.Xil/Vivado-22803-andre/realtime/design_1_zynq_ultra_ps_e_0_0_stub.v:6]
WARNING: [Synth 8-7071] port 'maxigp0_awuser' of module 'design_1_zynq_ultra_ps_e_0_0' is unconnected for instance 'zynq_ultra_ps_e_0' [/home/andre/DenoisingLidar/vivado_projects/project_ddr_new/project_ddr_new.gen/sources_1/bd/design_1/synth/design_1.v:588]
WARNING: [Synth 8-7071] port 'maxigp0_aruser' of module 'design_1_zynq_ultra_ps_e_0_0' is unconnected for instance 'zynq_ultra_ps_e_0' [/home/andre/DenoisingLidar/vivado_projects/project_ddr_new/project_ddr_new.gen/sources_1/bd/design_1/synth/design_1.v:588]
WARNING: [Synth 8-7071] port 'maxigp1_awuser' of module 'design_1_zynq_ultra_ps_e_0_0' is unconnected for instance 'zynq_ultra_ps_e_0' [/home/andre/DenoisingLidar/vivado_projects/project_ddr_new/project_ddr_new.gen/sources_1/bd/design_1/synth/design_1.v:588]
WARNING: [Synth 8-7071] port 'maxigp1_aruser' of module 'design_1_zynq_ultra_ps_e_0_0' is unconnected for instance 'zynq_ultra_ps_e_0' [/home/andre/DenoisingLidar/vivado_projects/project_ddr_new/project_ddr_new.gen/sources_1/bd/design_1/synth/design_1.v:588]
WARNING: [Synth 8-7071] port 'saxigp0_bid' of module 'design_1_zynq_ultra_ps_e_0_0' is unconnected for instance 'zynq_ultra_ps_e_0' [/home/andre/DenoisingLidar/vivado_projects/project_ddr_new/project_ddr_new.gen/sources_1/bd/design_1/synth/design_1.v:588]
WARNING: [Synth 8-7071] port 'saxigp0_rid' of module 'design_1_zynq_ultra_ps_e_0_0' is unconnected for instance 'zynq_ultra_ps_e_0' [/home/andre/DenoisingLidar/vivado_projects/project_ddr_new/project_ddr_new.gen/sources_1/bd/design_1/synth/design_1.v:588]
WARNING: [Synth 8-7023] instance 'zynq_ultra_ps_e_0' of module 'design_1_zynq_ultra_ps_e_0_0' has 123 connections declared, but only 117 given [/home/andre/DenoisingLidar/vivado_projects/project_ddr_new/project_ddr_new.gen/sources_1/bd/design_1/synth/design_1.v:588]
INFO: [Synth 8-6071] Mark debug on the nets applies keep_hierarchy on instance 'MI_memoryInterface_A_0'. This will prevent further optimization [/home/andre/DenoisingLidar/vivado_projects/project_ddr_new/project_ddr_new.gen/sources_1/bd/design_1/synth/design_1.v:226]
INFO: [Synth 8-6071] Mark debug on the nets applies keep_hierarchy on instance 'system_ila_0'. This will prevent further optimization [/home/andre/DenoisingLidar/vivado_projects/project_ddr_new/project_ddr_new.gen/sources_1/bd/design_1/synth/design_1.v:509]
INFO: [Synth 8-6071] Mark debug on the nets applies keep_hierarchy on instance 'axi_interconnect_0'. This will prevent further optimization [/home/andre/DenoisingLidar/vivado_projects/project_ddr_new/project_ddr_new.gen/sources_1/bd/design_1/synth/design_1.v:279]
INFO: [Synth 8-6071] Mark debug on the nets applies keep_hierarchy on instance 'ddr_interface_0'. This will prevent further optimization [/home/andre/DenoisingLidar/vivado_projects/project_ddr_new/project_ddr_new.gen/sources_1/bd/design_1/synth/design_1.v:356]
INFO: [Synth 8-6071] Mark debug on the nets applies keep_hierarchy on instance 'zynq_ultra_ps_e_0'. This will prevent further optimization [/home/andre/DenoisingLidar/vivado_projects/project_ddr_new/project_ddr_new.gen/sources_1/bd/design_1/synth/design_1.v:588]
INFO: [Synth 8-6155] done synthesizing module 'design_1' (20#1) [/home/andre/DenoisingLidar/vivado_projects/project_ddr_new/project_ddr_new.gen/sources_1/bd/design_1/synth/design_1.v:13]
INFO: [Synth 8-6155] done synthesizing module 'design_1_wrapper' (21#1) [/home/andre/DenoisingLidar/vivado_projects/project_ddr_new/project_ddr_new.gen/sources_1/bd/design_1/hdl/design_1_wrapper.v:12]
---------------------------------------------------------------------------------
Finished RTL Elaboration : Time (s): cpu = 00:00:04 ; elapsed = 00:00:04 . Memory (MB): peak = 2891.949 ; gain = 98.656 ; free physical = 8325 ; free virtual = 23458
---------------------------------------------------------------------------------
---------------------------------------------------------------------------------
Start Handling Custom Attributes
---------------------------------------------------------------------------------
---------------------------------------------------------------------------------
Finished Handling Custom Attributes : Time (s): cpu = 00:00:04 ; elapsed = 00:00:04 . Memory (MB): peak = 2909.762 ; gain = 116.469 ; free physical = 8322 ; free virtual = 23455
---------------------------------------------------------------------------------
---------------------------------------------------------------------------------
Finished RTL Optimization Phase 1 : Time (s): cpu = 00:00:04 ; elapsed = 00:00:04 . Memory (MB): peak = 2909.762 ; gain = 116.469 ; free physical = 8322 ; free virtual = 23455
---------------------------------------------------------------------------------
Netlist sorting complete. Time (s): cpu = 00:00:00.03 ; elapsed = 00:00:00.03 . Memory (MB): peak = 2909.762 ; gain = 0.000 ; free physical = 8314 ; free virtual = 23447
INFO: [Project 1-570] Preparing netlist for logic optimization

Processing XDC Constraints
Initializing timing engine
Parsing XDC File [/home/andre/DenoisingLidar/vivado_projects/project_ddr_new/project_ddr_new.gen/sources_1/bd/design_1/ip/design_1_zynq_ultra_ps_e_0_0_1/design_1_zynq_ultra_ps_e_0_0/design_1_zynq_ultra_ps_e_0_0_in_context.xdc] for cell 'design_1_i/zynq_ultra_ps_e_0'
Finished Parsing XDC File [/home/andre/DenoisingLidar/vivado_projects/project_ddr_new/project_ddr_new.gen/sources_1/bd/design_1/ip/design_1_zynq_ultra_ps_e_0_0_1/design_1_zynq_ultra_ps_e_0_0/design_1_zynq_ultra_ps_e_0_0_in_context.xdc] for cell 'design_1_i/zynq_ultra_ps_e_0'
Parsing XDC File [/home/andre/DenoisingLidar/vivado_projects/project_ddr_new/project_ddr_new.gen/sources_1/bd/design_1/ip/design_1_AXI_lite_Slave_0_0_1/design_1_AXI_lite_Slave_0_0/design_1_AXI_lite_Slave_0_0_in_context.xdc] for cell 'design_1_i/AXI_lite_Slave_0'
Finished Parsing XDC File [/home/andre/DenoisingLidar/vivado_projects/project_ddr_new/project_ddr_new.gen/sources_1/bd/design_1/ip/design_1_AXI_lite_Slave_0_0_1/design_1_AXI_lite_Slave_0_0/design_1_AXI_lite_Slave_0_0_in_context.xdc] for cell 'design_1_i/AXI_lite_Slave_0'
Parsing XDC File [/home/andre/DenoisingLidar/vivado_projects/project_ddr_new/project_ddr_new.gen/sources_1/bd/design_1/ip/design_1_xbar_0_1/design_1_xbar_0/design_1_xbar_0_in_context.xdc] for cell 'design_1_i/ps8_0_axi_periph/xbar'
Finished Parsing XDC File [/home/andre/DenoisingLidar/vivado_projects/project_ddr_new/project_ddr_new.gen/sources_1/bd/design_1/ip/design_1_xbar_0_1/design_1_xbar_0/design_1_xbar_0_in_context.xdc] for cell 'design_1_i/ps8_0_axi_periph/xbar'
Parsing XDC File [/home/andre/DenoisingLidar/vivado_projects/project_ddr_new/project_ddr_new.gen/sources_1/bd/design_1/ip/design_1_auto_ds_0_1/design_1_auto_ds_0/design_1_auto_ds_1_in_context.xdc] for cell 'design_1_i/ps8_0_axi_periph/s00_couplers/auto_ds'
Finished Parsing XDC File [/home/andre/DenoisingLidar/vivado_projects/project_ddr_new/project_ddr_new.gen/sources_1/bd/design_1/ip/design_1_auto_ds_0_1/design_1_auto_ds_0/design_1_auto_ds_1_in_context.xdc] for cell 'design_1_i/ps8_0_axi_periph/s00_couplers/auto_ds'
Parsing XDC File [/home/andre/DenoisingLidar/vivado_projects/project_ddr_new/project_ddr_new.gen/sources_1/bd/design_1/ip/design_1_auto_pc_0_1/design_1_auto_pc_0/design_1_auto_pc_1_in_context.xdc] for cell 'design_1_i/ps8_0_axi_periph/s00_couplers/auto_pc'
Finished Parsing XDC File [/home/andre/DenoisingLidar/vivado_projects/project_ddr_new/project_ddr_new.gen/sources_1/bd/design_1/ip/design_1_auto_pc_0_1/design_1_auto_pc_0/design_1_auto_pc_1_in_context.xdc] for cell 'design_1_i/ps8_0_axi_periph/s00_couplers/auto_pc'
Parsing XDC File [/home/andre/DenoisingLidar/vivado_projects/project_ddr_new/project_ddr_new.gen/sources_1/bd/design_1/ip/design_1_auto_ds_1_1/design_1_auto_ds_1/design_1_auto_ds_1_in_context.xdc] for cell 'design_1_i/ps8_0_axi_periph/s01_couplers/auto_ds'
Finished Parsing XDC File [/home/andre/DenoisingLidar/vivado_projects/project_ddr_new/project_ddr_new.gen/sources_1/bd/design_1/ip/design_1_auto_ds_1_1/design_1_auto_ds_1/design_1_auto_ds_1_in_context.xdc] for cell 'design_1_i/ps8_0_axi_periph/s01_couplers/auto_ds'
Parsing XDC File [/home/andre/DenoisingLidar/vivado_projects/project_ddr_new/project_ddr_new.gen/sources_1/bd/design_1/ip/design_1_auto_pc_1_1/design_1_auto_pc_1/design_1_auto_pc_1_in_context.xdc] for cell 'design_1_i/ps8_0_axi_periph/s01_couplers/auto_pc'
Finished Parsing XDC File [/home/andre/DenoisingLidar/vivado_projects/project_ddr_new/project_ddr_new.gen/sources_1/bd/design_1/ip/design_1_auto_pc_1_1/design_1_auto_pc_1/design_1_auto_pc_1_in_context.xdc] for cell 'design_1_i/ps8_0_axi_periph/s01_couplers/auto_pc'
Parsing XDC File [/home/andre/DenoisingLidar/vivado_projects/project_ddr_new/project_ddr_new.gen/sources_1/bd/design_1/ip/design_1_rst_ps8_0_100M_0_1/design_1_rst_ps8_0_100M_0/design_1_rst_ps8_0_100M_0_in_context.xdc] for cell 'design_1_i/rst_ps8_0_100M'
Finished Parsing XDC File [/home/andre/DenoisingLidar/vivado_projects/project_ddr_new/project_ddr_new.gen/sources_1/bd/design_1/ip/design_1_rst_ps8_0_100M_0_1/design_1_rst_ps8_0_100M_0/design_1_rst_ps8_0_100M_0_in_context.xdc] for cell 'design_1_i/rst_ps8_0_100M'
Parsing XDC File [/home/andre/DenoisingLidar/vivado_projects/project_ddr_new/project_ddr_new.gen/sources_1/bd/design_1/ip/design_1_auto_us_0_1/design_1_auto_us_0/design_1_auto_us_0_in_context.xdc] for cell 'design_1_i/axi_interconnect_0/s00_couplers/auto_us'
Finished Parsing XDC File [/home/andre/DenoisingLidar/vivado_projects/project_ddr_new/project_ddr_new.gen/sources_1/bd/design_1/ip/design_1_auto_us_0_1/design_1_auto_us_0/design_1_auto_us_0_in_context.xdc] for cell 'design_1_i/axi_interconnect_0/s00_couplers/auto_us'
Parsing XDC File [/home/andre/DenoisingLidar/vivado_projects/project_ddr_new/project_ddr_new.gen/sources_1/bd/design_1/ip/design_1_system_ila_0_0/design_1_system_ila_0_0/design_1_system_ila_0_0_in_context.xdc] for cell 'design_1_i/system_ila_0'
Finished Parsing XDC File [/home/andre/DenoisingLidar/vivado_projects/project_ddr_new/project_ddr_new.gen/sources_1/bd/design_1/ip/design_1_system_ila_0_0/design_1_system_ila_0_0/design_1_system_ila_0_0_in_context.xdc] for cell 'design_1_i/system_ila_0'
Parsing XDC File [/home/andre/DenoisingLidar/vivado_projects/project_ddr_new/project_ddr_new.gen/sources_1/bd/design_1/ip/design_1_ddr_interface_0_0_1/design_1_ddr_interface_0_0/design_1_ddr_interface_0_0_in_context.xdc] for cell 'design_1_i/ddr_interface_0'
Finished Parsing XDC File [/home/andre/DenoisingLidar/vivado_projects/project_ddr_new/project_ddr_new.gen/sources_1/bd/design_1/ip/design_1_ddr_interface_0_0_1/design_1_ddr_interface_0_0/design_1_ddr_interface_0_0_in_context.xdc] for cell 'design_1_i/ddr_interface_0'
Parsing XDC File [/home/andre/DenoisingLidar/vivado_projects/project_ddr_new/project_ddr_new.gen/sources_1/bd/design_1/ip/design_1_MI_memoryInterface_A_0_0_1/design_1_MI_memoryInterface_A_0_0/design_1_MI_memoryInterface_A_0_0_in_context.xdc] for cell 'design_1_i/MI_memoryInterface_A_0'
Finished Parsing XDC File [/home/andre/DenoisingLidar/vivado_projects/project_ddr_new/project_ddr_new.gen/sources_1/bd/design_1/ip/design_1_MI_memoryInterface_A_0_0_1/design_1_MI_memoryInterface_A_0_0/design_1_MI_memoryInterface_A_0_0_in_context.xdc] for cell 'design_1_i/MI_memoryInterface_A_0'
Parsing XDC File [/home/andre/DenoisingLidar/vivado_projects/project_ddr_new/project_ddr_new.runs/synth_1/dont_touch.xdc]
Finished Parsing XDC File [/home/andre/DenoisingLidar/vivado_projects/project_ddr_new/project_ddr_new.runs/synth_1/dont_touch.xdc]
INFO: [Project 1-236] Implementation specific constraints were found while reading constraint file [/home/andre/DenoisingLidar/vivado_projects/project_ddr_new/project_ddr_new.runs/synth_1/dont_touch.xdc]. These constraints will be ignored for synthesis but will be used in implementation. Impacted constraints are listed in the file [.Xil/design_1_wrapper_propImpl.xdc].
Resolution: To avoid this warning, move constraints listed in [.Xil/design_1_wrapper_propImpl.xdc] to another XDC file and exclude this new file from synthesis with the used_in_synthesis property (File Properties dialog in GUI) and re-run elaboration/synthesis.
Completed Processing XDC Constraints

Netlist sorting complete. Time (s): cpu = 00:00:00 ; elapsed = 00:00:00 . Memory (MB): peak = 2970.496 ; gain = 0.000 ; free physical = 9050 ; free virtual = 24183
INFO: [Project 1-111] Unisim Transformation Summary:
No Unisim elements were transformed.

Constraint Validation Runtime : Time (s): cpu = 00:00:00.01 ; elapsed = 00:00:00.01 . Memory (MB): peak = 2970.496 ; gain = 0.000 ; free physical = 9050 ; free virtual = 24183
---------------------------------------------------------------------------------
Finished Constraint Validation : Time (s): cpu = 00:00:11 ; elapsed = 00:00:12 . Memory (MB): peak = 2970.496 ; gain = 177.203 ; free physical = 9137 ; free virtual = 24270
---------------------------------------------------------------------------------
---------------------------------------------------------------------------------
Start Loading Part and Timing Information
---------------------------------------------------------------------------------
Loading part: xczu7ev-ffvc1156-2-e
INFO: [Synth 8-6742] Reading net delay rules and data
---------------------------------------------------------------------------------
Finished Loading Part and Timing Information : Time (s): cpu = 00:00:11 ; elapsed = 00:00:12 . Memory (MB): peak = 2970.496 ; gain = 177.203 ; free physical = 9137 ; free virtual = 24271
---------------------------------------------------------------------------------
---------------------------------------------------------------------------------
Start Applying 'set_property' XDC Constraints
---------------------------------------------------------------------------------
Applied set_property KEEP_HIERARCHY = SOFT for design_1_i. (constraint file  auto generated constraint).
Applied set_property KEEP_HIERARCHY = SOFT for design_1_i/zynq_ultra_ps_e_0. (constraint file  auto generated constraint).
Applied set_property KEEP_HIERARCHY = SOFT for design_1_i/AXI_lite_Slave_0. (constraint file  auto generated constraint).
Applied set_property KEEP_HIERARCHY = SOFT for design_1_i/ps8_0_axi_periph/xbar. (constraint file  auto generated constraint).
Applied set_property KEEP_HIERARCHY = SOFT for design_1_i/ps8_0_axi_periph/s00_couplers/auto_ds. (constraint file  auto generated constraint).
Applied set_property KEEP_HIERARCHY = SOFT for design_1_i/ps8_0_axi_periph/s00_couplers/auto_pc. (constraint file  auto generated constraint).
Applied set_property KEEP_HIERARCHY = SOFT for design_1_i/ps8_0_axi_periph/s01_couplers/auto_ds. (constraint file  auto generated constraint).
Applied set_property KEEP_HIERARCHY = SOFT for design_1_i/ps8_0_axi_periph/s01_couplers/auto_pc. (constraint file  auto generated constraint).
Applied set_property KEEP_HIERARCHY = SOFT for design_1_i/ps8_0_axi_periph. (constraint file  auto generated constraint).
Applied set_property KEEP_HIERARCHY = SOFT for design_1_i/rst_ps8_0_100M. (constraint file  auto generated constraint).
Applied set_property KEEP_HIERARCHY = SOFT for design_1_i/axi_interconnect_0/s00_couplers/auto_us. (constraint file  auto generated constraint).
Applied set_property KEEP_HIERARCHY = SOFT for design_1_i/axi_interconnect_0. (constraint file  auto generated constraint).
Applied set_property KEEP_HIERARCHY = SOFT for design_1_i/system_ila_0. (constraint file  auto generated constraint).
Applied set_property KEEP_HIERARCHY = SOFT for design_1_i/ddr_interface_0. (constraint file  auto generated constraint).
Applied set_property KEEP_HIERARCHY = SOFT for design_1_i/MI_memoryInterface_A_0. (constraint file  auto generated constraint).
---------------------------------------------------------------------------------
Finished applying 'set_property' XDC Constraints : Time (s): cpu = 00:00:11 ; elapsed = 00:00:12 . Memory (MB): peak = 2970.496 ; gain = 177.203 ; free physical = 9137 ; free virtual = 24271
---------------------------------------------------------------------------------
---------------------------------------------------------------------------------
Finished RTL Optimization Phase 2 : Time (s): cpu = 00:00:11 ; elapsed = 00:00:12 . Memory (MB): peak = 2970.496 ; gain = 177.203 ; free physical = 9140 ; free virtual = 24275
---------------------------------------------------------------------------------
---------------------------------------------------------------------------------
Start RTL Component Statistics 
---------------------------------------------------------------------------------
Detailed RTL Component Info : 
---------------------------------------------------------------------------------
Finished RTL Component Statistics 
---------------------------------------------------------------------------------
---------------------------------------------------------------------------------
Start Part Resource Summary
---------------------------------------------------------------------------------
Part Resources:
DSPs: 1728 (col length:144)
BRAMs: 624 (col length: RAMB18 144 RAMB36 72)
---------------------------------------------------------------------------------
Finished Part Resource Summary
---------------------------------------------------------------------------------
---------------------------------------------------------------------------------
Start Cross Boundary and Area Optimization
---------------------------------------------------------------------------------
---------------------------------------------------------------------------------
Finished Cross Boundary and Area Optimization : Time (s): cpu = 00:00:12 ; elapsed = 00:00:13 . Memory (MB): peak = 2970.496 ; gain = 177.203 ; free physical = 9125 ; free virtual = 24265
---------------------------------------------------------------------------------
---------------------------------------------------------------------------------
Start Applying XDC Timing Constraints
---------------------------------------------------------------------------------
---------------------------------------------------------------------------------
Finished Applying XDC Timing Constraints : Time (s): cpu = 00:00:20 ; elapsed = 00:00:22 . Memory (MB): peak = 3435.082 ; gain = 641.789 ; free physical = 8538 ; free virtual = 23692
---------------------------------------------------------------------------------
---------------------------------------------------------------------------------
Start Timing Optimization
---------------------------------------------------------------------------------
---------------------------------------------------------------------------------
Finished Timing Optimization : Time (s): cpu = 00:00:20 ; elapsed = 00:00:22 . Memory (MB): peak = 3435.082 ; gain = 641.789 ; free physical = 8538 ; free virtual = 23692
---------------------------------------------------------------------------------
---------------------------------------------------------------------------------
Start Technology Mapping
---------------------------------------------------------------------------------
---------------------------------------------------------------------------------
Finished Technology Mapping : Time (s): cpu = 00:00:20 ; elapsed = 00:00:22 . Memory (MB): peak = 3462.121 ; gain = 668.828 ; free physical = 8535 ; free virtual = 23688
---------------------------------------------------------------------------------
---------------------------------------------------------------------------------
Start IO Insertion
---------------------------------------------------------------------------------
---------------------------------------------------------------------------------
Start Flattening Before IO Insertion
---------------------------------------------------------------------------------
---------------------------------------------------------------------------------
Finished Flattening Before IO Insertion
---------------------------------------------------------------------------------
---------------------------------------------------------------------------------
Start Final Netlist Cleanup
---------------------------------------------------------------------------------
---------------------------------------------------------------------------------
Finished Final Netlist Cleanup
---------------------------------------------------------------------------------
---------------------------------------------------------------------------------
Finished IO Insertion : Time (s): cpu = 00:00:23 ; elapsed = 00:00:25 . Memory (MB): peak = 3462.121 ; gain = 668.828 ; free physical = 8534 ; free virtual = 23688
---------------------------------------------------------------------------------
---------------------------------------------------------------------------------
Start Renaming Generated Instances
---------------------------------------------------------------------------------
---------------------------------------------------------------------------------
Finished Renaming Generated Instances : Time (s): cpu = 00:00:23 ; elapsed = 00:00:25 . Memory (MB): peak = 3462.121 ; gain = 668.828 ; free physical = 8534 ; free virtual = 23688
---------------------------------------------------------------------------------
---------------------------------------------------------------------------------
Start Rebuilding User Hierarchy
---------------------------------------------------------------------------------
---------------------------------------------------------------------------------
Finished Rebuilding User Hierarchy : Time (s): cpu = 00:00:23 ; elapsed = 00:00:25 . Memory (MB): peak = 3462.121 ; gain = 668.828 ; free physical = 8534 ; free virtual = 23688
---------------------------------------------------------------------------------
---------------------------------------------------------------------------------
Start Renaming Generated Ports
---------------------------------------------------------------------------------
---------------------------------------------------------------------------------
Finished Renaming Generated Ports : Time (s): cpu = 00:00:23 ; elapsed = 00:00:25 . Memory (MB): peak = 3462.121 ; gain = 668.828 ; free physical = 8534 ; free virtual = 23688
---------------------------------------------------------------------------------
---------------------------------------------------------------------------------
Start Handling Custom Attributes
---------------------------------------------------------------------------------
---------------------------------------------------------------------------------
Finished Handling Custom Attributes : Time (s): cpu = 00:00:23 ; elapsed = 00:00:25 . Memory (MB): peak = 3462.121 ; gain = 668.828 ; free physical = 8534 ; free virtual = 23688
---------------------------------------------------------------------------------
---------------------------------------------------------------------------------
Start Renaming Generated Nets
---------------------------------------------------------------------------------
---------------------------------------------------------------------------------
Finished Renaming Generated Nets : Time (s): cpu = 00:00:23 ; elapsed = 00:00:25 . Memory (MB): peak = 3462.121 ; gain = 668.828 ; free physical = 8534 ; free virtual = 23687
---------------------------------------------------------------------------------
---------------------------------------------------------------------------------
Start Writing Synthesis Report
---------------------------------------------------------------------------------

Report BlackBoxes: 
+------+----------------------------------+----------+
|      |BlackBox name                     |Instances |
+------+----------------------------------+----------+
|1     |design_1_auto_us_0                |         1|
|2     |design_1_xbar_0                   |         1|
|3     |design_1_auto_ds_0                |         1|
|4     |design_1_auto_pc_0                |         1|
|5     |design_1_auto_ds_1                |         1|
|6     |design_1_auto_pc_1                |         1|
|7     |design_1_AXI_lite_Slave_0_0       |         1|
|8     |design_1_MI_memoryInterface_A_0_0 |         1|
|9     |design_1_ddr_interface_0_0        |         1|
|10    |design_1_rst_ps8_0_100M_0         |         1|
|11    |design_1_system_ila_0_0           |         1|
|12    |design_1_zynq_ultra_ps_e_0_0      |         1|
+------+----------------------------------+----------+

Report Cell Usage: 
+------+--------------------------------+------+
|      |Cell                            |Count |
+------+--------------------------------+------+
|1     |design_1_AXI_lite_Slave_0       |     1|
|2     |design_1_MI_memoryInterface_A_0 |     1|
|3     |design_1_auto_ds                |     2|
|5     |design_1_auto_pc                |     2|
|7     |design_1_auto_us                |     1|
|8     |design_1_ddr_interface_0        |     1|
|9     |design_1_rst_ps8_0_100M         |     1|
|10    |design_1_system_ila_0           |     1|
|11    |design_1_xbar                   |     1|
|12    |design_1_zynq_ultra_ps_e_0      |     1|
+------+--------------------------------+------+
---------------------------------------------------------------------------------
Finished Writing Synthesis Report : Time (s): cpu = 00:00:23 ; elapsed = 00:00:25 . Memory (MB): peak = 3462.121 ; gain = 668.828 ; free physical = 8534 ; free virtual = 23687
---------------------------------------------------------------------------------
Synthesis finished with 0 errors, 0 critical warnings and 0 warnings.
Synthesis Optimization Runtime : Time (s): cpu = 00:00:18 ; elapsed = 00:00:20 . Memory (MB): peak = 3462.121 ; gain = 608.094 ; free physical = 8574 ; free virtual = 23727
Synthesis Optimization Complete : Time (s): cpu = 00:00:23 ; elapsed = 00:00:25 . Memory (MB): peak = 3462.129 ; gain = 668.828 ; free physical = 8574 ; free virtual = 23727
INFO: [Project 1-571] Translating synthesized netlist
Netlist sorting complete. Time (s): cpu = 00:00:00.03 ; elapsed = 00:00:00.04 . Memory (MB): peak = 3462.129 ; gain = 0.000 ; free physical = 8661 ; free virtual = 23814
INFO: [Project 1-570] Preparing netlist for logic optimization
INFO: [Opt 31-138] Pushed 0 inverter(s) to 0 load pin(s).
Netlist sorting complete. Time (s): cpu = 00:00:00 ; elapsed = 00:00:00 . Memory (MB): peak = 3508.746 ; gain = 0.000 ; free physical = 8582 ; free virtual = 23736
INFO: [Project 1-111] Unisim Transformation Summary:
No Unisim elements were transformed.

Synth Design complete, checksum: f6201773
INFO: [Common 17-83] Releasing license: Synthesis
64 Infos, 46 Warnings, 0 Critical Warnings and 0 Errors encountered.
synth_design completed successfully
synth_design: Time (s): cpu = 00:00:32 ; elapsed = 00:00:30 . Memory (MB): peak = 3520.715 ; gain = 882.738 ; free physical = 8722 ; free virtual = 23875
INFO: [Common 17-1381] The checkpoint '/home/andre/DenoisingLidar/vivado_projects/project_ddr_new/project_ddr_new.runs/synth_1/design_1_wrapper.dcp' has been generated.
INFO: [runtcl-4] Executing : report_utilization -file design_1_wrapper_utilization_synth.rpt -pb design_1_wrapper_utilization_synth.pb
INFO: [Common 17-206] Exiting Vivado at Fri Oct 29 16:58:22 2021...
