
*** Running vivado
    with args -log design_1_zynq_ultra_ps_e_0_0.vds -m64 -product Vivado -mode batch -messageDb vivado.pb -notrace -source design_1_zynq_ultra_ps_e_0_0.tcl


****** Vivado v2021.1.1 (64-bit)
  **** SW Build 3286242 on Wed Jul 28 13:09:46 MDT 2021
  **** IP Build 3279568 on Wed Jul 28 16:48:48 MDT 2021
    ** Copyright 1986-2021 Xilinx, Inc. All Rights Reserved.

source design_1_zynq_ultra_ps_e_0_0.tcl -notrace
Command: synth_design -top design_1_zynq_ultra_ps_e_0_0 -part xczu7ev-ffvc1156-2-e -mode out_of_context
Starting synth_design
Attempting to get a license for feature 'Synthesis' and/or device 'xczu7ev'
INFO: [Common 17-349] Got license for feature 'Synthesis' and/or device 'xczu7ev'
INFO: [Device 21-403] Loading part xczu7ev-ffvc1156-2-e
INFO: [Synth 8-7079] Multithreading enabled for synth_design using a maximum of 4 processes.
INFO: [Synth 8-7078] Launching helper process for spawning children vivado processes
INFO: [Synth 8-7075] Helper process launched with PID 15696
---------------------------------------------------------------------------------
Starting RTL Elaboration : Time (s): cpu = 00:00:03 ; elapsed = 00:00:32 . Memory (MB): peak = 2762.133 ; gain = 48.719 ; free physical = 143 ; free virtual = 12190
---------------------------------------------------------------------------------
INFO: [Synth 8-6157] synthesizing module 'design_1_zynq_ultra_ps_e_0_0' [/home/andre/DenoisingLidar/vivado_projects/project_ddr_new/project_ddr_new.gen/sources_1/bd/design_1/ip/design_1_zynq_ultra_ps_e_0_0_1/synth/design_1_zynq_ultra_ps_e_0_0.v:59]
INFO: [Synth 8-6157] synthesizing module 'zynq_ultra_ps_e_v3_3_5_zynq_ultra_ps_e' [/home/andre/DenoisingLidar/vivado_projects/project_ddr_new/project_ddr_new.gen/sources_1/bd/design_1/ip/design_1_zynq_ultra_ps_e_0_0_1/hdl/zynq_ultra_ps_e_v3_3_5.v:311]
INFO: [Synth 8-6157] synthesizing module 'BUFG_PS' [/home/andre/Vivado/Vivado/2021.1/scripts/rt/data/unisim_comp.v:1307]
INFO: [Synth 8-6155] done synthesizing module 'BUFG_PS' (1#1) [/home/andre/Vivado/Vivado/2021.1/scripts/rt/data/unisim_comp.v:1307]
INFO: [Synth 8-6157] synthesizing module 'PS8' [/home/andre/Vivado/Vivado/2021.1/scripts/rt/data/unisim_comp.v:86207]
INFO: [Synth 8-6155] done synthesizing module 'PS8' (2#1) [/home/andre/Vivado/Vivado/2021.1/scripts/rt/data/unisim_comp.v:86207]
WARNING: [Synth 8-689] width (4) of port connection 'EMIOSDIO1DATAOUT' does not match port width (8) of module 'PS8' [/home/andre/DenoisingLidar/vivado_projects/project_ddr_new/project_ddr_new.gen/sources_1/bd/design_1/ip/design_1_zynq_ultra_ps_e_0_0_1/hdl/zynq_ultra_ps_e_v3_3_5.v:4688]
WARNING: [Synth 8-689] width (4) of port connection 'EMIOSDIO1DATAENA' does not match port width (8) of module 'PS8' [/home/andre/DenoisingLidar/vivado_projects/project_ddr_new/project_ddr_new.gen/sources_1/bd/design_1/ip/design_1_zynq_ultra_ps_e_0_0_1/hdl/zynq_ultra_ps_e_v3_3_5.v:4689]
WARNING: [Synth 8-7071] port 'PSS_ALTO_CORE_PAD_MGTTXN0OUT' of module 'PS8' is unconnected for instance 'PS8_i' [/home/andre/DenoisingLidar/vivado_projects/project_ddr_new/project_ddr_new.gen/sources_1/bd/design_1/ip/design_1_zynq_ultra_ps_e_0_0_1/hdl/zynq_ultra_ps_e_v3_3_5.v:3865]
WARNING: [Synth 8-7071] port 'PSS_ALTO_CORE_PAD_MGTTXN1OUT' of module 'PS8' is unconnected for instance 'PS8_i' [/home/andre/DenoisingLidar/vivado_projects/project_ddr_new/project_ddr_new.gen/sources_1/bd/design_1/ip/design_1_zynq_ultra_ps_e_0_0_1/hdl/zynq_ultra_ps_e_v3_3_5.v:3865]
WARNING: [Synth 8-7071] port 'PSS_ALTO_CORE_PAD_MGTTXN2OUT' of module 'PS8' is unconnected for instance 'PS8_i' [/home/andre/DenoisingLidar/vivado_projects/project_ddr_new/project_ddr_new.gen/sources_1/bd/design_1/ip/design_1_zynq_ultra_ps_e_0_0_1/hdl/zynq_ultra_ps_e_v3_3_5.v:3865]
WARNING: [Synth 8-7071] port 'PSS_ALTO_CORE_PAD_MGTTXN3OUT' of module 'PS8' is unconnected for instance 'PS8_i' [/home/andre/DenoisingLidar/vivado_projects/project_ddr_new/project_ddr_new.gen/sources_1/bd/design_1/ip/design_1_zynq_ultra_ps_e_0_0_1/hdl/zynq_ultra_ps_e_v3_3_5.v:3865]
WARNING: [Synth 8-7071] port 'PSS_ALTO_CORE_PAD_MGTTXP0OUT' of module 'PS8' is unconnected for instance 'PS8_i' [/home/andre/DenoisingLidar/vivado_projects/project_ddr_new/project_ddr_new.gen/sources_1/bd/design_1/ip/design_1_zynq_ultra_ps_e_0_0_1/hdl/zynq_ultra_ps_e_v3_3_5.v:3865]
WARNING: [Synth 8-7071] port 'PSS_ALTO_CORE_PAD_MGTTXP1OUT' of module 'PS8' is unconnected for instance 'PS8_i' [/home/andre/DenoisingLidar/vivado_projects/project_ddr_new/project_ddr_new.gen/sources_1/bd/design_1/ip/design_1_zynq_ultra_ps_e_0_0_1/hdl/zynq_ultra_ps_e_v3_3_5.v:3865]
WARNING: [Synth 8-7071] port 'PSS_ALTO_CORE_PAD_MGTTXP2OUT' of module 'PS8' is unconnected for instance 'PS8_i' [/home/andre/DenoisingLidar/vivado_projects/project_ddr_new/project_ddr_new.gen/sources_1/bd/design_1/ip/design_1_zynq_ultra_ps_e_0_0_1/hdl/zynq_ultra_ps_e_v3_3_5.v:3865]
WARNING: [Synth 8-7071] port 'PSS_ALTO_CORE_PAD_MGTTXP3OUT' of module 'PS8' is unconnected for instance 'PS8_i' [/home/andre/DenoisingLidar/vivado_projects/project_ddr_new/project_ddr_new.gen/sources_1/bd/design_1/ip/design_1_zynq_ultra_ps_e_0_0_1/hdl/zynq_ultra_ps_e_v3_3_5.v:3865]
WARNING: [Synth 8-7071] port 'PSS_ALTO_CORE_PAD_PADO' of module 'PS8' is unconnected for instance 'PS8_i' [/home/andre/DenoisingLidar/vivado_projects/project_ddr_new/project_ddr_new.gen/sources_1/bd/design_1/ip/design_1_zynq_ultra_ps_e_0_0_1/hdl/zynq_ultra_ps_e_v3_3_5.v:3865]
WARNING: [Synth 8-7071] port 'PSS_ALTO_CORE_PAD_BOOTMODE' of module 'PS8' is unconnected for instance 'PS8_i' [/home/andre/DenoisingLidar/vivado_projects/project_ddr_new/project_ddr_new.gen/sources_1/bd/design_1/ip/design_1_zynq_ultra_ps_e_0_0_1/hdl/zynq_ultra_ps_e_v3_3_5.v:3865]
WARNING: [Synth 8-7071] port 'PSS_ALTO_CORE_PAD_CLK' of module 'PS8' is unconnected for instance 'PS8_i' [/home/andre/DenoisingLidar/vivado_projects/project_ddr_new/project_ddr_new.gen/sources_1/bd/design_1/ip/design_1_zynq_ultra_ps_e_0_0_1/hdl/zynq_ultra_ps_e_v3_3_5.v:3865]
WARNING: [Synth 8-7071] port 'PSS_ALTO_CORE_PAD_DONEB' of module 'PS8' is unconnected for instance 'PS8_i' [/home/andre/DenoisingLidar/vivado_projects/project_ddr_new/project_ddr_new.gen/sources_1/bd/design_1/ip/design_1_zynq_ultra_ps_e_0_0_1/hdl/zynq_ultra_ps_e_v3_3_5.v:3865]
WARNING: [Synth 8-7071] port 'PSS_ALTO_CORE_PAD_DRAMA' of module 'PS8' is unconnected for instance 'PS8_i' [/home/andre/DenoisingLidar/vivado_projects/project_ddr_new/project_ddr_new.gen/sources_1/bd/design_1/ip/design_1_zynq_ultra_ps_e_0_0_1/hdl/zynq_ultra_ps_e_v3_3_5.v:3865]
WARNING: [Synth 8-7071] port 'PSS_ALTO_CORE_PAD_DRAMACTN' of module 'PS8' is unconnected for instance 'PS8_i' [/home/andre/DenoisingLidar/vivado_projects/project_ddr_new/project_ddr_new.gen/sources_1/bd/design_1/ip/design_1_zynq_ultra_ps_e_0_0_1/hdl/zynq_ultra_ps_e_v3_3_5.v:3865]
WARNING: [Synth 8-7071] port 'PSS_ALTO_CORE_PAD_DRAMALERTN' of module 'PS8' is unconnected for instance 'PS8_i' [/home/andre/DenoisingLidar/vivado_projects/project_ddr_new/project_ddr_new.gen/sources_1/bd/design_1/ip/design_1_zynq_ultra_ps_e_0_0_1/hdl/zynq_ultra_ps_e_v3_3_5.v:3865]
WARNING: [Synth 8-7071] port 'PSS_ALTO_CORE_PAD_DRAMBA' of module 'PS8' is unconnected for instance 'PS8_i' [/home/andre/DenoisingLidar/vivado_projects/project_ddr_new/project_ddr_new.gen/sources_1/bd/design_1/ip/design_1_zynq_ultra_ps_e_0_0_1/hdl/zynq_ultra_ps_e_v3_3_5.v:3865]
WARNING: [Synth 8-7071] port 'PSS_ALTO_CORE_PAD_DRAMBG' of module 'PS8' is unconnected for instance 'PS8_i' [/home/andre/DenoisingLidar/vivado_projects/project_ddr_new/project_ddr_new.gen/sources_1/bd/design_1/ip/design_1_zynq_ultra_ps_e_0_0_1/hdl/zynq_ultra_ps_e_v3_3_5.v:3865]
WARNING: [Synth 8-7071] port 'PSS_ALTO_CORE_PAD_DRAMCK' of module 'PS8' is unconnected for instance 'PS8_i' [/home/andre/DenoisingLidar/vivado_projects/project_ddr_new/project_ddr_new.gen/sources_1/bd/design_1/ip/design_1_zynq_ultra_ps_e_0_0_1/hdl/zynq_ultra_ps_e_v3_3_5.v:3865]
WARNING: [Synth 8-7071] port 'PSS_ALTO_CORE_PAD_DRAMCKE' of module 'PS8' is unconnected for instance 'PS8_i' [/home/andre/DenoisingLidar/vivado_projects/project_ddr_new/project_ddr_new.gen/sources_1/bd/design_1/ip/design_1_zynq_ultra_ps_e_0_0_1/hdl/zynq_ultra_ps_e_v3_3_5.v:3865]
WARNING: [Synth 8-7071] port 'PSS_ALTO_CORE_PAD_DRAMCKN' of module 'PS8' is unconnected for instance 'PS8_i' [/home/andre/DenoisingLidar/vivado_projects/project_ddr_new/project_ddr_new.gen/sources_1/bd/design_1/ip/design_1_zynq_ultra_ps_e_0_0_1/hdl/zynq_ultra_ps_e_v3_3_5.v:3865]
WARNING: [Synth 8-7071] port 'PSS_ALTO_CORE_PAD_DRAMCSN' of module 'PS8' is unconnected for instance 'PS8_i' [/home/andre/DenoisingLidar/vivado_projects/project_ddr_new/project_ddr_new.gen/sources_1/bd/design_1/ip/design_1_zynq_ultra_ps_e_0_0_1/hdl/zynq_ultra_ps_e_v3_3_5.v:3865]
WARNING: [Synth 8-7071] port 'PSS_ALTO_CORE_PAD_DRAMDM' of module 'PS8' is unconnected for instance 'PS8_i' [/home/andre/DenoisingLidar/vivado_projects/project_ddr_new/project_ddr_new.gen/sources_1/bd/design_1/ip/design_1_zynq_ultra_ps_e_0_0_1/hdl/zynq_ultra_ps_e_v3_3_5.v:3865]
WARNING: [Synth 8-7071] port 'PSS_ALTO_CORE_PAD_DRAMDQ' of module 'PS8' is unconnected for instance 'PS8_i' [/home/andre/DenoisingLidar/vivado_projects/project_ddr_new/project_ddr_new.gen/sources_1/bd/design_1/ip/design_1_zynq_ultra_ps_e_0_0_1/hdl/zynq_ultra_ps_e_v3_3_5.v:3865]
WARNING: [Synth 8-7071] port 'PSS_ALTO_CORE_PAD_DRAMDQS' of module 'PS8' is unconnected for instance 'PS8_i' [/home/andre/DenoisingLidar/vivado_projects/project_ddr_new/project_ddr_new.gen/sources_1/bd/design_1/ip/design_1_zynq_ultra_ps_e_0_0_1/hdl/zynq_ultra_ps_e_v3_3_5.v:3865]
WARNING: [Synth 8-7071] port 'PSS_ALTO_CORE_PAD_DRAMDQSN' of module 'PS8' is unconnected for instance 'PS8_i' [/home/andre/DenoisingLidar/vivado_projects/project_ddr_new/project_ddr_new.gen/sources_1/bd/design_1/ip/design_1_zynq_ultra_ps_e_0_0_1/hdl/zynq_ultra_ps_e_v3_3_5.v:3865]
WARNING: [Synth 8-7071] port 'PSS_ALTO_CORE_PAD_DRAMODT' of module 'PS8' is unconnected for instance 'PS8_i' [/home/andre/DenoisingLidar/vivado_projects/project_ddr_new/project_ddr_new.gen/sources_1/bd/design_1/ip/design_1_zynq_ultra_ps_e_0_0_1/hdl/zynq_ultra_ps_e_v3_3_5.v:3865]
WARNING: [Synth 8-7071] port 'PSS_ALTO_CORE_PAD_DRAMPARITY' of module 'PS8' is unconnected for instance 'PS8_i' [/home/andre/DenoisingLidar/vivado_projects/project_ddr_new/project_ddr_new.gen/sources_1/bd/design_1/ip/design_1_zynq_ultra_ps_e_0_0_1/hdl/zynq_ultra_ps_e_v3_3_5.v:3865]
WARNING: [Synth 8-7071] port 'PSS_ALTO_CORE_PAD_DRAMRAMRSTN' of module 'PS8' is unconnected for instance 'PS8_i' [/home/andre/DenoisingLidar/vivado_projects/project_ddr_new/project_ddr_new.gen/sources_1/bd/design_1/ip/design_1_zynq_ultra_ps_e_0_0_1/hdl/zynq_ultra_ps_e_v3_3_5.v:3865]
WARNING: [Synth 8-7071] port 'PSS_ALTO_CORE_PAD_ERROROUT' of module 'PS8' is unconnected for instance 'PS8_i' [/home/andre/DenoisingLidar/vivado_projects/project_ddr_new/project_ddr_new.gen/sources_1/bd/design_1/ip/design_1_zynq_ultra_ps_e_0_0_1/hdl/zynq_ultra_ps_e_v3_3_5.v:3865]
WARNING: [Synth 8-7071] port 'PSS_ALTO_CORE_PAD_ERRORSTATUS' of module 'PS8' is unconnected for instance 'PS8_i' [/home/andre/DenoisingLidar/vivado_projects/project_ddr_new/project_ddr_new.gen/sources_1/bd/design_1/ip/design_1_zynq_ultra_ps_e_0_0_1/hdl/zynq_ultra_ps_e_v3_3_5.v:3865]
WARNING: [Synth 8-7071] port 'PSS_ALTO_CORE_PAD_INITB' of module 'PS8' is unconnected for instance 'PS8_i' [/home/andre/DenoisingLidar/vivado_projects/project_ddr_new/project_ddr_new.gen/sources_1/bd/design_1/ip/design_1_zynq_ultra_ps_e_0_0_1/hdl/zynq_ultra_ps_e_v3_3_5.v:3865]
WARNING: [Synth 8-7071] port 'PSS_ALTO_CORE_PAD_JTAGTCK' of module 'PS8' is unconnected for instance 'PS8_i' [/home/andre/DenoisingLidar/vivado_projects/project_ddr_new/project_ddr_new.gen/sources_1/bd/design_1/ip/design_1_zynq_ultra_ps_e_0_0_1/hdl/zynq_ultra_ps_e_v3_3_5.v:3865]
WARNING: [Synth 8-7071] port 'PSS_ALTO_CORE_PAD_JTAGTDI' of module 'PS8' is unconnected for instance 'PS8_i' [/home/andre/DenoisingLidar/vivado_projects/project_ddr_new/project_ddr_new.gen/sources_1/bd/design_1/ip/design_1_zynq_ultra_ps_e_0_0_1/hdl/zynq_ultra_ps_e_v3_3_5.v:3865]
WARNING: [Synth 8-7071] port 'PSS_ALTO_CORE_PAD_JTAGTDO' of module 'PS8' is unconnected for instance 'PS8_i' [/home/andre/DenoisingLidar/vivado_projects/project_ddr_new/project_ddr_new.gen/sources_1/bd/design_1/ip/design_1_zynq_ultra_ps_e_0_0_1/hdl/zynq_ultra_ps_e_v3_3_5.v:3865]
WARNING: [Synth 8-7071] port 'PSS_ALTO_CORE_PAD_JTAGTMS' of module 'PS8' is unconnected for instance 'PS8_i' [/home/andre/DenoisingLidar/vivado_projects/project_ddr_new/project_ddr_new.gen/sources_1/bd/design_1/ip/design_1_zynq_ultra_ps_e_0_0_1/hdl/zynq_ultra_ps_e_v3_3_5.v:3865]
WARNING: [Synth 8-7071] port 'PSS_ALTO_CORE_PAD_MIO' of module 'PS8' is unconnected for instance 'PS8_i' [/home/andre/DenoisingLidar/vivado_projects/project_ddr_new/project_ddr_new.gen/sources_1/bd/design_1/ip/design_1_zynq_ultra_ps_e_0_0_1/hdl/zynq_ultra_ps_e_v3_3_5.v:3865]
WARNING: [Synth 8-7071] port 'PSS_ALTO_CORE_PAD_PORB' of module 'PS8' is unconnected for instance 'PS8_i' [/home/andre/DenoisingLidar/vivado_projects/project_ddr_new/project_ddr_new.gen/sources_1/bd/design_1/ip/design_1_zynq_ultra_ps_e_0_0_1/hdl/zynq_ultra_ps_e_v3_3_5.v:3865]
WARNING: [Synth 8-7071] port 'PSS_ALTO_CORE_PAD_PROGB' of module 'PS8' is unconnected for instance 'PS8_i' [/home/andre/DenoisingLidar/vivado_projects/project_ddr_new/project_ddr_new.gen/sources_1/bd/design_1/ip/design_1_zynq_ultra_ps_e_0_0_1/hdl/zynq_ultra_ps_e_v3_3_5.v:3865]
WARNING: [Synth 8-7071] port 'PSS_ALTO_CORE_PAD_RCALIBINOUT' of module 'PS8' is unconnected for instance 'PS8_i' [/home/andre/DenoisingLidar/vivado_projects/project_ddr_new/project_ddr_new.gen/sources_1/bd/design_1/ip/design_1_zynq_ultra_ps_e_0_0_1/hdl/zynq_ultra_ps_e_v3_3_5.v:3865]
WARNING: [Synth 8-7071] port 'PSS_ALTO_CORE_PAD_SRSTB' of module 'PS8' is unconnected for instance 'PS8_i' [/home/andre/DenoisingLidar/vivado_projects/project_ddr_new/project_ddr_new.gen/sources_1/bd/design_1/ip/design_1_zynq_ultra_ps_e_0_0_1/hdl/zynq_ultra_ps_e_v3_3_5.v:3865]
WARNING: [Synth 8-7071] port 'PSS_ALTO_CORE_PAD_ZQ' of module 'PS8' is unconnected for instance 'PS8_i' [/home/andre/DenoisingLidar/vivado_projects/project_ddr_new/project_ddr_new.gen/sources_1/bd/design_1/ip/design_1_zynq_ultra_ps_e_0_0_1/hdl/zynq_ultra_ps_e_v3_3_5.v:3865]
WARNING: [Synth 8-7071] port 'PSS_ALTO_CORE_PAD_MGTRXN0IN' of module 'PS8' is unconnected for instance 'PS8_i' [/home/andre/DenoisingLidar/vivado_projects/project_ddr_new/project_ddr_new.gen/sources_1/bd/design_1/ip/design_1_zynq_ultra_ps_e_0_0_1/hdl/zynq_ultra_ps_e_v3_3_5.v:3865]
WARNING: [Synth 8-7071] port 'PSS_ALTO_CORE_PAD_MGTRXN1IN' of module 'PS8' is unconnected for instance 'PS8_i' [/home/andre/DenoisingLidar/vivado_projects/project_ddr_new/project_ddr_new.gen/sources_1/bd/design_1/ip/design_1_zynq_ultra_ps_e_0_0_1/hdl/zynq_ultra_ps_e_v3_3_5.v:3865]
WARNING: [Synth 8-7071] port 'PSS_ALTO_CORE_PAD_MGTRXN2IN' of module 'PS8' is unconnected for instance 'PS8_i' [/home/andre/DenoisingLidar/vivado_projects/project_ddr_new/project_ddr_new.gen/sources_1/bd/design_1/ip/design_1_zynq_ultra_ps_e_0_0_1/hdl/zynq_ultra_ps_e_v3_3_5.v:3865]
WARNING: [Synth 8-7071] port 'PSS_ALTO_CORE_PAD_MGTRXN3IN' of module 'PS8' is unconnected for instance 'PS8_i' [/home/andre/DenoisingLidar/vivado_projects/project_ddr_new/project_ddr_new.gen/sources_1/bd/design_1/ip/design_1_zynq_ultra_ps_e_0_0_1/hdl/zynq_ultra_ps_e_v3_3_5.v:3865]
WARNING: [Synth 8-7071] port 'PSS_ALTO_CORE_PAD_MGTRXP0IN' of module 'PS8' is unconnected for instance 'PS8_i' [/home/andre/DenoisingLidar/vivado_projects/project_ddr_new/project_ddr_new.gen/sources_1/bd/design_1/ip/design_1_zynq_ultra_ps_e_0_0_1/hdl/zynq_ultra_ps_e_v3_3_5.v:3865]
WARNING: [Synth 8-7071] port 'PSS_ALTO_CORE_PAD_MGTRXP1IN' of module 'PS8' is unconnected for instance 'PS8_i' [/home/andre/DenoisingLidar/vivado_projects/project_ddr_new/project_ddr_new.gen/sources_1/bd/design_1/ip/design_1_zynq_ultra_ps_e_0_0_1/hdl/zynq_ultra_ps_e_v3_3_5.v:3865]
WARNING: [Synth 8-7071] port 'PSS_ALTO_CORE_PAD_MGTRXP2IN' of module 'PS8' is unconnected for instance 'PS8_i' [/home/andre/DenoisingLidar/vivado_projects/project_ddr_new/project_ddr_new.gen/sources_1/bd/design_1/ip/design_1_zynq_ultra_ps_e_0_0_1/hdl/zynq_ultra_ps_e_v3_3_5.v:3865]
WARNING: [Synth 8-7071] port 'PSS_ALTO_CORE_PAD_MGTRXP3IN' of module 'PS8' is unconnected for instance 'PS8_i' [/home/andre/DenoisingLidar/vivado_projects/project_ddr_new/project_ddr_new.gen/sources_1/bd/design_1/ip/design_1_zynq_ultra_ps_e_0_0_1/hdl/zynq_ultra_ps_e_v3_3_5.v:3865]
WARNING: [Synth 8-7071] port 'PSS_ALTO_CORE_PAD_PADI' of module 'PS8' is unconnected for instance 'PS8_i' [/home/andre/DenoisingLidar/vivado_projects/project_ddr_new/project_ddr_new.gen/sources_1/bd/design_1/ip/design_1_zynq_ultra_ps_e_0_0_1/hdl/zynq_ultra_ps_e_v3_3_5.v:3865]
WARNING: [Synth 8-7071] port 'PSS_ALTO_CORE_PAD_REFN0IN' of module 'PS8' is unconnected for instance 'PS8_i' [/home/andre/DenoisingLidar/vivado_projects/project_ddr_new/project_ddr_new.gen/sources_1/bd/design_1/ip/design_1_zynq_ultra_ps_e_0_0_1/hdl/zynq_ultra_ps_e_v3_3_5.v:3865]
WARNING: [Synth 8-7071] port 'PSS_ALTO_CORE_PAD_REFN1IN' of module 'PS8' is unconnected for instance 'PS8_i' [/home/andre/DenoisingLidar/vivado_projects/project_ddr_new/project_ddr_new.gen/sources_1/bd/design_1/ip/design_1_zynq_ultra_ps_e_0_0_1/hdl/zynq_ultra_ps_e_v3_3_5.v:3865]
WARNING: [Synth 8-7071] port 'PSS_ALTO_CORE_PAD_REFN2IN' of module 'PS8' is unconnected for instance 'PS8_i' [/home/andre/DenoisingLidar/vivado_projects/project_ddr_new/project_ddr_new.gen/sources_1/bd/design_1/ip/design_1_zynq_ultra_ps_e_0_0_1/hdl/zynq_ultra_ps_e_v3_3_5.v:3865]
WARNING: [Synth 8-7071] port 'PSS_ALTO_CORE_PAD_REFN3IN' of module 'PS8' is unconnected for instance 'PS8_i' [/home/andre/DenoisingLidar/vivado_projects/project_ddr_new/project_ddr_new.gen/sources_1/bd/design_1/ip/design_1_zynq_ultra_ps_e_0_0_1/hdl/zynq_ultra_ps_e_v3_3_5.v:3865]
WARNING: [Synth 8-7071] port 'PSS_ALTO_CORE_PAD_REFP0IN' of module 'PS8' is unconnected for instance 'PS8_i' [/home/andre/DenoisingLidar/vivado_projects/project_ddr_new/project_ddr_new.gen/sources_1/bd/design_1/ip/design_1_zynq_ultra_ps_e_0_0_1/hdl/zynq_ultra_ps_e_v3_3_5.v:3865]
WARNING: [Synth 8-7071] port 'PSS_ALTO_CORE_PAD_REFP1IN' of module 'PS8' is unconnected for instance 'PS8_i' [/home/andre/DenoisingLidar/vivado_projects/project_ddr_new/project_ddr_new.gen/sources_1/bd/design_1/ip/design_1_zynq_ultra_ps_e_0_0_1/hdl/zynq_ultra_ps_e_v3_3_5.v:3865]
WARNING: [Synth 8-7071] port 'PSS_ALTO_CORE_PAD_REFP2IN' of module 'PS8' is unconnected for instance 'PS8_i' [/home/andre/DenoisingLidar/vivado_projects/project_ddr_new/project_ddr_new.gen/sources_1/bd/design_1/ip/design_1_zynq_ultra_ps_e_0_0_1/hdl/zynq_ultra_ps_e_v3_3_5.v:3865]
WARNING: [Synth 8-7071] port 'PSS_ALTO_CORE_PAD_REFP3IN' of module 'PS8' is unconnected for instance 'PS8_i' [/home/andre/DenoisingLidar/vivado_projects/project_ddr_new/project_ddr_new.gen/sources_1/bd/design_1/ip/design_1_zynq_ultra_ps_e_0_0_1/hdl/zynq_ultra_ps_e_v3_3_5.v:3865]
WARNING: [Synth 8-7023] instance 'PS8_i' of module 'PS8' has 1015 connections declared, but only 957 given [/home/andre/DenoisingLidar/vivado_projects/project_ddr_new/project_ddr_new.gen/sources_1/bd/design_1/ip/design_1_zynq_ultra_ps_e_0_0_1/hdl/zynq_ultra_ps_e_v3_3_5.v:3865]
INFO: [Synth 8-6155] done synthesizing module 'zynq_ultra_ps_e_v3_3_5_zynq_ultra_ps_e' (3#1) [/home/andre/DenoisingLidar/vivado_projects/project_ddr_new/project_ddr_new.gen/sources_1/bd/design_1/ip/design_1_zynq_ultra_ps_e_0_0_1/hdl/zynq_ultra_ps_e_v3_3_5.v:311]
WARNING: [Synth 8-7071] port 'emio_enet0_signal_detect' of module 'zynq_ultra_ps_e_v3_3_5_zynq_ultra_ps_e' is unconnected for instance 'inst' [/home/andre/DenoisingLidar/vivado_projects/project_ddr_new/project_ddr_new.gen/sources_1/bd/design_1/ip/design_1_zynq_ultra_ps_e_0_0_1/synth/design_1_zynq_ultra_ps_e_0_0.v:482]
WARNING: [Synth 8-7071] port 'emio_enet1_signal_detect' of module 'zynq_ultra_ps_e_v3_3_5_zynq_ultra_ps_e' is unconnected for instance 'inst' [/home/andre/DenoisingLidar/vivado_projects/project_ddr_new/project_ddr_new.gen/sources_1/bd/design_1/ip/design_1_zynq_ultra_ps_e_0_0_1/synth/design_1_zynq_ultra_ps_e_0_0.v:482]
WARNING: [Synth 8-7071] port 'emio_enet2_signal_detect' of module 'zynq_ultra_ps_e_v3_3_5_zynq_ultra_ps_e' is unconnected for instance 'inst' [/home/andre/DenoisingLidar/vivado_projects/project_ddr_new/project_ddr_new.gen/sources_1/bd/design_1/ip/design_1_zynq_ultra_ps_e_0_0_1/synth/design_1_zynq_ultra_ps_e_0_0.v:482]
WARNING: [Synth 8-7071] port 'emio_enet3_signal_detect' of module 'zynq_ultra_ps_e_v3_3_5_zynq_ultra_ps_e' is unconnected for instance 'inst' [/home/andre/DenoisingLidar/vivado_projects/project_ddr_new/project_ddr_new.gen/sources_1/bd/design_1/ip/design_1_zynq_ultra_ps_e_0_0_1/synth/design_1_zynq_ultra_ps_e_0_0.v:482]
WARNING: [Synth 8-7023] instance 'inst' of module 'zynq_ultra_ps_e_v3_3_5_zynq_ultra_ps_e' has 1491 connections declared, but only 1487 given [/home/andre/DenoisingLidar/vivado_projects/project_ddr_new/project_ddr_new.gen/sources_1/bd/design_1/ip/design_1_zynq_ultra_ps_e_0_0_1/synth/design_1_zynq_ultra_ps_e_0_0.v:482]
INFO: [Synth 8-6155] done synthesizing module 'design_1_zynq_ultra_ps_e_0_0' (4#1) [/home/andre/DenoisingLidar/vivado_projects/project_ddr_new/project_ddr_new.gen/sources_1/bd/design_1/ip/design_1_zynq_ultra_ps_e_0_0_1/synth/design_1_zynq_ultra_ps_e_0_0.v:59]
---------------------------------------------------------------------------------
Finished RTL Elaboration : Time (s): cpu = 00:00:05 ; elapsed = 00:00:37 . Memory (MB): peak = 2813.070 ; gain = 99.656 ; free physical = 1403 ; free virtual = 14551
---------------------------------------------------------------------------------
---------------------------------------------------------------------------------
Start Handling Custom Attributes
---------------------------------------------------------------------------------
---------------------------------------------------------------------------------
Finished Handling Custom Attributes : Time (s): cpu = 00:00:05 ; elapsed = 00:00:43 . Memory (MB): peak = 2830.883 ; gain = 117.469 ; free physical = 142 ; free virtual = 13183
---------------------------------------------------------------------------------
---------------------------------------------------------------------------------
Finished RTL Optimization Phase 1 : Time (s): cpu = 00:00:05 ; elapsed = 00:00:43 . Memory (MB): peak = 2830.883 ; gain = 117.469 ; free physical = 142 ; free virtual = 13183
---------------------------------------------------------------------------------
Netlist sorting complete. Time (s): cpu = 00:00:00.02 ; elapsed = 00:00:00.03 . Memory (MB): peak = 2841.789 ; gain = 0.000 ; free physical = 129 ; free virtual = 12243
INFO: [Project 1-570] Preparing netlist for logic optimization

Processing XDC Constraints
Initializing timing engine
Parsing XDC File [/home/andre/DenoisingLidar/vivado_projects/project_ddr_new/project_ddr_new.gen/sources_1/bd/design_1/ip/design_1_zynq_ultra_ps_e_0_0_1/design_1_zynq_ultra_ps_e_0_0_ooc.xdc] for cell 'inst'
Finished Parsing XDC File [/home/andre/DenoisingLidar/vivado_projects/project_ddr_new/project_ddr_new.gen/sources_1/bd/design_1/ip/design_1_zynq_ultra_ps_e_0_0_1/design_1_zynq_ultra_ps_e_0_0_ooc.xdc] for cell 'inst'
Parsing XDC File [/home/andre/DenoisingLidar/vivado_projects/project_ddr_new/project_ddr_new.gen/sources_1/bd/design_1/ip/design_1_zynq_ultra_ps_e_0_0_1/design_1_zynq_ultra_ps_e_0_0.xdc] for cell 'inst'
create_clock: Time (s): cpu = 00:00:03 ; elapsed = 00:00:44 . Memory (MB): peak = 2934.570 ; gain = 0.000 ; free physical = 6796 ; free virtual = 13155
Finished Parsing XDC File [/home/andre/DenoisingLidar/vivado_projects/project_ddr_new/project_ddr_new.gen/sources_1/bd/design_1/ip/design_1_zynq_ultra_ps_e_0_0_1/design_1_zynq_ultra_ps_e_0_0.xdc] for cell 'inst'
Parsing XDC File [/home/andre/DenoisingLidar/vivado_projects/project_ddr_new/project_ddr_new.runs/design_1_zynq_ultra_ps_e_0_0_synth_1/dont_touch.xdc]
Finished Parsing XDC File [/home/andre/DenoisingLidar/vivado_projects/project_ddr_new/project_ddr_new.runs/design_1_zynq_ultra_ps_e_0_0_synth_1/dont_touch.xdc]
Completed Processing XDC Constraints

Netlist sorting complete. Time (s): cpu = 00:00:00 ; elapsed = 00:00:00 . Memory (MB): peak = 2934.570 ; gain = 0.000 ; free physical = 6462 ; free virtual = 12886
INFO: [Project 1-111] Unisim Transformation Summary:
No Unisim elements were transformed.

Constraint Validation Runtime : Time (s): cpu = 00:00:00.06 ; elapsed = 00:00:00.17 . Memory (MB): peak = 2934.570 ; gain = 0.000 ; free physical = 6404 ; free virtual = 12862
---------------------------------------------------------------------------------
Finished Constraint Validation : Time (s): cpu = 00:00:14 ; elapsed = 00:02:23 . Memory (MB): peak = 2934.570 ; gain = 221.156 ; free physical = 7009 ; free virtual = 14372
---------------------------------------------------------------------------------
---------------------------------------------------------------------------------
Start Loading Part and Timing Information
---------------------------------------------------------------------------------
Loading part: xczu7ev-ffvc1156-2-e
INFO: [Synth 8-6742] Reading net delay rules and data
---------------------------------------------------------------------------------
Finished Loading Part and Timing Information : Time (s): cpu = 00:00:14 ; elapsed = 00:02:23 . Memory (MB): peak = 2934.570 ; gain = 221.156 ; free physical = 7004 ; free virtual = 14372
---------------------------------------------------------------------------------
---------------------------------------------------------------------------------
Start Applying 'set_property' XDC Constraints
---------------------------------------------------------------------------------
Applied set_property DONT_TOUCH = true for inst/PS8_i. (constraint file  /home/andre/DenoisingLidar/vivado_projects/project_ddr_new/project_ddr_new.gen/sources_1/bd/design_1/ip/design_1_zynq_ultra_ps_e_0_0_1/design_1_zynq_ultra_ps_e_0_0.xdc, line 25).
Applied set_property KEEP_HIERARCHY = SOFT for inst. (constraint file  /home/andre/DenoisingLidar/vivado_projects/project_ddr_new/project_ddr_new.runs/design_1_zynq_ultra_ps_e_0_0_synth_1/dont_touch.xdc, line 9).
---------------------------------------------------------------------------------
Finished applying 'set_property' XDC Constraints : Time (s): cpu = 00:00:14 ; elapsed = 00:02:23 . Memory (MB): peak = 2934.570 ; gain = 221.156 ; free physical = 6988 ; free virtual = 14365
---------------------------------------------------------------------------------
---------------------------------------------------------------------------------
Finished RTL Optimization Phase 2 : Time (s): cpu = 00:00:15 ; elapsed = 00:02:24 . Memory (MB): peak = 2934.570 ; gain = 221.156 ; free physical = 6937 ; free virtual = 14493
---------------------------------------------------------------------------------
---------------------------------------------------------------------------------
Start RTL Component Statistics 
---------------------------------------------------------------------------------
Detailed RTL Component Info : 
+---Registers : 
	                1 Bit    Registers := 1     
---------------------------------------------------------------------------------
Finished RTL Component Statistics 
---------------------------------------------------------------------------------
---------------------------------------------------------------------------------
Start Part Resource Summary
---------------------------------------------------------------------------------
Part Resources:
DSPs: 1728 (col length:144)
BRAMs: 624 (col length: RAMB18 144 RAMB36 72)
---------------------------------------------------------------------------------
Finished Part Resource Summary
---------------------------------------------------------------------------------
---------------------------------------------------------------------------------
Start Cross Boundary and Area Optimization
---------------------------------------------------------------------------------
---------------------------------------------------------------------------------
Finished Cross Boundary and Area Optimization : Time (s): cpu = 00:00:16 ; elapsed = 00:02:25 . Memory (MB): peak = 2934.570 ; gain = 221.156 ; free physical = 6797 ; free virtual = 14581
---------------------------------------------------------------------------------
---------------------------------------------------------------------------------
Start Applying XDC Timing Constraints
---------------------------------------------------------------------------------
---------------------------------------------------------------------------------
Finished Applying XDC Timing Constraints : Time (s): cpu = 00:00:27 ; elapsed = 00:02:40 . Memory (MB): peak = 4485.148 ; gain = 1771.734 ; free physical = 3244 ; free virtual = 12177
---------------------------------------------------------------------------------
---------------------------------------------------------------------------------
Start Timing Optimization
---------------------------------------------------------------------------------
---------------------------------------------------------------------------------
Finished Timing Optimization : Time (s): cpu = 00:00:27 ; elapsed = 00:02:40 . Memory (MB): peak = 4511.156 ; gain = 1797.742 ; free physical = 3204 ; free virtual = 12144
---------------------------------------------------------------------------------
---------------------------------------------------------------------------------
Start Technology Mapping
---------------------------------------------------------------------------------
---------------------------------------------------------------------------------
Finished Technology Mapping : Time (s): cpu = 00:00:28 ; elapsed = 00:02:41 . Memory (MB): peak = 4527.172 ; gain = 1813.758 ; free physical = 3130 ; free virtual = 12070
---------------------------------------------------------------------------------
---------------------------------------------------------------------------------
Start IO Insertion
---------------------------------------------------------------------------------
---------------------------------------------------------------------------------
Start Flattening Before IO Insertion
---------------------------------------------------------------------------------
---------------------------------------------------------------------------------
Finished Flattening Before IO Insertion
---------------------------------------------------------------------------------
---------------------------------------------------------------------------------
Start Final Netlist Cleanup
---------------------------------------------------------------------------------
---------------------------------------------------------------------------------
Finished Final Netlist Cleanup
---------------------------------------------------------------------------------
INFO: [Synth 8-3295] tying undriven pin trace_ctl_pipe[0]_inferred:in0 to constant 0
INFO: [Synth 8-3295] tying undriven pin trace_data_pipe[0]_inferred:in0[31] to constant 0
INFO: [Synth 8-3295] tying undriven pin trace_data_pipe[0]_inferred:in0[30] to constant 0
INFO: [Synth 8-3295] tying undriven pin trace_data_pipe[0]_inferred:in0[29] to constant 0
INFO: [Synth 8-3295] tying undriven pin trace_data_pipe[0]_inferred:in0[28] to constant 0
INFO: [Synth 8-3295] tying undriven pin trace_data_pipe[0]_inferred:in0[27] to constant 0
INFO: [Synth 8-3295] tying undriven pin trace_data_pipe[0]_inferred:in0[26] to constant 0
INFO: [Synth 8-3295] tying undriven pin trace_data_pipe[0]_inferred:in0[25] to constant 0
INFO: [Synth 8-3295] tying undriven pin trace_data_pipe[0]_inferred:in0[24] to constant 0
INFO: [Synth 8-3295] tying undriven pin trace_data_pipe[0]_inferred:in0[23] to constant 0
INFO: [Synth 8-3295] tying undriven pin trace_data_pipe[0]_inferred:in0[22] to constant 0
INFO: [Synth 8-3295] tying undriven pin trace_data_pipe[0]_inferred:in0[21] to constant 0
INFO: [Synth 8-3295] tying undriven pin trace_data_pipe[0]_inferred:in0[20] to constant 0
INFO: [Synth 8-3295] tying undriven pin trace_data_pipe[0]_inferred:in0[19] to constant 0
INFO: [Synth 8-3295] tying undriven pin trace_data_pipe[0]_inferred:in0[18] to constant 0
INFO: [Synth 8-3295] tying undriven pin trace_data_pipe[0]_inferred:in0[17] to constant 0
INFO: [Synth 8-3295] tying undriven pin trace_data_pipe[0]_inferred:in0[16] to constant 0
INFO: [Synth 8-3295] tying undriven pin trace_data_pipe[0]_inferred:in0[15] to constant 0
INFO: [Synth 8-3295] tying undriven pin trace_data_pipe[0]_inferred:in0[14] to constant 0
INFO: [Synth 8-3295] tying undriven pin trace_data_pipe[0]_inferred:in0[13] to constant 0
INFO: [Synth 8-3295] tying undriven pin trace_data_pipe[0]_inferred:in0[12] to constant 0
INFO: [Synth 8-3295] tying undriven pin trace_data_pipe[0]_inferred:in0[11] to constant 0
INFO: [Synth 8-3295] tying undriven pin trace_data_pipe[0]_inferred:in0[10] to constant 0
INFO: [Synth 8-3295] tying undriven pin trace_data_pipe[0]_inferred:in0[9] to constant 0
INFO: [Synth 8-3295] tying undriven pin trace_data_pipe[0]_inferred:in0[8] to constant 0
INFO: [Synth 8-3295] tying undriven pin trace_data_pipe[0]_inferred:in0[7] to constant 0
INFO: [Synth 8-3295] tying undriven pin trace_data_pipe[0]_inferred:in0[6] to constant 0
INFO: [Synth 8-3295] tying undriven pin trace_data_pipe[0]_inferred:in0[5] to constant 0
INFO: [Synth 8-3295] tying undriven pin trace_data_pipe[0]_inferred:in0[4] to constant 0
INFO: [Synth 8-3295] tying undriven pin trace_data_pipe[0]_inferred:in0[3] to constant 0
INFO: [Synth 8-3295] tying undriven pin trace_data_pipe[0]_inferred:in0[2] to constant 0
INFO: [Synth 8-3295] tying undriven pin trace_data_pipe[0]_inferred:in0[1] to constant 0
INFO: [Synth 8-3295] tying undriven pin trace_data_pipe[0]_inferred:in0[0] to constant 0
INFO: [Synth 8-3295] tying undriven pin trace_ctl_pipe[7]_inferred:in0 to constant 0
INFO: [Synth 8-3295] tying undriven pin trace_ctl_pipe[6]_inferred:in0 to constant 0
INFO: [Synth 8-3295] tying undriven pin trace_ctl_pipe[5]_inferred:in0 to constant 0
INFO: [Synth 8-3295] tying undriven pin trace_ctl_pipe[4]_inferred:in0 to constant 0
INFO: [Synth 8-3295] tying undriven pin trace_ctl_pipe[3]_inferred:in0 to constant 0
INFO: [Synth 8-3295] tying undriven pin trace_ctl_pipe[2]_inferred:in0 to constant 0
INFO: [Synth 8-3295] tying undriven pin trace_ctl_pipe[1]_inferred:in0 to constant 0
INFO: [Synth 8-3295] tying undriven pin trace_data_pipe[7]_inferred:in0[31] to constant 0
INFO: [Synth 8-3295] tying undriven pin trace_data_pipe[7]_inferred:in0[30] to constant 0
INFO: [Synth 8-3295] tying undriven pin trace_data_pipe[7]_inferred:in0[29] to constant 0
INFO: [Synth 8-3295] tying undriven pin trace_data_pipe[7]_inferred:in0[28] to constant 0
INFO: [Synth 8-3295] tying undriven pin trace_data_pipe[7]_inferred:in0[27] to constant 0
INFO: [Synth 8-3295] tying undriven pin trace_data_pipe[7]_inferred:in0[26] to constant 0
INFO: [Synth 8-3295] tying undriven pin trace_data_pipe[7]_inferred:in0[25] to constant 0
INFO: [Synth 8-3295] tying undriven pin trace_data_pipe[7]_inferred:in0[24] to constant 0
INFO: [Synth 8-3295] tying undriven pin trace_data_pipe[7]_inferred:in0[23] to constant 0
INFO: [Synth 8-3295] tying undriven pin trace_data_pipe[7]_inferred:in0[22] to constant 0
INFO: [Synth 8-3295] tying undriven pin trace_data_pipe[7]_inferred:in0[21] to constant 0
INFO: [Synth 8-3295] tying undriven pin trace_data_pipe[7]_inferred:in0[20] to constant 0
INFO: [Synth 8-3295] tying undriven pin trace_data_pipe[7]_inferred:in0[19] to constant 0
INFO: [Synth 8-3295] tying undriven pin trace_data_pipe[7]_inferred:in0[18] to constant 0
INFO: [Synth 8-3295] tying undriven pin trace_data_pipe[7]_inferred:in0[17] to constant 0
INFO: [Synth 8-3295] tying undriven pin trace_data_pipe[7]_inferred:in0[16] to constant 0
INFO: [Synth 8-3295] tying undriven pin trace_data_pipe[7]_inferred:in0[15] to constant 0
INFO: [Synth 8-3295] tying undriven pin trace_data_pipe[7]_inferred:in0[14] to constant 0
INFO: [Synth 8-3295] tying undriven pin trace_data_pipe[7]_inferred:in0[13] to constant 0
INFO: [Synth 8-3295] tying undriven pin trace_data_pipe[7]_inferred:in0[12] to constant 0
INFO: [Synth 8-3295] tying undriven pin trace_data_pipe[7]_inferred:in0[11] to constant 0
INFO: [Synth 8-3295] tying undriven pin trace_data_pipe[7]_inferred:in0[10] to constant 0
INFO: [Synth 8-3295] tying undriven pin trace_data_pipe[7]_inferred:in0[9] to constant 0
INFO: [Synth 8-3295] tying undriven pin trace_data_pipe[7]_inferred:in0[8] to constant 0
INFO: [Synth 8-3295] tying undriven pin trace_data_pipe[7]_inferred:in0[7] to constant 0
INFO: [Synth 8-3295] tying undriven pin trace_data_pipe[7]_inferred:in0[6] to constant 0
INFO: [Synth 8-3295] tying undriven pin trace_data_pipe[7]_inferred:in0[5] to constant 0
INFO: [Synth 8-3295] tying undriven pin trace_data_pipe[7]_inferred:in0[4] to constant 0
INFO: [Synth 8-3295] tying undriven pin trace_data_pipe[7]_inferred:in0[3] to constant 0
INFO: [Synth 8-3295] tying undriven pin trace_data_pipe[7]_inferred:in0[2] to constant 0
INFO: [Synth 8-3295] tying undriven pin trace_data_pipe[7]_inferred:in0[1] to constant 0
INFO: [Synth 8-3295] tying undriven pin trace_data_pipe[7]_inferred:in0[0] to constant 0
INFO: [Synth 8-3295] tying undriven pin trace_data_pipe[6]_inferred:in0[31] to constant 0
INFO: [Synth 8-3295] tying undriven pin trace_data_pipe[6]_inferred:in0[30] to constant 0
INFO: [Synth 8-3295] tying undriven pin trace_data_pipe[6]_inferred:in0[29] to constant 0
INFO: [Synth 8-3295] tying undriven pin trace_data_pipe[6]_inferred:in0[28] to constant 0
INFO: [Synth 8-3295] tying undriven pin trace_data_pipe[6]_inferred:in0[27] to constant 0
INFO: [Synth 8-3295] tying undriven pin trace_data_pipe[6]_inferred:in0[26] to constant 0
INFO: [Synth 8-3295] tying undriven pin trace_data_pipe[6]_inferred:in0[25] to constant 0
INFO: [Synth 8-3295] tying undriven pin trace_data_pipe[6]_inferred:in0[24] to constant 0
INFO: [Synth 8-3295] tying undriven pin trace_data_pipe[6]_inferred:in0[23] to constant 0
INFO: [Synth 8-3295] tying undriven pin trace_data_pipe[6]_inferred:in0[22] to constant 0
INFO: [Synth 8-3295] tying undriven pin trace_data_pipe[6]_inferred:in0[21] to constant 0
INFO: [Synth 8-3295] tying undriven pin trace_data_pipe[6]_inferred:in0[20] to constant 0
INFO: [Synth 8-3295] tying undriven pin trace_data_pipe[6]_inferred:in0[19] to constant 0
INFO: [Synth 8-3295] tying undriven pin trace_data_pipe[6]_inferred:in0[18] to constant 0
INFO: [Synth 8-3295] tying undriven pin trace_data_pipe[6]_inferred:in0[17] to constant 0
INFO: [Synth 8-3295] tying undriven pin trace_data_pipe[6]_inferred:in0[16] to constant 0
INFO: [Synth 8-3295] tying undriven pin trace_data_pipe[6]_inferred:in0[15] to constant 0
INFO: [Synth 8-3295] tying undriven pin trace_data_pipe[6]_inferred:in0[14] to constant 0
INFO: [Synth 8-3295] tying undriven pin trace_data_pipe[6]_inferred:in0[13] to constant 0
INFO: [Synth 8-3295] tying undriven pin trace_data_pipe[6]_inferred:in0[12] to constant 0
INFO: [Synth 8-3295] tying undriven pin trace_data_pipe[6]_inferred:in0[11] to constant 0
INFO: [Synth 8-3295] tying undriven pin trace_data_pipe[6]_inferred:in0[10] to constant 0
INFO: [Synth 8-3295] tying undriven pin trace_data_pipe[6]_inferred:in0[9] to constant 0
INFO: [Synth 8-3295] tying undriven pin trace_data_pipe[6]_inferred:in0[8] to constant 0
INFO: [Synth 8-3295] tying undriven pin trace_data_pipe[6]_inferred:in0[7] to constant 0
INFO: [Synth 8-3295] tying undriven pin trace_data_pipe[6]_inferred:in0[6] to constant 0
INFO: [Synth 8-3295] tying undriven pin trace_data_pipe[6]_inferred:in0[5] to constant 0
INFO: [Synth 8-3295] tying undriven pin trace_data_pipe[6]_inferred:in0[4] to constant 0
INFO: [Common 17-14] Message 'Synth 8-3295' appears 100 times and further instances of the messages will be disabled. Use the Tcl command set_msg_config to change the current settings.
---------------------------------------------------------------------------------
Finished IO Insertion : Time (s): cpu = 00:00:32 ; elapsed = 00:02:45 . Memory (MB): peak = 4530.141 ; gain = 1816.727 ; free physical = 2606 ; free virtual = 11680
---------------------------------------------------------------------------------
---------------------------------------------------------------------------------
Start Renaming Generated Instances
---------------------------------------------------------------------------------
---------------------------------------------------------------------------------
Finished Renaming Generated Instances : Time (s): cpu = 00:00:32 ; elapsed = 00:02:45 . Memory (MB): peak = 4530.141 ; gain = 1816.727 ; free physical = 2605 ; free virtual = 11679
---------------------------------------------------------------------------------
---------------------------------------------------------------------------------
Start Rebuilding User Hierarchy
---------------------------------------------------------------------------------
---------------------------------------------------------------------------------
Finished Rebuilding User Hierarchy : Time (s): cpu = 00:00:32 ; elapsed = 00:02:45 . Memory (MB): peak = 4530.141 ; gain = 1816.727 ; free physical = 2609 ; free virtual = 11685
---------------------------------------------------------------------------------
---------------------------------------------------------------------------------
Start Renaming Generated Ports
---------------------------------------------------------------------------------
---------------------------------------------------------------------------------
Finished Renaming Generated Ports : Time (s): cpu = 00:00:32 ; elapsed = 00:02:45 . Memory (MB): peak = 4530.141 ; gain = 1816.727 ; free physical = 2609 ; free virtual = 11683
---------------------------------------------------------------------------------
---------------------------------------------------------------------------------
Start Handling Custom Attributes
---------------------------------------------------------------------------------
---------------------------------------------------------------------------------
Finished Handling Custom Attributes : Time (s): cpu = 00:00:32 ; elapsed = 00:02:45 . Memory (MB): peak = 4530.141 ; gain = 1816.727 ; free physical = 2612 ; free virtual = 11685
---------------------------------------------------------------------------------
---------------------------------------------------------------------------------
Start Renaming Generated Nets
---------------------------------------------------------------------------------
---------------------------------------------------------------------------------
Finished Renaming Generated Nets : Time (s): cpu = 00:00:32 ; elapsed = 00:02:45 . Memory (MB): peak = 4530.141 ; gain = 1816.727 ; free physical = 2627 ; free virtual = 11700
---------------------------------------------------------------------------------
---------------------------------------------------------------------------------
Start Writing Synthesis Report
---------------------------------------------------------------------------------

Report BlackBoxes: 
+-+--------------+----------+
| |BlackBox name |Instances |
+-+--------------+----------+
+-+--------------+----------+

Report Cell Usage: 
+------+--------+------+
|      |Cell    |Count |
+------+--------+------+
|1     |BUFG_PS |     1|
|2     |LUT1    |   264|
|3     |PS8     |     1|
+------+--------+------+
---------------------------------------------------------------------------------
Finished Writing Synthesis Report : Time (s): cpu = 00:00:32 ; elapsed = 00:02:45 . Memory (MB): peak = 4530.141 ; gain = 1816.727 ; free physical = 2624 ; free virtual = 11697
---------------------------------------------------------------------------------
Synthesis finished with 0 errors, 0 critical warnings and 0 warnings.
Synthesis Optimization Runtime : Time (s): cpu = 00:00:26 ; elapsed = 00:01:09 . Memory (MB): peak = 4530.141 ; gain = 1713.039 ; free physical = 2621 ; free virtual = 11699
Synthesis Optimization Complete : Time (s): cpu = 00:00:32 ; elapsed = 00:02:45 . Memory (MB): peak = 4530.148 ; gain = 1816.727 ; free physical = 2621 ; free virtual = 11699
INFO: [Project 1-571] Translating synthesized netlist
Netlist sorting complete. Time (s): cpu = 00:00:00.03 ; elapsed = 00:00:00.03 . Memory (MB): peak = 4530.148 ; gain = 0.000 ; free physical = 2640 ; free virtual = 11725
INFO: [Project 1-570] Preparing netlist for logic optimization
INFO: [Opt 31-138] Pushed 0 inverter(s) to 0 load pin(s).
Netlist sorting complete. Time (s): cpu = 00:00:00 ; elapsed = 00:00:00 . Memory (MB): peak = 4574.766 ; gain = 0.000 ; free physical = 2340 ; free virtual = 11454
INFO: [Project 1-111] Unisim Transformation Summary:
No Unisim elements were transformed.

Synth Design complete, checksum: 8c74e291
INFO: [Common 17-83] Releasing license: Synthesis
122 Infos, 66 Warnings, 0 Critical Warnings and 0 Errors encountered.
synth_design completed successfully
synth_design: Time (s): cpu = 00:00:46 ; elapsed = 00:02:57 . Memory (MB): peak = 4574.766 ; gain = 2145.852 ; free physical = 3493 ; free virtual = 12629
INFO: [Common 17-1381] The checkpoint '/home/andre/DenoisingLidar/vivado_projects/project_ddr_new/project_ddr_new.runs/design_1_zynq_ultra_ps_e_0_0_synth_1/design_1_zynq_ultra_ps_e_0_0.dcp' has been generated.
INFO: [Coretcl 2-1648] Added synthesis output to IP cache for IP design_1_zynq_ultra_ps_e_0_0, cache-ID = f99ee3686269d5db
INFO: [Common 17-1381] The checkpoint '/home/andre/DenoisingLidar/vivado_projects/project_ddr_new/project_ddr_new.runs/design_1_zynq_ultra_ps_e_0_0_synth_1/design_1_zynq_ultra_ps_e_0_0.dcp' has been generated.
INFO: [runtcl-4] Executing : report_utilization -file design_1_zynq_ultra_ps_e_0_0_utilization_synth.rpt -pb design_1_zynq_ultra_ps_e_0_0_utilization_synth.pb
INFO: [Common 17-206] Exiting Vivado at Fri Oct 29 16:39:55 2021...
